
main:     file format elf32-littleriscv
main
architecture: riscv:rv32, flags 0x00000112:
EXEC_P, HAS_SYMS, D_PAGED
start address 0x00000000

Program Header:
    LOAD off    0x00001000 vaddr 0x00000000 paddr 0x00000000 align 2**12
         filesz 0x00001010 memsz 0x00001010 flags r-x
    LOAD off    0x00000000 vaddr 0x00020000 paddr 0x00020000 align 2**12
         filesz 0x00000000 memsz 0x00000008 flags rw-
    LOAD off    0x00003000 vaddr 0x00010000 paddr 0x20000000 align 2**12
         filesz 0x00000174 memsz 0x00000174 flags r-x
    LOAD off    0x00000000 vaddr 0x20400000 paddr 0x20400000 align 2**12
         filesz 0x00000000 memsz 0x00000010 flags rw-
    LOAD off    0x00004008 vaddr 0x00020008 paddr 0x20400010 align 2**12
         filesz 0x00000028 memsz 0x00000028 flags rw-
    LOAD off    0x00005000 vaddr 0x50000000 paddr 0x20400038 align 2**12
         filesz 0x00002a40 memsz 0x00002a40 flags rw-
    LOAD off    0x00008000 vaddr 0x60000000 paddr 0x20402a78 align 2**12
         filesz 0x00000900 memsz 0x00000900 flags rw-
    LOAD off    0x00009000 vaddr 0x72000000 paddr 0x20403378 align 2**12
         filesz 0x00000010 memsz 0x00000010 flags rw-
    LOAD off    0x00009030 vaddr 0x00020030 paddr 0x20403388 align 2**12
         filesz 0x00000000 memsz 0x00001000 flags rw-

Sections:
Idx Name          Size      VMA       LMA       File off  Algn
  0 .text0        00001010  00000000  00000000  00001000  2**2
                  CONTENTS, ALLOC, LOAD, READONLY, CODE
  1 .text1        00000174  00010000  20000000  00003000  2**2
                  CONTENTS, ALLOC, LOAD, READONLY, CODE
  2 _test         00000010  20400000  20400000  00004000  2**0
                  ALLOC
  3 .sbss         00000008  00020000  00020000  00003000  2**2
                  ALLOC
  4 .sdata        00000028  00020008  20400010  00004008  2**2
                  CONTENTS, ALLOC, LOAD, DATA
  5 .in8_dat      00002a40  50000000  20400038  00005000  2**0
                  CONTENTS, ALLOC, LOAD, DATA
  6 .out8_dat     00000900  60000000  20402a78  00008000  2**0
                  CONTENTS, ALLOC, LOAD, DATA
  7 .w2_dat       00000000  70000000  70000000  00009030  2**0
                  CONTENTS
  8 .bias_dat     00000000  71000000  71000000  00009030  2**0
                  CONTENTS
  9 .param_dat    00000010  72000000  20403378  00009000  2**0
                  CONTENTS, ALLOC, LOAD, DATA
 10 .data1        00000000  00020030  20403388  00009030  2**0
                  CONTENTS, ALLOC, LOAD, DATA
 11 .bss          00000000  00020030  20400038  00009030  2**0
                  ALLOC
 12 .stack        00001000  00020030  20403388  00009030  2**0
                  ALLOC
 13 .comment      00000012  00000000  00000000  00009030  2**0
                  CONTENTS, READONLY
 14 .riscv.attributes 00000020  00000000  00000000  00009042  2**0
                  CONTENTS, READONLY
SYMBOL TABLE:
00000000 l    d  .text0	00000000 .text0
00010000 l    d  .text1	00000000 .text1
20400000 l    d  _test	00000000 _test
00020000 l    d  .sbss	00000000 .sbss
00020008 l    d  .sdata	00000000 .sdata
50000000 l    d  .in8_dat	00000000 .in8_dat
60000000 l    d  .out8_dat	00000000 .out8_dat
70000000 l    d  .w2_dat	00000000 .w2_dat
71000000 l    d  .bias_dat	00000000 .bias_dat
72000000 l    d  .param_dat	00000000 .param_dat
00020030 l    d  .data1	00000000 .data1
00020030 l    d  .bss	00000000 .bss
00020030 l    d  .stack	00000000 .stack
00000000 l    d  .comment	00000000 .comment
00000000 l    d  .riscv.attributes	00000000 .riscv.attributes
00000000 l    df *ABS*	00000000 setup.o
00000084 l       .text0	00000000 init_bss
00000108 l       .text0	00000000 fill_block
0000009c l       .text0	00000000 init_sbss
000000b4 l       .text0	00000000 write_stack_pattern
000000cc l       .text0	00000000 init_stack
000000d4 l       .text0	00000000 write_test_pattern
000000ec l       .text0	00000000 SystemInit
000000f4 l       .text0	00000000 SystemExit
00000104 l       .text0	00000000 dead_loop
00000118 l       .text0	00000000 fb_end
00000000 l    df *ABS*	00000000 boot.c
00000000 l    df *ABS*	00000000 main.c
00002a40 g       *ABS*	00000000 _binary_In8_dat_size
72000000 g       .param_dat	00000000 _binary_param_dat_start
00020000 g     O .sbss	00000004 copy_addr
20400038 g       *ABS*	00000000 __in8_data_in_dram_start
20400000 g       _test	00000000 _test_start
20403388 g       *ABS*	00000000 __data_paddr_start
50002a40 g       .in8_dat	00000000 _binary_In8_dat_end
00020020 g     O .sdata	00000004 epu_param_buff_addr
00020004 g     O .sbss	00000004 copy_count
50000000 g       .in8_dat	00000000 _binary_In8_dat_start
60000900 g       .out8_dat	00000000 _binary_Out8_dat_end
00020000 g       .sbss	00000000 __sbss_start
00020808 g       .sdata	00000000 _gp
20400010 g       _test	00000000 _test_end
0002002c g     O .sdata	00000004 epu_w8_u_addr
00010000 g       .text1	00000000 _imem_start
00000010 g       *ABS*	00000000 _TEST_SIZE
20400010 g       *ABS*	00000000 __sdata_paddr_start
00020008 g       .sdata	00000000 __sdata_start
20403378 g       *ABS*	00000000 __w2_data_in_dram_start
00010174 g       .text1	00000000 __rodata_end
0000018c g     F .text0	000000d0 boot
72000010 g       .param_dat	00000000 _binary_param_dat_end
00020030 g       .bss	00000000 __bss_end
20403378 g       *ABS*	00000000 __bias_data_in_dram_start
60000000 g       .out8_dat	00000000 _binary_Out8_dat_start
60000000 g       .out8_dat	00000000 __out8_start
00020008 g       .sbss	00000000 __sbss_end
72000000 g       .param_dat	00000000 __param_start
00000000 g       .text0	00000000 _start
00010174 g       .text1	00000000 __rodata_start
00001000 g       .text0	00000000 dmaisr_entry
00020030 g       .data1	00000000 __data_end
00020014 g     O .sdata	00000004 epu_out_buff_addr
71000000 g       .bias_dat	00000000 __bias_end
50000000 g       .in8_dat	00000000 __in8_start
00020024 g     O .sdata	00000004 epu_ctrl_addr
00000010 g       *ABS*	00000000 _binary_param_dat_size
20000000 g       .text1	00000000 _dram_i_start
00010000 g     F .text1	00000074 cpu_move
71000000 g       .bias_dat	00000000 __bias_start
00000900 g       *ABS*	00000000 _binary_Out8_dat_size
60000900 g       .out8_dat	00000000 __out8_end
00020030 g       .bss	00000000 __bss_start
00001000 g       *ABS*	00000000 _STACK_SIZE
0002fffc g       .stack	00000000 _sim_end
00010074 g     F .text1	00000100 main
50002a40 g       .in8_dat	00000000 __in8_end
20402a78 g       *ABS*	00000000 __out8_data_in_dram_start
00020018 g     O .sdata	00000004 epu_weight_buff_addr
00020030 g       .stack	00000000 _stack_end
00020030 g       .sdata	00000000 __sdata_end
20403378 g       *ABS*	00000000 __param_data_in_dram_start
00020010 g     O .sdata	00000004 epu_in_buff_addr
70000000 g       .w2_dat	00000000 __w2_start
0002000c g     O .sdata	00000004 sensor_addr
20000174 g       .text1	00000000 _dram_i_end
0002001c g     O .sdata	00000004 epu_bias_buff_addr
00020008 g     O .sdata	00000004 sensor_size
00021030 g       .stack	00000000 __stack
70000000 g       .w2_dat	00000000 __w2_end
00030000 g       .stack	00000000 _end
72000010 g       .param_dat	00000000 __param_end
00020028 g     O .sdata	00000004 epu_w8_l_addr
0000011c g     F .text0	00000070 dma_move
00021030 g       .stack	00000000 _stack
00020030 g       .data1	00000000 __data_start


Contents of section .text0:
 0000 93000000 13010000 93010000 13020000  ................
 0010 93020000 13030000 93030000 13040000  ................
 0020 93040000 13050000 93050000 13060000  ................
 0030 93060000 13070000 93070000 13080000  ................
 0040 93080000 13090000 93090000 130a0000  ................
 0050 930a0000 130b0000 930b0000 130c0000  ................
 0060 930c0000 130d0000 930d0000 130e0000  ................
 0070 930e0000 130f0000 930f0000 97010200  ................
 0080 9381c178 17050200 1305c5fa 97050200  ...x............
 0090 938505fa 13060000 ef000007 17050200  ................
 00a0 130545f6 97050200 938505f6 13060000  ..E.............
 00b0 ef008005 17050200 1305c5f7 97150200  ................
 00c0 938505f7 13060000 ef000004 17110200  ................
 00d0 130141f6 17054020 1305c5f2 97054020  ..A...@ ......@ 
 00e0 938505f3 13060000 ef000002 ef00000a  ................
 00f0 eff05078 97020300 938282f0 1303f0ff  ..Px............
 0100 23a06200 6f000000 63e8a500 2320c500  #.b.o...c...# ..
 0110 13054500 6ff05fff 67800000 130101fd  ..E.o._.g.......
 0120 23268102 13040103 232ea4fc 232cb4fc  #&......#...#,..
 0130 232ac4fc b7070040 2326f4fe 0327c4fd  #*.....@#&...'..
 0140 8327c4fe 23a0e700 8327c4fe 93874700  .'..#....'....G.
 0150 032784fd 23a0e700 8327c4fe 93878700  .'..#....'......
 0160 032744fd 23a0e700 8327c4fe 9387c700  .'D.#....'......
 0170 13071000 23a0e700 73005010 13000000  ....#...s.P.....
 0180 0324c102 13010103 67800000 130101fe  .$......g.......
 0190 232e1100 232c8100 13040102 73600430  #...#,......s`.0
 01a0 b71f0000 938f0f80 73a04f30 b7070020  ........s.O0... 
 01b0 13874717 b7070020 93870700 b307f740  ..G.... .......@
 01c0 93d72740 2326f4fe 0326c4fe b7070100  ..'@#&...&......
 01d0 93850700 b7070020 13850700 eff01ff4  ....... ........
 01e0 b7070200 13870703 b7070200 93878700  ................
 01f0 b307f740 93d72740 2326f4fe 0326c4fe  ...@..'@#&...&..
 0200 b7070200 93858700 b7074020 13850701  ..........@ ....
 0210 eff0dff0 b7070200 13870703 b7070200  ................
 0220 93870703 b307f740 93d72740 2326f4fe  .......@..'@#&..
 0230 0326c4fe b7070200 93850703 b7374020  .&...........7@ 
 0240 13858738 eff09fed 13000000 8320c101  ...8......... ..
 0250 03248101 13010102 67800000 00000000  .$......g.......
 0260 00000000 00000000 00000000 00000000  ................
 0270 00000000 00000000 00000000 00000000  ................
 0280 00000000 00000000 00000000 00000000  ................
 0290 00000000 00000000 00000000 00000000  ................
 02a0 00000000 00000000 00000000 00000000  ................
 02b0 00000000 00000000 00000000 00000000  ................
 02c0 00000000 00000000 00000000 00000000  ................
 02d0 00000000 00000000 00000000 00000000  ................
 02e0 00000000 00000000 00000000 00000000  ................
 02f0 00000000 00000000 00000000 00000000  ................
 0300 00000000 00000000 00000000 00000000  ................
 0310 00000000 00000000 00000000 00000000  ................
 0320 00000000 00000000 00000000 00000000  ................
 0330 00000000 00000000 00000000 00000000  ................
 0340 00000000 00000000 00000000 00000000  ................
 0350 00000000 00000000 00000000 00000000  ................
 0360 00000000 00000000 00000000 00000000  ................
 0370 00000000 00000000 00000000 00000000  ................
 0380 00000000 00000000 00000000 00000000  ................
 0390 00000000 00000000 00000000 00000000  ................
 03a0 00000000 00000000 00000000 00000000  ................
 03b0 00000000 00000000 00000000 00000000  ................
 03c0 00000000 00000000 00000000 00000000  ................
 03d0 00000000 00000000 00000000 00000000  ................
 03e0 00000000 00000000 00000000 00000000  ................
 03f0 00000000 00000000 00000000 00000000  ................
 0400 00000000 00000000 00000000 00000000  ................
 0410 00000000 00000000 00000000 00000000  ................
 0420 00000000 00000000 00000000 00000000  ................
 0430 00000000 00000000 00000000 00000000  ................
 0440 00000000 00000000 00000000 00000000  ................
 0450 00000000 00000000 00000000 00000000  ................
 0460 00000000 00000000 00000000 00000000  ................
 0470 00000000 00000000 00000000 00000000  ................
 0480 00000000 00000000 00000000 00000000  ................
 0490 00000000 00000000 00000000 00000000  ................
 04a0 00000000 00000000 00000000 00000000  ................
 04b0 00000000 00000000 00000000 00000000  ................
 04c0 00000000 00000000 00000000 00000000  ................
 04d0 00000000 00000000 00000000 00000000  ................
 04e0 00000000 00000000 00000000 00000000  ................
 04f0 00000000 00000000 00000000 00000000  ................
 0500 00000000 00000000 00000000 00000000  ................
 0510 00000000 00000000 00000000 00000000  ................
 0520 00000000 00000000 00000000 00000000  ................
 0530 00000000 00000000 00000000 00000000  ................
 0540 00000000 00000000 00000000 00000000  ................
 0550 00000000 00000000 00000000 00000000  ................
 0560 00000000 00000000 00000000 00000000  ................
 0570 00000000 00000000 00000000 00000000  ................
 0580 00000000 00000000 00000000 00000000  ................
 0590 00000000 00000000 00000000 00000000  ................
 05a0 00000000 00000000 00000000 00000000  ................
 05b0 00000000 00000000 00000000 00000000  ................
 05c0 00000000 00000000 00000000 00000000  ................
 05d0 00000000 00000000 00000000 00000000  ................
 05e0 00000000 00000000 00000000 00000000  ................
 05f0 00000000 00000000 00000000 00000000  ................
 0600 00000000 00000000 00000000 00000000  ................
 0610 00000000 00000000 00000000 00000000  ................
 0620 00000000 00000000 00000000 00000000  ................
 0630 00000000 00000000 00000000 00000000  ................
 0640 00000000 00000000 00000000 00000000  ................
 0650 00000000 00000000 00000000 00000000  ................
 0660 00000000 00000000 00000000 00000000  ................
 0670 00000000 00000000 00000000 00000000  ................
 0680 00000000 00000000 00000000 00000000  ................
 0690 00000000 00000000 00000000 00000000  ................
 06a0 00000000 00000000 00000000 00000000  ................
 06b0 00000000 00000000 00000000 00000000  ................
 06c0 00000000 00000000 00000000 00000000  ................
 06d0 00000000 00000000 00000000 00000000  ................
 06e0 00000000 00000000 00000000 00000000  ................
 06f0 00000000 00000000 00000000 00000000  ................
 0700 00000000 00000000 00000000 00000000  ................
 0710 00000000 00000000 00000000 00000000  ................
 0720 00000000 00000000 00000000 00000000  ................
 0730 00000000 00000000 00000000 00000000  ................
 0740 00000000 00000000 00000000 00000000  ................
 0750 00000000 00000000 00000000 00000000  ................
 0760 00000000 00000000 00000000 00000000  ................
 0770 00000000 00000000 00000000 00000000  ................
 0780 00000000 00000000 00000000 00000000  ................
 0790 00000000 00000000 00000000 00000000  ................
 07a0 00000000 00000000 00000000 00000000  ................
 07b0 00000000 00000000 00000000 00000000  ................
 07c0 00000000 00000000 00000000 00000000  ................
 07d0 00000000 00000000 00000000 00000000  ................
 07e0 00000000 00000000 00000000 00000000  ................
 07f0 00000000 00000000 00000000 00000000  ................
 0800 00000000 00000000 00000000 00000000  ................
 0810 00000000 00000000 00000000 00000000  ................
 0820 00000000 00000000 00000000 00000000  ................
 0830 00000000 00000000 00000000 00000000  ................
 0840 00000000 00000000 00000000 00000000  ................
 0850 00000000 00000000 00000000 00000000  ................
 0860 00000000 00000000 00000000 00000000  ................
 0870 00000000 00000000 00000000 00000000  ................
 0880 00000000 00000000 00000000 00000000  ................
 0890 00000000 00000000 00000000 00000000  ................
 08a0 00000000 00000000 00000000 00000000  ................
 08b0 00000000 00000000 00000000 00000000  ................
 08c0 00000000 00000000 00000000 00000000  ................
 08d0 00000000 00000000 00000000 00000000  ................
 08e0 00000000 00000000 00000000 00000000  ................
 08f0 00000000 00000000 00000000 00000000  ................
 0900 00000000 00000000 00000000 00000000  ................
 0910 00000000 00000000 00000000 00000000  ................
 0920 00000000 00000000 00000000 00000000  ................
 0930 00000000 00000000 00000000 00000000  ................
 0940 00000000 00000000 00000000 00000000  ................
 0950 00000000 00000000 00000000 00000000  ................
 0960 00000000 00000000 00000000 00000000  ................
 0970 00000000 00000000 00000000 00000000  ................
 0980 00000000 00000000 00000000 00000000  ................
 0990 00000000 00000000 00000000 00000000  ................
 09a0 00000000 00000000 00000000 00000000  ................
 09b0 00000000 00000000 00000000 00000000  ................
 09c0 00000000 00000000 00000000 00000000  ................
 09d0 00000000 00000000 00000000 00000000  ................
 09e0 00000000 00000000 00000000 00000000  ................
 09f0 00000000 00000000 00000000 00000000  ................
 0a00 00000000 00000000 00000000 00000000  ................
 0a10 00000000 00000000 00000000 00000000  ................
 0a20 00000000 00000000 00000000 00000000  ................
 0a30 00000000 00000000 00000000 00000000  ................
 0a40 00000000 00000000 00000000 00000000  ................
 0a50 00000000 00000000 00000000 00000000  ................
 0a60 00000000 00000000 00000000 00000000  ................
 0a70 00000000 00000000 00000000 00000000  ................
 0a80 00000000 00000000 00000000 00000000  ................
 0a90 00000000 00000000 00000000 00000000  ................
 0aa0 00000000 00000000 00000000 00000000  ................
 0ab0 00000000 00000000 00000000 00000000  ................
 0ac0 00000000 00000000 00000000 00000000  ................
 0ad0 00000000 00000000 00000000 00000000  ................
 0ae0 00000000 00000000 00000000 00000000  ................
 0af0 00000000 00000000 00000000 00000000  ................
 0b00 00000000 00000000 00000000 00000000  ................
 0b10 00000000 00000000 00000000 00000000  ................
 0b20 00000000 00000000 00000000 00000000  ................
 0b30 00000000 00000000 00000000 00000000  ................
 0b40 00000000 00000000 00000000 00000000  ................
 0b50 00000000 00000000 00000000 00000000  ................
 0b60 00000000 00000000 00000000 00000000  ................
 0b70 00000000 00000000 00000000 00000000  ................
 0b80 00000000 00000000 00000000 00000000  ................
 0b90 00000000 00000000 00000000 00000000  ................
 0ba0 00000000 00000000 00000000 00000000  ................
 0bb0 00000000 00000000 00000000 00000000  ................
 0bc0 00000000 00000000 00000000 00000000  ................
 0bd0 00000000 00000000 00000000 00000000  ................
 0be0 00000000 00000000 00000000 00000000  ................
 0bf0 00000000 00000000 00000000 00000000  ................
 0c00 00000000 00000000 00000000 00000000  ................
 0c10 00000000 00000000 00000000 00000000  ................
 0c20 00000000 00000000 00000000 00000000  ................
 0c30 00000000 00000000 00000000 00000000  ................
 0c40 00000000 00000000 00000000 00000000  ................
 0c50 00000000 00000000 00000000 00000000  ................
 0c60 00000000 00000000 00000000 00000000  ................
 0c70 00000000 00000000 00000000 00000000  ................
 0c80 00000000 00000000 00000000 00000000  ................
 0c90 00000000 00000000 00000000 00000000  ................
 0ca0 00000000 00000000 00000000 00000000  ................
 0cb0 00000000 00000000 00000000 00000000  ................
 0cc0 00000000 00000000 00000000 00000000  ................
 0cd0 00000000 00000000 00000000 00000000  ................
 0ce0 00000000 00000000 00000000 00000000  ................
 0cf0 00000000 00000000 00000000 00000000  ................
 0d00 00000000 00000000 00000000 00000000  ................
 0d10 00000000 00000000 00000000 00000000  ................
 0d20 00000000 00000000 00000000 00000000  ................
 0d30 00000000 00000000 00000000 00000000  ................
 0d40 00000000 00000000 00000000 00000000  ................
 0d50 00000000 00000000 00000000 00000000  ................
 0d60 00000000 00000000 00000000 00000000  ................
 0d70 00000000 00000000 00000000 00000000  ................
 0d80 00000000 00000000 00000000 00000000  ................
 0d90 00000000 00000000 00000000 00000000  ................
 0da0 00000000 00000000 00000000 00000000  ................
 0db0 00000000 00000000 00000000 00000000  ................
 0dc0 00000000 00000000 00000000 00000000  ................
 0dd0 00000000 00000000 00000000 00000000  ................
 0de0 00000000 00000000 00000000 00000000  ................
 0df0 00000000 00000000 00000000 00000000  ................
 0e00 00000000 00000000 00000000 00000000  ................
 0e10 00000000 00000000 00000000 00000000  ................
 0e20 00000000 00000000 00000000 00000000  ................
 0e30 00000000 00000000 00000000 00000000  ................
 0e40 00000000 00000000 00000000 00000000  ................
 0e50 00000000 00000000 00000000 00000000  ................
 0e60 00000000 00000000 00000000 00000000  ................
 0e70 00000000 00000000 00000000 00000000  ................
 0e80 00000000 00000000 00000000 00000000  ................
 0e90 00000000 00000000 00000000 00000000  ................
 0ea0 00000000 00000000 00000000 00000000  ................
 0eb0 00000000 00000000 00000000 00000000  ................
 0ec0 00000000 00000000 00000000 00000000  ................
 0ed0 00000000 00000000 00000000 00000000  ................
 0ee0 00000000 00000000 00000000 00000000  ................
 0ef0 00000000 00000000 00000000 00000000  ................
 0f00 00000000 00000000 00000000 00000000  ................
 0f10 00000000 00000000 00000000 00000000  ................
 0f20 00000000 00000000 00000000 00000000  ................
 0f30 00000000 00000000 00000000 00000000  ................
 0f40 00000000 00000000 00000000 00000000  ................
 0f50 00000000 00000000 00000000 00000000  ................
 0f60 00000000 00000000 00000000 00000000  ................
 0f70 00000000 00000000 00000000 00000000  ................
 0f80 00000000 00000000 00000000 00000000  ................
 0f90 00000000 00000000 00000000 00000000  ................
 0fa0 00000000 00000000 00000000 00000000  ................
 0fb0 00000000 00000000 00000000 00000000  ................
 0fc0 00000000 00000000 00000000 00000000  ................
 0fd0 00000000 00000000 00000000 00000000  ................
 0fe0 00000000 00000000 00000000 00000000  ................
 0ff0 00000000 00000000 00000000 00000000  ................
 1000 13000000 73002030 13000000 13000000  ....s. 0........
Contents of section .text1:
 10000 130101fd 23268102 13040103 232ea4fc  ....#&......#...
 10010 232cb4fc 232ac4fc 232604fe 6f008003  #,..#*..#&..o...
 10020 8327c4fe 93972700 0327c4fd 3307f700  .'....'..'..3...
 10030 8327c4fe 93972700 832684fd b387f600  .'....'..&......
 10040 03270700 23a0e700 8327c4fe 93871700  .'..#....'......
 10050 2326f4fe 0327c4fe 832744fd e342f7fc  #&...'...'D..B..
 10060 13000000 13000000 0324c102 13010103  .........$......
 10070 67800000 130101fe 232e1100 232c8100  g.......#...#,..
 10080 13040102 93074000 2326f4fe b7370050  ......@.#&...7.P
 10090 138707a4 b7070050 93870700 b307f740  .......P.......@
 100a0 93d72740 9387f7ff 2324f4fe 832784fe  ..'@....#$...'..
 100b0 13860700 b7070050 93850700 b7074020  .......P......@ 
 100c0 13858703 ef008f85 b7070072 13870701  ...........r....
 100d0 b7070072 93870700 b307f740 93d72740  ...r.......@..'@
 100e0 9387f7ff 2324f4fe 832784fe 13860700  ....#$...'......
 100f0 b7070072 93850700 b7374020 13858737  ...r.....7@ ...7
 10100 ef00cf81 8327c4fe 93971700 13e71700  .....'..........
 10110 b7070200 83a74702 23a0e700 73005010  ......G.#...s.P.
 10120 b7170060 13870790 b7070060 93870700  ...`.......`....
 10130 b307f740 93d72740 9387f7ff 2324f4fe  ...@..'@....#$..
 10140 832784fe 13860700 b7074020 93850700  .'........@ ....
 10150 b7070060 13850700 eff05efc 93070000  ...`......^.....
 10160 13850700 8320c101 03248101 13010102  ..... ...$......
 10170 67800000                             g...            
Contents of section .sdata:
 20008 40000000 00000010 00000050 00000060  @..........P...`
 20018 00000070 00000071 00000072 00000080  ...p...q...r....
 20028 00000081 00000082                    ........        
Contents of section .in8_dat:
 50000000 00000000 00000000 02000000 00000000  ................
 50000010 00000000 00000000 00000000 00000000  ................
 50000020 00000000 00000000 00000000 00000000  ................
 50000030 00000000 00000000 07000000 00000000  ................
 50000040 00000000 00000000 00000000 00000000  ................
 50000050 00000000 00000000 00000000 00000000  ................
 50000060 00000000 03000000 0f000000 00000000  ................
 50000070 00000000 00000000 00000000 00000000  ................
 50000080 00000000 00000000 00000000 00000000  ................
 50000090 00000000 00000000 00000000 11000000  ................
 500000a0 00000000 00000000 00000000 2e000000  ................
 500000b0 3f000000 04000000 00000000 00000000  ?...............
 500000c0 00000000 00000000 00000000 00000000  ................
 500000d0 0e000000 00000000 00000000 18000000  ................
 500000e0 5d000000 00000000 00000000 00000000  ]...............
 500000f0 00000000 00000000 00000000 00000000  ................
 50000100 00000000 00000000 00000000 00000000  ................
 50000110 5c000000 13000000 00000000 00000000  \...............
 50000120 00000000 00000000 00000000 00000000  ................
 50000130 00000000 00000000 00000000 00000000  ................
 50000140 00000000 27000000 00000000 00000000  ....'...........
 50000150 00000000 00000000 00000000 00000000  ................
 50000160 34000000 00000000 00000000 00000000  4...............
 50000170 00000000 00000000 00000000 00000000  ................
 50000180 00000000 00000000 00000000 00000000  ................
 50000190 00000000 78000000 00000000 00000000  ....x...........
 500001a0 19000000 00000000 00000000 00000000  ................
 500001b0 00000000 00000000 00000000 00000000  ................
 500001c0 00000000 00000000 23000000 00000000  ........#.......
 500001d0 00000000 20000000 00000000 00000000  .... ...........
 500001e0 00000000 00000000 00000000 00000000  ................
 500001f0 07000000 00000000 00000000 00000000  ................
 50000200 00000000 2c000000 0f000000 00000000  ....,...........
 50000210 00000000 00000000 00000000 00000000  ................
 50000220 00000000 00000000 00000000 00000000  ................
 50000230 00000000 00000000 7f000000 0d000000  ................
 50000240 00000000 00000000 00000000 00000000  ................
 50000250 00000000 00000000 00000000 00000000  ................
 50000260 00000000 00000000 7c000000 4c000000  ........|...L...
 50000270 03000000 01000000 00000000 00000000  ................
 50000280 00000000 00000000 00000000 00000000  ................
 50000290 00000000 00000000 5b000000 43000000  ........[...C...
 500002a0 0e000000 2d000000 2c000000 22000000  ....-...,..."...
 500002b0 00000000 00000000 00000000 00000000  ................
 500002c0 00000000 00000000 00000000 00000000  ................
 500002d0 20000000 22000000 2f000000 1a000000   ...".../.......
 500002e0 04000000 00000000 00000000 00000000  ................
 500002f0 00000000 00000000 00000000 00000000  ................
 50000300 00000000 00000000 20000000 1e000000  ........ .......
 50000310 06000000 00000000 00000000 00000000  ................
 50000320 00000000 00000000 00000000 13000000  ................
 50000330 1a000000 00000000 00000000 00000000  ................
 50000340 00000000 00000000 00000000 00000000  ................
 50000350 00000000 00000000 00000000 00000000  ................
 50000360 00000000 00000000 00000000 00000000  ................
 50000370 00000000 00000000 00000000 00000000  ................
 50000380 00000000 00000000 00000000 00000000  ................
 50000390 00000000 00000000 00000000 00000000  ................
 500003a0 00000000 00000000 02000000 00000000  ................
 500003b0 00000000 00000000 00000000 00000000  ................
 500003c0 00000000 00000000 00000000 00000000  ................
 500003d0 00000000 00000000 00000000 08000000  ................
 500003e0 00000000 00000000 00000000 00000000  ................
 500003f0 00000000 00000000 00000000 18000000  ................
 50000400 00000000 00000000 02000000 00000000  ................
 50000410 0e000000 00000000 00000000 69000000  ............i...
 50000420 42000000 7f000000 5f000000 49000000  B......._...I...
 50000430 60000000 15000000 00000000 01000000  `...............
 50000440 00000000 02000000 00000000 00000000  ................
 50000450 00000000 09000000 13000000 02000000  ................
 50000460 15000000 2d000000 09000000 00000000  ....-...........
 50000470 00000000 00000000 00000000 0d000000  ................
 50000480 00000000 00000000 00000000 00000000  ................
 50000490 00000000 00000000 00000000 00000000  ................
 500004a0 00000000 00000000 00000000 00000000  ................
 500004b0 11000000 00000000 00000000 00000000  ................
 500004c0 00000000 00000000 00000000 00000000  ................
 500004d0 00000000 00000000 00000000 00000000  ................
 500004e0 13000000 00000000 00000000 07000000  ................
 500004f0 00000000 00000000 00000000 00000000  ................
 50000500 00000000 00000000 00000000 00000000  ................
 50000510 0f000000 2f000000 0c000000 00000000  ..../...........
 50000520 00000000 00000000 0c000000 0b000000  ................
 50000530 04000000 00000000 00000000 00000000  ................
 50000540 00000000 18000000 0e000000 0d000000  ................
 50000550 02000000 00000000 00000000 00000000  ................
 50000560 00000000 00000000 00000000 00000000  ................
 50000570 00000000 00000000 00000000 0c000000  ................
 50000580 09000000 00000000 00000000 00000000  ................
 50000590 00000000 00000000 00000000 00000000  ................
 500005a0 00000000 00000000 00000000 00000000  ................
 500005b0 18000000 00000000 00000000 00000000  ................
 500005c0 44000000 7f000000 7f000000 7f000000  D...............
 500005d0 7f000000 00000000 00000000 00000000  ................
 500005e0 00000000 00000000 00000000 00000000  ................
 500005f0 22000000 7f000000 4b000000 12000000  ".......K.......
 50000600 10000000 66000000 7f000000 00000000  ....f...........
 50000610 00000000 00000000 00000000 00000000  ................
 50000620 00000000 43000000 04000000 00000000  ....C...........
 50000630 00000000 00000000 00000000 00000000  ................
 50000640 12000000 00000000 00000000 00000000  ................
 50000650 00000000 00000000 00000000 00000000  ................
 50000660 00000000 00000000 00000000 00000000  ................
 50000670 00000000 00000000 00000000 00000000  ................
 50000680 00000000 00000000 00000000 00000000  ................
 50000690 00000000 00000000 00000000 00000000  ................
 500006a0 00000000 00000000 00000000 00000000  ................
 500006b0 00000000 00000000 00000000 00000000  ................
 500006c0 00000000 00000000 39000000 45000000  ........9...E...
 500006d0 22000000 00000000 0b000000 00000000  "...............
 500006e0 00000000 00000000 2f000000 00000000  ......../.......
 500006f0 00000000 4d000000 74000000 7f000000  ....M...t.......
 50000700 7f000000 7f000000 7f000000 41000000  ............A...
 50000710 00000000 00000000 00000000 3f000000  ............?...
 50000720 00000000 00000000 00000000 00000000  ................
 50000730 00000000 00000000 00000000 00000000  ................
 50000740 00000000 00000000 00000000 29000000  ............)...
 50000750 19000000 65000000 00000000 00000000  ....e...........
 50000760 00000000 00000000 00000000 00000000  ................
 50000770 00000000 00000000 00000000 29000000  ............)...
 50000780 3d000000 00000000 4c000000 7f000000  =.......L.......
 50000790 22000000 00000000 00000000 00000000  "...............
 500007a0 00000000 00000000 00000000 66000000  ............f...
 500007b0 4f000000 14000000 11000000 06000000  O...............
 500007c0 52000000 7f000000 7f000000 7f000000  R...............
 500007d0 7f000000 7f000000 7f000000 7f000000  ................
 500007e0 4a000000 0e000000 00000000 00000000  J...............
 500007f0 00000000 00000000 00000000 00000000  ................
 50000800 00000000 00000000 00000000 00000000  ................
 50000810 00000000 00000000 00000000 00000000  ................
 50000820 00000000 00000000 00000000 00000000  ................
 50000830 00000000 00000000 00000000 00000000  ................
 50000840 00000000 00000000 00000000 00000000  ................
 50000850 00000000 00000000 00000000 00000000  ................
 50000860 00000000 00000000 00000000 00000000  ................
 50000870 00000000 00000000 00000000 00000000  ................
 50000880 00000000 00000000 00000000 00000000  ................
 50000890 00000000 0a000000 00000000 00000000  ................
 500008a0 00000000 00000000 00000000 00000000  ................
 500008b0 00000000 00000000 00000000 00000000  ................
 500008c0 00000000 0a000000 00000000 00000000  ................
 500008d0 00000000 00000000 00000000 00000000  ................
 500008e0 00000000 00000000 00000000 00000000  ................
 500008f0 00000000 00000000 13000000 00000000  ................
 50000900 00000000 00000000 00000000 00000000  ................
 50000910 00000000 00000000 00000000 00000000  ................
 50000920 00000000 00000000 00000000 00000000  ................
 50000930 00000000 00000000 00000000 00000000  ................
 50000940 00000000 00000000 02000000 00000000  ................
 50000950 00000000 00000000 00000000 00000000  ................
 50000960 00000000 00000000 00000000 00000000  ................
 50000970 00000000 00000000 00000000 00000000  ................
 50000980 00000000 00000000 00000000 00000000  ................
 50000990 00000000 00000000 00000000 00000000  ................
 500009a0 00000000 00000000 00000000 00000000  ................
 500009b0 00000000 00000000 00000000 00000000  ................
 500009c0 00000000 00000000 00000000 00000000  ................
 500009d0 00000000 00000000 00000000 00000000  ................
 500009e0 00000000 00000000 00000000 00000000  ................
 500009f0 00000000 00000000 00000000 00000000  ................
 50000a00 00000000 00000000 00000000 00000000  ................
 50000a10 00000000 00000000 00000000 00000000  ................
 50000a20 00000000 00000000 00000000 00000000  ................
 50000a30 00000000 00000000 00000000 00000000  ................
 50000a40 00000000 00000000 00000000 00000000  ................
 50000a50 00000000 00000000 00000000 00000000  ................
 50000a60 00000000 00000000 00000000 00000000  ................
 50000a70 00000000 00000000 00000000 0d000000  ................
 50000a80 3f000000 00000000 00000000 00000000  ?...............
 50000a90 00000000 00000000 00000000 00000000  ................
 50000aa0 00000000 00000000 00000000 00000000  ................
 50000ab0 00000000 00000000 00000000 00000000  ................
 50000ac0 00000000 00000000 00000000 00000000  ................
 50000ad0 00000000 0d000000 7f000000 7f000000  ................
 50000ae0 7f000000 54000000 00000000 00000000  ....T...........
 50000af0 00000000 00000000 00000000 00000000  ................
 50000b00 00000000 00000000 07000000 00000000  ................
 50000b10 00000000 00000000 2d000000 28000000  ........-...(...
 50000b20 00000000 00000000 00000000 00000000  ................
 50000b30 00000000 00000000 00000000 00000000  ................
 50000b40 00000000 00000000 00000000 00000000  ................
 50000b50 00000000 00000000 00000000 00000000  ................
 50000b60 00000000 00000000 00000000 00000000  ................
 50000b70 00000000 00000000 00000000 00000000  ................
 50000b80 00000000 00000000 00000000 00000000  ................
 50000b90 00000000 00000000 00000000 00000000  ................
 50000ba0 00000000 00000000 00000000 00000000  ................
 50000bb0 00000000 00000000 00000000 00000000  ................
 50000bc0 00000000 00000000 00000000 00000000  ................
 50000bd0 00000000 00000000 00000000 00000000  ................
 50000be0 2a000000 47000000 45000000 07000000  *...G...E.......
 50000bf0 00000000 00000000 00000000 00000000  ................
 50000c00 00000000 00000000 4f000000 42000000  ........O...B...
 50000c10 58000000 3b000000 3c000000 3b000000  X...;...<...;...
 50000c20 1f000000 00000000 00000000 00000000  ................
 50000c30 00000000 00000000 00000000 00000000  ................
 50000c40 00000000 00000000 00000000 00000000  ................
 50000c50 00000000 00000000 00000000 00000000  ................
 50000c60 00000000 00000000 00000000 00000000  ................
 50000c70 00000000 00000000 00000000 00000000  ................
 50000c80 00000000 00000000 00000000 00000000  ................
 50000c90 00000000 00000000 00000000 00000000  ................
 50000ca0 07000000 00000000 00000000 00000000  ................
 50000cb0 00000000 00000000 00000000 00000000  ................
 50000cc0 00000000 00000000 00000000 00000000  ................
 50000cd0 00000000 00000000 48000000 59000000  ........H...Y...
 50000ce0 4f000000 37000000 44000000 43000000  O...7...D...C...
 50000cf0 00000000 00000000 00000000 00000000  ................
 50000d00 00000000 00000000 00000000 00000000  ................
 50000d10 00000000 45000000 48000000 1b000000  ....E...H.......
 50000d20 00000000 00000000 00000000 00000000  ................
 50000d30 00000000 00000000 00000000 00000000  ................
 50000d40 00000000 00000000 08000000 00000000  ................
 50000d50 00000000 00000000 00000000 00000000  ................
 50000d60 00000000 00000000 00000000 00000000  ................
 50000d70 00000000 22000000 57000000 00000000  ...."...W.......
 50000d80 00000000 00000000 00000000 00000000  ................
 50000d90 00000000 00000000 00000000 00000000  ................
 50000da0 00000000 3b000000 50000000 00000000  ....;...P.......
 50000db0 00000000 00000000 00000000 00000000  ................
 50000dc0 00000000 00000000 00000000 00000000  ................
 50000dd0 00000000 03000000 5a000000 00000000  ........Z.......
 50000de0 00000000 00000000 00000000 00000000  ................
 50000df0 00000000 00000000 00000000 00000000  ................
 50000e00 00000000 00000000 52000000 00000000  ........R.......
 50000e10 00000000 00000000 00000000 00000000  ................
 50000e20 00000000 00000000 32000000 00000000  ........2.......
 50000e30 00000000 00000000 00000000 00000000  ................
 50000e40 00000000 00000000 00000000 0a000000  ................
 50000e50 2b000000 06000000 0a000000 1d000000  +...............
 50000e60 00000000 00000000 00000000 00000000  ................
 50000e70 00000000 00000000 00000000 20000000  ............ ...
 50000e80 23000000 00000000 00000000 00000000  #...............
 50000e90 00000000 00000000 00000000 00000000  ................
 50000ea0 00000000 00000000 00000000 00000000  ................
 50000eb0 00000000 00000000 00000000 00000000  ................
 50000ec0 00000000 00000000 00000000 00000000  ................
 50000ed0 00000000 00000000 00000000 00000000  ................
 50000ee0 00000000 00000000 00000000 00000000  ................
 50000ef0 00000000 00000000 00000000 00000000  ................
 50000f00 22000000 00000000 00000000 00000000  "...............
 50000f10 00000000 00000000 00000000 00000000  ................
 50000f20 00000000 00000000 00000000 00000000  ................
 50000f30 7f000000 00000000 00000000 00000000  ................
 50000f40 00000000 00000000 00000000 00000000  ................
 50000f50 00000000 00000000 00000000 21000000  ............!...
 50000f60 7f000000 00000000 00000000 00000000  ................
 50000f70 00000000 00000000 00000000 00000000  ................
 50000f80 00000000 00000000 00000000 00000000  ................
 50000f90 18000000 00000000 00000000 00000000  ................
 50000fa0 00000000 00000000 00000000 00000000  ................
 50000fb0 00000000 00000000 00000000 00000000  ................
 50000fc0 00000000 00000000 00000000 00000000  ................
 50000fd0 00000000 00000000 36000000 39000000  ........6...9...
 50000fe0 3a000000 38000000 35000000 00000000  :...8...5.......
 50000ff0 00000000 00000000 55000000 7c000000  ........U...|...
 50001000 5d000000 53000000 42000000 35000000  ]...S...B...5...
 50001010 31000000 04000000 00000000 00000000  1...............
 50001020 00000000 00000000 00000000 00000000  ................
 50001030 00000000 28000000 59000000 41000000  ....(...Y...A...
 50001040 27000000 00000000 00000000 00000000  '...............
 50001050 00000000 00000000 00000000 00000000  ................
 50001060 00000000 00000000 00000000 00000000  ................
 50001070 3d000000 1c000000 00000000 00000000  =...............
 50001080 00000000 3d000000 7f000000 7f000000  ....=...........
 50001090 7f000000 7d000000 00000000 00000000  ....}...........
 500010a0 00000000 22000000 00000000 00000000  ...."...........
 500010b0 00000000 41000000 7f000000 7f000000  ....A...........
 500010c0 7c000000 7f000000 7f000000 7f000000  |...............
 500010d0 00000000 00000000 00000000 00000000  ................
 500010e0 00000000 00000000 7f000000 7f000000  ................
 500010f0 00000000 00000000 00000000 00000000  ................
 50001100 00000000 00000000 00000000 00000000  ................
 50001110 00000000 00000000 00000000 2f000000  ............/...
 50001120 00000000 00000000 00000000 00000000  ................
 50001130 00000000 00000000 00000000 00000000  ................
 50001140 00000000 00000000 00000000 00000000  ................
 50001150 00000000 00000000 00000000 00000000  ................
 50001160 00000000 00000000 00000000 00000000  ................
 50001170 00000000 00000000 00000000 00000000  ................
 50001180 00000000 00000000 00000000 00000000  ................
 50001190 00000000 00000000 00000000 00000000  ................
 500011a0 00000000 00000000 00000000 00000000  ................
 500011b0 00000000 00000000 5c000000 7f000000  ........\.......
 500011c0 7f000000 7f000000 7f000000 78000000  ............x...
 500011d0 4a000000 00000000 00000000 00000000  J...............
 500011e0 4c000000 00000000 00000000 00000000  L...............
 500011f0 00000000 7f000000 7f000000 71000000  ............q...
 50001200 11000000 00000000 00000000 00000000  ................
 50001210 71000000 48000000 25000000 00000000  q...H...%.......
 50001220 00000000 00000000 00000000 00000000  ................
 50001230 00000000 00000000 00000000 00000000  ................
 50001240 55000000 7f000000 34000000 52000000  U.......4...R...
 50001250 36000000 00000000 00000000 00000000  6...............
 50001260 00000000 00000000 00000000 00000000  ................
 50001270 7f000000 7f000000 5b000000 00000000  ........[.......
 50001280 00000000 00000000 00000000 00000000  ................
 50001290 00000000 00000000 00000000 00000000  ................
 500012a0 00000000 00000000 00000000 00000000  ................
 500012b0 00000000 00000000 00000000 00000000  ................
 500012c0 00000000 00000000 00000000 00000000  ................
 500012d0 00000000 00000000 00000000 00000000  ................
 500012e0 00000000 00000000 00000000 00000000  ................
 500012f0 00000000 00000000 00000000 00000000  ................
 50001300 00000000 00000000 00000000 00000000  ................
 50001310 00000000 00000000 00000000 00000000  ................
 50001320 00000000 00000000 00000000 00000000  ................
 50001330 00000000 00000000 00000000 00000000  ................
 50001340 00000000 00000000 1b000000 00000000  ................
 50001350 00000000 00000000 00000000 00000000  ................
 50001360 00000000 00000000 00000000 0c000000  ................
 50001370 00000000 00000000 00000000 17000000  ................
 50001380 00000000 00000000 00000000 00000000  ................
 50001390 00000000 00000000 00000000 00000000  ................
 500013a0 00000000 09000000 00000000 00000000  ................
 500013b0 00000000 00000000 00000000 00000000  ................
 500013c0 00000000 00000000 00000000 00000000  ................
 500013d0 00000000 00000000 00000000 00000000  ................
 500013e0 00000000 00000000 00000000 00000000  ................
 500013f0 00000000 00000000 00000000 00000000  ................
 50001400 00000000 00000000 00000000 00000000  ................
 50001410 00000000 00000000 00000000 00000000  ................
 50001420 00000000 00000000 02000000 00000000  ................
 50001430 00000000 00000000 00000000 00000000  ................
 50001440 00000000 00000000 00000000 00000000  ................
 50001450 00000000 00000000 00000000 00000000  ................
 50001460 00000000 00000000 00000000 00000000  ................
 50001470 00000000 00000000 00000000 00000000  ................
 50001480 00000000 16000000 00000000 00000000  ................
 50001490 00000000 00000000 00000000 00000000  ................
 500014a0 00000000 00000000 00000000 00000000  ................
 500014b0 00000000 00000000 04000000 00000000  ................
 500014c0 00000000 00000000 00000000 00000000  ................
 500014d0 00000000 00000000 00000000 00000000  ................
 500014e0 00000000 00000000 00000000 00000000  ................
 500014f0 0c000000 00000000 00000000 00000000  ................
 50001500 00000000 00000000 00000000 00000000  ................
 50001510 00000000 00000000 00000000 00000000  ................
 50001520 00000000 00000000 00000000 00000000  ................
 50001530 00000000 00000000 00000000 00000000  ................
 50001540 00000000 00000000 00000000 00000000  ................
 50001550 00000000 00000000 00000000 00000000  ................
 50001560 00000000 00000000 00000000 00000000  ................
 50001570 00000000 00000000 00000000 00000000  ................
 50001580 00000000 00000000 00000000 00000000  ................
 50001590 00000000 00000000 00000000 00000000  ................
 500015a0 00000000 00000000 00000000 00000000  ................
 500015b0 00000000 00000000 00000000 00000000  ................
 500015c0 00000000 00000000 00000000 00000000  ................
 500015d0 00000000 00000000 00000000 00000000  ................
 500015e0 00000000 00000000 00000000 00000000  ................
 500015f0 00000000 00000000 00000000 00000000  ................
 50001600 00000000 00000000 00000000 00000000  ................
 50001610 00000000 00000000 00000000 00000000  ................
 50001620 00000000 00000000 00000000 00000000  ................
 50001630 00000000 00000000 00000000 00000000  ................
 50001640 00000000 00000000 00000000 00000000  ................
 50001650 00000000 00000000 00000000 00000000  ................
 50001660 00000000 00000000 00000000 00000000  ................
 50001670 00000000 00000000 00000000 00000000  ................
 50001680 00000000 00000000 00000000 00000000  ................
 50001690 00000000 00000000 00000000 00000000  ................
 500016a0 00000000 00000000 00000000 00000000  ................
 500016b0 00000000 00000000 00000000 00000000  ................
 500016c0 00000000 00000000 00000000 00000000  ................
 500016d0 00000000 00000000 00000000 00000000  ................
 500016e0 00000000 00000000 00000000 00000000  ................
 500016f0 00000000 00000000 00000000 00000000  ................
 50001700 00000000 00000000 00000000 00000000  ................
 50001710 00000000 00000000 00000000 00000000  ................
 50001720 00000000 00000000 00000000 00000000  ................
 50001730 00000000 00000000 00000000 00000000  ................
 50001740 00000000 00000000 00000000 00000000  ................
 50001750 00000000 00000000 00000000 00000000  ................
 50001760 00000000 00000000 00000000 00000000  ................
 50001770 00000000 00000000 00000000 00000000  ................
 50001780 00000000 00000000 00000000 00000000  ................
 50001790 00000000 00000000 00000000 00000000  ................
 500017a0 00000000 00000000 00000000 00000000  ................
 500017b0 00000000 00000000 00000000 00000000  ................
 500017c0 00000000 00000000 00000000 00000000  ................
 500017d0 00000000 00000000 00000000 00000000  ................
 500017e0 00000000 00000000 00000000 00000000  ................
 500017f0 00000000 00000000 00000000 00000000  ................
 50001800 00000000 00000000 00000000 00000000  ................
 50001810 00000000 00000000 00000000 00000000  ................
 50001820 00000000 00000000 00000000 00000000  ................
 50001830 00000000 00000000 00000000 00000000  ................
 50001840 00000000 00000000 00000000 00000000  ................
 50001850 00000000 00000000 00000000 00000000  ................
 50001860 00000000 00000000 00000000 00000000  ................
 50001870 00000000 00000000 00000000 00000000  ................
 50001880 00000000 00000000 00000000 00000000  ................
 50001890 00000000 00000000 00000000 00000000  ................
 500018a0 00000000 00000000 00000000 00000000  ................
 500018b0 00000000 00000000 00000000 00000000  ................
 500018c0 00000000 00000000 00000000 00000000  ................
 500018d0 00000000 00000000 00000000 00000000  ................
 500018e0 00000000 00000000 00000000 00000000  ................
 500018f0 00000000 00000000 00000000 00000000  ................
 50001900 00000000 00000000 00000000 00000000  ................
 50001910 00000000 00000000 00000000 00000000  ................
 50001920 00000000 00000000 00000000 00000000  ................
 50001930 00000000 00000000 00000000 00000000  ................
 50001940 00000000 00000000 00000000 00000000  ................
 50001950 00000000 00000000 00000000 00000000  ................
 50001960 00000000 00000000 00000000 00000000  ................
 50001970 00000000 00000000 00000000 00000000  ................
 50001980 00000000 00000000 00000000 00000000  ................
 50001990 00000000 00000000 00000000 00000000  ................
 500019a0 00000000 00000000 00000000 00000000  ................
 500019b0 00000000 00000000 00000000 00000000  ................
 500019c0 00000000 00000000 00000000 00000000  ................
 500019d0 00000000 00000000 00000000 00000000  ................
 500019e0 00000000 00000000 00000000 00000000  ................
 500019f0 00000000 00000000 00000000 00000000  ................
 50001a00 00000000 00000000 00000000 00000000  ................
 50001a10 00000000 00000000 00000000 00000000  ................
 50001a20 00000000 00000000 00000000 00000000  ................
 50001a30 00000000 00000000 00000000 00000000  ................
 50001a40 00000000 00000000 00000000 00000000  ................
 50001a50 00000000 00000000 00000000 00000000  ................
 50001a60 00000000 00000000 00000000 00000000  ................
 50001a70 00000000 00000000 00000000 00000000  ................
 50001a80 00000000 00000000 00000000 00000000  ................
 50001a90 00000000 00000000 00000000 00000000  ................
 50001aa0 00000000 00000000 00000000 00000000  ................
 50001ab0 00000000 00000000 00000000 00000000  ................
 50001ac0 00000000 00000000 00000000 00000000  ................
 50001ad0 00000000 00000000 00000000 00000000  ................
 50001ae0 00000000 00000000 00000000 00000000  ................
 50001af0 00000000 00000000 13000000 00000000  ................
 50001b00 00000000 00000000 00000000 00000000  ................
 50001b10 00000000 00000000 00000000 00000000  ................
 50001b20 00000000 00000000 00000000 00000000  ................
 50001b30 47000000 00000000 00000000 00000000  G...............
 50001b40 00000000 00000000 00000000 00000000  ................
 50001b50 00000000 00000000 00000000 00000000  ................
 50001b60 00000000 00000000 2d000000 00000000  ........-.......
 50001b70 00000000 30000000 00000000 00000000  ....0...........
 50001b80 00000000 00000000 00000000 00000000  ................
 50001b90 00000000 00000000 00000000 68000000  ............h...
 50001ba0 00000000 00000000 1b000000 00000000  ................
 50001bb0 00000000 00000000 00000000 00000000  ................
 50001bc0 00000000 23000000 00000000 00000000  ....#...........
 50001bd0 5b000000 00000000 00000000 01000000  [...............
 50001be0 00000000 00000000 00000000 00000000  ................
 50001bf0 00000000 00000000 10000000 00000000  ................
 50001c00 00000000 40000000 00000000 00000000  ....@...........
 50001c10 00000000 00000000 00000000 00000000  ................
 50001c20 00000000 00000000 00000000 00000000  ................
 50001c30 00000000 00000000 0c000000 00000000  ................
 50001c40 00000000 00000000 1c000000 00000000  ................
 50001c50 00000000 00000000 00000000 00000000  ................
 50001c60 00000000 00000000 00000000 00000000  ................
 50001c70 00000000 00000000 00000000 15000000  ................
 50001c80 00000000 00000000 00000000 00000000  ................
 50001c90 00000000 00000000 00000000 00000000  ................
 50001ca0 00000000 00000000 00000000 00000000  ................
 50001cb0 00000000 00000000 00000000 00000000  ................
 50001cc0 00000000 00000000 00000000 00000000  ................
 50001cd0 00000000 00000000 00000000 00000000  ................
 50001ce0 00000000 00000000 00000000 00000000  ................
 50001cf0 00000000 00000000 00000000 00000000  ................
 50001d00 00000000 00000000 00000000 00000000  ................
 50001d10 00000000 00000000 00000000 00000000  ................
 50001d20 00000000 00000000 00000000 00000000  ................
 50001d30 00000000 00000000 00000000 00000000  ................
 50001d40 00000000 00000000 00000000 00000000  ................
 50001d50 00000000 00000000 00000000 00000000  ................
 50001d60 00000000 00000000 00000000 00000000  ................
 50001d70 00000000 00000000 00000000 00000000  ................
 50001d80 00000000 00000000 00000000 00000000  ................
 50001d90 00000000 00000000 00000000 00000000  ................
 50001da0 00000000 00000000 00000000 00000000  ................
 50001db0 00000000 00000000 00000000 00000000  ................
 50001dc0 2b000000 3c000000 21000000 00000000  +...<...!.......
 50001dd0 00000000 00000000 00000000 00000000  ................
 50001de0 00000000 00000000 00000000 00000000  ................
 50001df0 00000000 00000000 00000000 0e000000  ................
 50001e00 3f000000 00000000 00000000 00000000  ?...............
 50001e10 00000000 00000000 00000000 00000000  ................
 50001e20 00000000 00000000 00000000 00000000  ................
 50001e30 16000000 43000000 00000000 00000000  ....C...........
 50001e40 00000000 00000000 00000000 00000000  ................
 50001e50 00000000 00000000 00000000 00000000  ................
 50001e60 00000000 00000000 00000000 00000000  ................
 50001e70 00000000 00000000 00000000 00000000  ................
 50001e80 00000000 00000000 00000000 00000000  ................
 50001e90 00000000 00000000 00000000 00000000  ................
 50001ea0 00000000 00000000 00000000 00000000  ................
 50001eb0 00000000 00000000 00000000 00000000  ................
 50001ec0 00000000 00000000 00000000 00000000  ................
 50001ed0 00000000 00000000 00000000 00000000  ................
 50001ee0 00000000 00000000 00000000 00000000  ................
 50001ef0 08000000 0b000000 19000000 18000000  ................
 50001f00 00000000 00000000 00000000 00000000  ................
 50001f10 00000000 00000000 00000000 00000000  ................
 50001f20 00000000 00000000 00000000 00000000  ................
 50001f30 00000000 00000000 00000000 00000000  ................
 50001f40 00000000 00000000 00000000 00000000  ................
 50001f50 00000000 00000000 00000000 00000000  ................
 50001f60 00000000 00000000 00000000 00000000  ................
 50001f70 00000000 00000000 00000000 00000000  ................
 50001f80 00000000 00000000 00000000 00000000  ................
 50001f90 00000000 00000000 00000000 00000000  ................
 50001fa0 00000000 00000000 00000000 00000000  ................
 50001fb0 45000000 44000000 3b000000 14000000  E...D...;.......
 50001fc0 00000000 00000000 00000000 00000000  ................
 50001fd0 00000000 27000000 44000000 58000000  ....'...D...X...
 50001fe0 42000000 43000000 43000000 00000000  B...C...C.......
 50001ff0 00000000 00000000 00000000 00000000  ................
 50002000 00000000 00000000 00000000 26000000  ............&...
 50002010 4d000000 55000000 4c000000 00000000  M...U...L.......
 50002020 00000000 00000000 7f000000 7f000000  ................
 50002030 7f000000 71000000 3f000000 0e000000  ....q...?.......
 50002040 09000000 64000000 57000000 16000000  ....d...W.......
 50002050 00000000 00000000 7f000000 7f000000  ................
 50002060 33000000 0b000000 10000000 00000000  3...............
 50002070 00000000 00000000 08000000 7f000000  ................
 50002080 00000000 00000000 7f000000 7f000000  ................
 50002090 00000000 00000000 00000000 00000000  ................
 500020a0 0d000000 00000000 00000000 00000000  ................
 500020b0 7f000000 00000000 00000000 7f000000  ................
 500020c0 00000000 00000000 00000000 00000000  ................
 500020d0 00000000 00000000 0f000000 5b000000  ............[...
 500020e0 00000000 7e000000 00000000 00000000  ....~...........
 500020f0 7f000000 00000000 00000000 00000000  ................
 50002100 00000000 0e000000 29000000 7f000000  ........).......
 50002110 7f000000 00000000 7f000000 00000000  ................
 50002120 00000000 47000000 00000000 11000000  ....G...........
 50002130 0d000000 06000000 31000000 00000000  ........1.......
 50002140 7f000000 61000000 00000000 7f000000  ....a...........
 50002150 02000000 00000000 27000000 75000000  ........'...u...
 50002160 7f000000 7f000000 7f000000 78000000  ............x...
 50002170 7c000000 7f000000 00000000 00000000  |...............
 50002180 7f000000 2d000000 00000000 00000000  ....-...........
 50002190 59000000 0a000000 18000000 09000000  Y...............
 500021a0 00000000 00000000 00000000 00000000  ................
 500021b0 7f000000 7f000000 40000000 00000000  ........@.......
 500021c0 00000000 00000000 10000000 0e000000  ................
 500021d0 08000000 00000000 00000000 00000000  ................
 500021e0 4c000000 7f000000 62000000 5b000000  L.......b...[...
 500021f0 38000000 00000000 00000000 00000000  8...............
 50002200 00000000 00000000 00000000 00000000  ................
 50002210 7f000000 7f000000 7c000000 05000000  ........|.......
 50002220 45000000 5e000000 43000000 13000000  E...^...C.......
 50002230 20000000 43000000 7e000000 7f000000   ...C...~.......
 50002240 7f000000 7f000000 64000000 00000000  ........d.......
 50002250 1e000000 00000000 00000000 00000000  ................
 50002260 00000000 00000000 00000000 00000000  ................
 50002270 00000000 00000000 00000000 00000000  ................
 50002280 00000000 00000000 00000000 00000000  ................
 50002290 00000000 00000000 00000000 00000000  ................
 500022a0 00000000 00000000 00000000 00000000  ................
 500022b0 00000000 00000000 00000000 00000000  ................
 500022c0 00000000 00000000 00000000 00000000  ................
 500022d0 70000000 7f000000 7f000000 65000000  p...........e...
 500022e0 00000000 00000000 00000000 00000000  ................
 500022f0 03000000 00000000 00000000 00000000  ................
 50002300 61000000 7f000000 7d000000 78000000  a.......}...x...
 50002310 7f000000 7f000000 21000000 00000000  ........!.......
 50002320 00000000 04000000 00000000 00000000  ................
 50002330 18000000 4d000000 15000000 00000000  ....M...........
 50002340 00000000 00000000 03000000 51000000  ............Q...
 50002350 00000000 00000000 17000000 00000000  ................
 50002360 00000000 08000000 11000000 00000000  ................
 50002370 00000000 00000000 00000000 00000000  ................
 50002380 00000000 00000000 00000000 2d000000  ............-...
 50002390 00000000 00000000 00000000 00000000  ................
 500023a0 00000000 00000000 00000000 00000000  ................
 500023b0 00000000 00000000 29000000 00000000  ........).......
 500023c0 48000000 00000000 00000000 00000000  H...............
 500023d0 00000000 00000000 00000000 00000000  ................
 500023e0 00000000 00000000 00000000 00000000  ................
 500023f0 00000000 4f000000 01000000 00000000  ....O...........
 50002400 38000000 54000000 7f000000 7f000000  8...T...........
 50002410 7f000000 7f000000 6e000000 00000000  ........n.......
 50002420 00000000 00000000 40000000 16000000  ........@.......
 50002430 00000000 00000000 00000000 30000000  ............0...
 50002440 45000000 4e000000 60000000 00000000  E...N...`.......
 50002450 00000000 00000000 00000000 29000000  ............)...
 50002460 4d000000 00000000 00000000 00000000  M...............
 50002470 00000000 00000000 00000000 00000000  ................
 50002480 00000000 00000000 00000000 0b000000  ................
 50002490 00000000 51000000 56000000 00000000  ....Q...V.......
 500024a0 00000000 00000000 00000000 00000000  ................
 500024b0 00000000 00000000 02000000 36000000  ............6...
 500024c0 1e000000 00000000 09000000 57000000  ............W...
 500024d0 7f000000 7f000000 3c000000 04000000  ........<.......
 500024e0 20000000 61000000 6f000000 4d000000   ...a...o...M...
 500024f0 28000000 0e000000 00000000 00000000  (...............
 50002500 00000000 00000000 00000000 00000000  ................
 50002510 00000000 00000000 00000000 00000000  ................
 50002520 00000000 00000000 00000000 00000000  ................
 50002530 00000000 00000000 00000000 00000000  ................
 50002540 00000000 00000000 00000000 00000000  ................
 50002550 00000000 00000000 00000000 00000000  ................
 50002560 00000000 00000000 00000000 00000000  ................
 50002570 00000000 00000000 00000000 19000000  ................
 50002580 50000000 00000000 00000000 00000000  P...............
 50002590 00000000 00000000 00000000 00000000  ................
 500025a0 00000000 00000000 00000000 00000000  ................
 500025b0 00000000 00000000 32000000 00000000  ........2.......
 500025c0 00000000 00000000 00000000 00000000  ................
 500025d0 00000000 00000000 00000000 00000000  ................
 500025e0 00000000 00000000 00000000 00000000  ................
 500025f0 11000000 00000000 00000000 00000000  ................
 50002600 00000000 00000000 00000000 00000000  ................
 50002610 00000000 00000000 00000000 00000000  ................
 50002620 00000000 00000000 00000000 00000000  ................
 50002630 00000000 00000000 00000000 00000000  ................
 50002640 00000000 00000000 00000000 00000000  ................
 50002650 00000000 00000000 00000000 00000000  ................
 50002660 00000000 0c000000 00000000 00000000  ................
 50002670 00000000 00000000 00000000 00000000  ................
 50002680 00000000 00000000 00000000 00000000  ................
 50002690 00000000 00000000 1f000000 00000000  ................
 500026a0 00000000 00000000 00000000 00000000  ................
 500026b0 00000000 00000000 00000000 00000000  ................
 500026c0 00000000 00000000 00000000 00000000  ................
 500026d0 00000000 00000000 00000000 00000000  ................
 500026e0 00000000 00000000 00000000 00000000  ................
 500026f0 00000000 00000000 00000000 00000000  ................
 50002700 00000000 42000000 00000000 00000000  ....B...........
 50002710 00000000 00000000 00000000 00000000  ................
 50002720 00000000 00000000 00000000 00000000  ................
 50002730 00000000 00000000 00000000 3c000000  ............<...
 50002740 00000000 00000000 00000000 00000000  ................
 50002750 00000000 00000000 00000000 00000000  ................
 50002760 00000000 00000000 00000000 00000000  ................
 50002770 00000000 00000000 06000000 00000000  ................
 50002780 00000000 00000000 00000000 00000000  ................
 50002790 00000000 00000000 00000000 00000000  ................
 500027a0 00000000 00000000 00000000 00000000  ................
 500027b0 00000000 00000000 00000000 00000000  ................
 500027c0 00000000 00000000 00000000 00000000  ................
 500027d0 00000000 00000000 00000000 00000000  ................
 500027e0 00000000 00000000 00000000 00000000  ................
 500027f0 00000000 00000000 00000000 00000000  ................
 50002800 00000000 00000000 00000000 00000000  ................
 50002810 00000000 00000000 00000000 11000000  ................
 50002820 13000000 03000000 00000000 00000000  ................
 50002830 00000000 00000000 00000000 00000000  ................
 50002840 00000000 00000000 29000000 4c000000  ........)...L...
 50002850 18000000 00000000 00000000 00000000  ................
 50002860 00000000 00000000 00000000 00000000  ................
 50002870 00000000 00000000 00000000 1c000000  ................
 50002880 00000000 00000000 00000000 00000000  ................
 50002890 00000000 00000000 00000000 00000000  ................
 500028a0 00000000 00000000 00000000 0d000000  ................
 500028b0 00000000 00000000 00000000 00000000  ................
 500028c0 00000000 00000000 00000000 00000000  ................
 500028d0 00000000 00000000 00000000 00000000  ................
 500028e0 00000000 00000000 00000000 00000000  ................
 500028f0 00000000 00000000 00000000 00000000  ................
 50002900 00000000 00000000 00000000 00000000  ................
 50002910 00000000 00000000 00000000 00000000  ................
 50002920 00000000 00000000 00000000 00000000  ................
 50002930 00000000 00000000 00000000 00000000  ................
 50002940 00000000 00000000 00000000 00000000  ................
 50002950 00000000 00000000 0b000000 00000000  ................
 50002960 00000000 00000000 00000000 00000000  ................
 50002970 00000000 00000000 00000000 00000000  ................
 50002980 00000000 15000000 0b000000 00000000  ................
 50002990 00000000 00000000 00000000 00000000  ................
 500029a0 00000000 00000000 00000000 00000000  ................
 500029b0 00000000 00000000 00000000 00000000  ................
 500029c0 00000000 00000000 00000000 00000000  ................
 500029d0 00000000 3f000000 00000000 00000000  ....?...........
 500029e0 00000000 00000000 00000000 00000000  ................
 500029f0 00000000 00000000 00000000 00000000  ................
 50002a00 00000000 1f000000 2a000000 00000000  ........*.......
 50002a10 00000000 00000000 00000000 00000000  ................
 50002a20 00000000 00000000 00000000 00000000  ................
 50002a30 00000000 29000000 1b000000 03000000  ....)...........
Contents of section .out8_dat:
 60000000 07000000 02000000 00000000 00000000  ................
 60000010 00000000 00000000 11000000 00000000  ................
 60000020 3f000000 04000000 00000000 00000000  ?...............
 60000030 0e000000 5c000000 5d000000 00000000  ....\...].......
 60000040 00000000 00000000 00000000 27000000  ............'...
 60000050 00000000 00000000 00000000 78000000  ............x...
 60000060 20000000 00000000 00000000 07000000   ...............
 60000070 00000000 23000000 0f000000 00000000  ....#...........
 60000080 00000000 00000000 00000000 7c000000  ............|...
 60000090 2f000000 22000000 00000000 00000000  /..."...........
 600000a0 00000000 20000000 1e000000 00000000  .... ...........
 600000b0 00000000 00000000 1a000000 00000000  ................
 600000c0 02000000 00000000 00000000 00000000  ................
 600000d0 00000000 00000000 0e000000 69000000  ............i...
 600000e0 7f000000 5f000000 60000000 02000000  ...._...`.......
 600000f0 0d000000 00000000 13000000 15000000  ................
 60000100 2d000000 00000000 13000000 07000000  -...............
 60000110 00000000 00000000 00000000 00000000  ................
 60000120 0e000000 02000000 00000000 00000000  ................
 60000130 00000000 00000000 18000000 22000000  ............"...
 60000140 7f000000 7f000000 7f000000 00000000  ................
 60000150 00000000 43000000 04000000 00000000  ....C...........
 60000160 00000000 12000000 00000000 00000000  ................
 60000170 39000000 45000000 0b000000 00000000  9...E...........
 60000180 3f000000 4d000000 7f000000 7f000000  ?...M...........
 60000190 7f000000 00000000 65000000 7f000000  ........e.......
 600001a0 00000000 00000000 00000000 66000000  ............f...
 600001b0 00000000 00000000 00000000 00000000  ................
 600001c0 00000000 00000000 00000000 0a000000  ................
 600001d0 00000000 00000000 00000000 00000000  ................
 600001e0 00000000 13000000 00000000 00000000  ................
 600001f0 00000000 00000000 00000000 00000000  ................
 60000200 00000000 00000000 02000000 00000000  ................
 60000210 00000000 00000000 00000000 00000000  ................
 60000220 00000000 00000000 00000000 00000000  ................
 60000230 00000000 00000000 00000000 00000000  ................
 60000240 00000000 00000000 7f000000 7f000000  ................
 60000250 54000000 00000000 00000000 00000000  T...............
 60000260 07000000 00000000 2d000000 00000000  ........-.......
 60000270 00000000 00000000 00000000 00000000  ................
 60000280 00000000 00000000 00000000 4f000000  ............O...
 60000290 58000000 47000000 45000000 00000000  X...G...E.......
 600002a0 00000000 00000000 00000000 00000000  ................
 600002b0 00000000 00000000 00000000 48000000  ............H...
 600002c0 59000000 44000000 43000000 00000000  Y...D...C.......
 600002d0 00000000 22000000 57000000 00000000  ...."...W.......
 600002e0 00000000 00000000 03000000 5a000000  ............Z...
 600002f0 00000000 00000000 00000000 00000000  ................
 60000300 52000000 00000000 0a000000 2b000000  R...........+...
 60000310 32000000 00000000 00000000 00000000  2...............
 60000320 23000000 00000000 00000000 00000000  #...............
 60000330 00000000 00000000 00000000 00000000  ................
 60000340 00000000 7f000000 00000000 00000000  ................
 60000350 00000000 00000000 7f000000 00000000  ................
 60000360 39000000 3a000000 35000000 00000000  9...:...5.......
 60000370 7c000000 5d000000 27000000 00000000  |...]...'.......
 60000380 7f000000 7f000000 7d000000 00000000  ........}.......
 60000390 00000000 7f000000 7f000000 7f000000  ................
 600003a0 7f000000 00000000 00000000 2f000000  ............/...
 600003b0 00000000 00000000 00000000 00000000  ................
 600003c0 00000000 5c000000 7f000000 7f000000  ....\...........
 600003d0 78000000 00000000 4c000000 00000000  x.......L.......
 600003e0 7f000000 7f000000 11000000 55000000  ............U...
 600003f0 00000000 00000000 00000000 00000000  ................
 60000400 00000000 00000000 00000000 00000000  ................
 60000410 00000000 00000000 00000000 00000000  ................
 60000420 00000000 00000000 00000000 00000000  ................
 60000430 0c000000 00000000 00000000 00000000  ................
 60000440 00000000 00000000 00000000 00000000  ................
 60000450 00000000 02000000 00000000 00000000  ................
 60000460 00000000 00000000 16000000 00000000  ................
 60000470 00000000 00000000 00000000 00000000  ................
 60000480 00000000 00000000 00000000 00000000  ................
 60000490 00000000 00000000 00000000 00000000  ................
 600004a0 00000000 00000000 00000000 00000000  ................
 600004b0 00000000 00000000 00000000 00000000  ................
 600004c0 00000000 00000000 00000000 00000000  ................
 600004d0 00000000 00000000 00000000 00000000  ................
 600004e0 00000000 00000000 00000000 00000000  ................
 600004f0 00000000 00000000 00000000 00000000  ................
 60000500 00000000 00000000 00000000 00000000  ................
 60000510 00000000 00000000 00000000 00000000  ................
 60000520 00000000 00000000 00000000 00000000  ................
 60000530 00000000 00000000 00000000 00000000  ................
 60000540 00000000 00000000 00000000 00000000  ................
 60000550 00000000 00000000 00000000 00000000  ................
 60000560 00000000 00000000 00000000 00000000  ................
 60000570 00000000 00000000 00000000 00000000  ................
 60000580 00000000 00000000 00000000 00000000  ................
 60000590 00000000 00000000 00000000 00000000  ................
 600005a0 00000000 00000000 00000000 00000000  ................
 600005b0 00000000 00000000 00000000 00000000  ................
 600005c0 00000000 00000000 00000000 47000000  ............G...
 600005d0 00000000 30000000 00000000 00000000  ....0...........
 600005e0 00000000 00000000 00000000 1b000000  ................
 600005f0 00000000 00000000 23000000 00000000  ........#.......
 60000600 00000000 1c000000 00000000 00000000  ................
 60000610 00000000 00000000 00000000 15000000  ................
 60000620 00000000 00000000 00000000 00000000  ................
 60000630 00000000 00000000 00000000 00000000  ................
 60000640 00000000 00000000 00000000 00000000  ................
 60000650 00000000 3c000000 21000000 00000000  ....<...!.......
 60000660 00000000 00000000 00000000 00000000  ................
 60000670 43000000 00000000 00000000 00000000  C...............
 60000680 00000000 00000000 00000000 00000000  ................
 60000690 00000000 00000000 0b000000 19000000  ................
 600006a0 00000000 00000000 00000000 00000000  ................
 600006b0 00000000 00000000 00000000 00000000  ................
 600006c0 45000000 3b000000 00000000 00000000  E...;...........
 600006d0 27000000 58000000 4c000000 7f000000  '...X...L.......
 600006e0 7f000000 7f000000 3f000000 64000000  ........?...d...
 600006f0 00000000 7f000000 00000000 00000000  ................
 60000700 0f000000 5b000000 00000000 7f000000  ....[...........
 60000710 11000000 31000000 7f000000 7f000000  ....1...........
 60000720 2d000000 75000000 7f000000 7f000000  -...u...........
 60000730 7f000000 7f000000 5b000000 00000000  ........[.......
 60000740 10000000 08000000 7f000000 7f000000  ................
 60000750 00000000 00000000 00000000 00000000  ................
 60000760 00000000 00000000 03000000 00000000  ................
 60000770 7f000000 7f000000 7f000000 21000000  ............!...
 60000780 17000000 18000000 4d000000 00000000  ........M.......
 60000790 03000000 51000000 48000000 00000000  ....Q...H.......
 600007a0 00000000 00000000 00000000 29000000  ............)...
 600007b0 4f000000 38000000 7f000000 7f000000  O...8...........
 600007c0 7f000000 00000000 51000000 56000000  ........Q...V...
 600007d0 00000000 00000000 00000000 36000000  ............6...
 600007e0 00000000 00000000 00000000 00000000  ................
 600007f0 00000000 00000000 00000000 00000000  ................
 60000800 00000000 19000000 50000000 00000000  ........P.......
 60000810 00000000 00000000 00000000 00000000  ................
 60000820 00000000 11000000 0c000000 00000000  ................
 60000830 00000000 00000000 00000000 00000000  ................
 60000840 1f000000 00000000 00000000 00000000  ................
 60000850 00000000 00000000 42000000 3c000000  ........B...<...
 60000860 00000000 00000000 00000000 00000000  ................
 60000870 00000000 00000000 00000000 00000000  ................
 60000880 00000000 00000000 00000000 00000000  ................
 60000890 4c000000 18000000 03000000 00000000  L...............
 600008a0 00000000 0d000000 1c000000 00000000  ................
 600008b0 00000000 00000000 00000000 00000000  ................
 600008c0 00000000 00000000 00000000 00000000  ................
 600008d0 00000000 00000000 15000000 0b000000  ................
 600008e0 00000000 00000000 00000000 00000000  ................
 600008f0 00000000 00000000 00000000 1f000000  ................
Contents of section .param_dat:
 72000000 0d000000 10000000 02000000 1e000000  ................
Contents of section .comment:
 0000 4743433a 2028474e 55292031 312e312e  GCC: (GNU) 11.1.
 0010 3000                                 0.              
Contents of section .riscv.attributes:
 0000 411f0000 00726973 63760001 15000000  A....riscv......
 0010 04100572 76333269 32703000 08010a0b  ...rv32i2p0.....

Disassembly of section .text0:

00000000 <_start>:
       0:	00000093          	li	ra,0
       4:	00000113          	li	sp,0
       8:	00000193          	li	gp,0
       c:	00000213          	li	tp,0
      10:	00000293          	li	t0,0
      14:	00000313          	li	t1,0
      18:	00000393          	li	t2,0
      1c:	00000413          	li	s0,0
      20:	00000493          	li	s1,0
      24:	00000513          	li	a0,0
      28:	00000593          	li	a1,0
      2c:	00000613          	li	a2,0
      30:	00000693          	li	a3,0
      34:	00000713          	li	a4,0
      38:	00000793          	li	a5,0
      3c:	00000813          	li	a6,0
      40:	00000893          	li	a7,0
      44:	00000913          	li	s2,0
      48:	00000993          	li	s3,0
      4c:	00000a13          	li	s4,0
      50:	00000a93          	li	s5,0
      54:	00000b13          	li	s6,0
      58:	00000b93          	li	s7,0
      5c:	00000c13          	li	s8,0
      60:	00000c93          	li	s9,0
      64:	00000d13          	li	s10,0
      68:	00000d93          	li	s11,0
      6c:	00000e13          	li	t3,0
      70:	00000e93          	li	t4,0
      74:	00000f13          	li	t5,0
      78:	00000f93          	li	t6,0
      7c:	00020197          	auipc	gp,0x20
      80:	78c18193          	addi	gp,gp,1932 # 20808 <_gp>

00000084 <init_bss>:
      84:	00020517          	auipc	a0,0x20
      88:	fac50513          	addi	a0,a0,-84 # 20030 <__bss_end>
      8c:	00020597          	auipc	a1,0x20
      90:	fa058593          	addi	a1,a1,-96 # 2002c <epu_w8_u_addr>
      94:	00000613          	li	a2,0
      98:	070000ef          	jal	ra,108 <fill_block>

0000009c <init_sbss>:
      9c:	00020517          	auipc	a0,0x20
      a0:	f6450513          	addi	a0,a0,-156 # 20000 <copy_addr>
      a4:	00020597          	auipc	a1,0x20
      a8:	f6058593          	addi	a1,a1,-160 # 20004 <copy_count>
      ac:	00000613          	li	a2,0
      b0:	058000ef          	jal	ra,108 <fill_block>

000000b4 <write_stack_pattern>:
      b4:	00020517          	auipc	a0,0x20
      b8:	f7c50513          	addi	a0,a0,-132 # 20030 <__bss_end>
      bc:	00021597          	auipc	a1,0x21
      c0:	f7058593          	addi	a1,a1,-144 # 2102c <_gp+0x824>
      c4:	00000613          	li	a2,0
      c8:	040000ef          	jal	ra,108 <fill_block>

000000cc <init_stack>:
      cc:	00021117          	auipc	sp,0x21
      d0:	f6410113          	addi	sp,sp,-156 # 21030 <__stack>

000000d4 <write_test_pattern>:
      d4:	20400517          	auipc	a0,0x20400
      d8:	f2c50513          	addi	a0,a0,-212 # 20400000 <_test_start>
      dc:	20400597          	auipc	a1,0x20400
      e0:	f3058593          	addi	a1,a1,-208 # 2040000c <_test_start+0xc>
      e4:	00000613          	li	a2,0
      e8:	020000ef          	jal	ra,108 <fill_block>

000000ec <SystemInit>:
      ec:	0a0000ef          	jal	ra,18c <boot>
      f0:	7850f0ef          	jal	ra,10074 <main>

000000f4 <SystemExit>:
      f4:	00030297          	auipc	t0,0x30
      f8:	f0828293          	addi	t0,t0,-248 # 2fffc <_sim_end>
      fc:	fff00313          	li	t1,-1
     100:	0062a023          	sw	t1,0(t0)

00000104 <dead_loop>:
     104:	0000006f          	j	104 <dead_loop>

00000108 <fill_block>:
     108:	00a5e863          	bltu	a1,a0,118 <fb_end>
     10c:	00c52023          	sw	a2,0(a0)
     110:	00450513          	addi	a0,a0,4
     114:	ff5ff06f          	j	108 <fill_block>

00000118 <fb_end>:
     118:	00008067          	ret

0000011c <dma_move>:
     11c:	fd010113          	addi	sp,sp,-48
     120:	02812623          	sw	s0,44(sp)
     124:	03010413          	addi	s0,sp,48
     128:	fca42e23          	sw	a0,-36(s0)
     12c:	fcb42c23          	sw	a1,-40(s0)
     130:	fcc42a23          	sw	a2,-44(s0)
     134:	400007b7          	lui	a5,0x40000
     138:	fef42623          	sw	a5,-20(s0)
     13c:	fdc42703          	lw	a4,-36(s0)
     140:	fec42783          	lw	a5,-20(s0)
     144:	00e7a023          	sw	a4,0(a5) # 40000000 <__data_paddr_start+0x1fbfcc78>
     148:	fec42783          	lw	a5,-20(s0)
     14c:	00478793          	addi	a5,a5,4
     150:	fd842703          	lw	a4,-40(s0)
     154:	00e7a023          	sw	a4,0(a5)
     158:	fec42783          	lw	a5,-20(s0)
     15c:	00878793          	addi	a5,a5,8
     160:	fd442703          	lw	a4,-44(s0)
     164:	00e7a023          	sw	a4,0(a5)
     168:	fec42783          	lw	a5,-20(s0)
     16c:	00c78793          	addi	a5,a5,12
     170:	00100713          	li	a4,1
     174:	00e7a023          	sw	a4,0(a5)
     178:	10500073          	wfi
     17c:	00000013          	nop
     180:	02c12403          	lw	s0,44(sp)
     184:	03010113          	addi	sp,sp,48
     188:	00008067          	ret

0000018c <boot>:
     18c:	fe010113          	addi	sp,sp,-32
     190:	00112e23          	sw	ra,28(sp)
     194:	00812c23          	sw	s0,24(sp)
     198:	02010413          	addi	s0,sp,32
     19c:	30046073          	csrsi	mstatus,8
     1a0:	00001fb7          	lui	t6,0x1
     1a4:	800f8f93          	addi	t6,t6,-2048 # 800 <boot+0x674>
     1a8:	304fa073          	csrs	mie,t6
     1ac:	200007b7          	lui	a5,0x20000
     1b0:	17478713          	addi	a4,a5,372 # 20000174 <_dram_i_end>
     1b4:	200007b7          	lui	a5,0x20000
     1b8:	00078793          	mv	a5,a5
     1bc:	40f707b3          	sub	a5,a4,a5
     1c0:	4027d793          	srai	a5,a5,0x2
     1c4:	fef42623          	sw	a5,-20(s0)
     1c8:	fec42603          	lw	a2,-20(s0)
     1cc:	000107b7          	lui	a5,0x10
     1d0:	00078593          	mv	a1,a5
     1d4:	200007b7          	lui	a5,0x20000
     1d8:	00078513          	mv	a0,a5
     1dc:	f41ff0ef          	jal	ra,11c <dma_move>
     1e0:	000207b7          	lui	a5,0x20
     1e4:	03078713          	addi	a4,a5,48 # 20030 <__bss_end>
     1e8:	000207b7          	lui	a5,0x20
     1ec:	00878793          	addi	a5,a5,8 # 20008 <sensor_size>
     1f0:	40f707b3          	sub	a5,a4,a5
     1f4:	4027d793          	srai	a5,a5,0x2
     1f8:	fef42623          	sw	a5,-20(s0)
     1fc:	fec42603          	lw	a2,-20(s0)
     200:	000207b7          	lui	a5,0x20
     204:	00878593          	addi	a1,a5,8 # 20008 <sensor_size>
     208:	204007b7          	lui	a5,0x20400
     20c:	01078513          	addi	a0,a5,16 # 20400010 <__sdata_paddr_start>
     210:	f0dff0ef          	jal	ra,11c <dma_move>
     214:	000207b7          	lui	a5,0x20
     218:	03078713          	addi	a4,a5,48 # 20030 <__bss_end>
     21c:	000207b7          	lui	a5,0x20
     220:	03078793          	addi	a5,a5,48 # 20030 <__bss_end>
     224:	40f707b3          	sub	a5,a4,a5
     228:	4027d793          	srai	a5,a5,0x2
     22c:	fef42623          	sw	a5,-20(s0)
     230:	fec42603          	lw	a2,-20(s0)
     234:	000207b7          	lui	a5,0x20
     238:	03078593          	addi	a1,a5,48 # 20030 <__bss_end>
     23c:	204037b7          	lui	a5,0x20403
     240:	38878513          	addi	a0,a5,904 # 20403388 <__data_paddr_start>
     244:	ed9ff0ef          	jal	ra,11c <dma_move>
     248:	00000013          	nop
     24c:	01c12083          	lw	ra,28(sp)
     250:	01812403          	lw	s0,24(sp)
     254:	02010113          	addi	sp,sp,32
     258:	00008067          	ret
	...

00001000 <dmaisr_entry>:
    1000:	00000013          	nop
    1004:	30200073          	mret
    1008:	00000013          	nop
    100c:	00000013          	nop

Disassembly of section .text1:

00010000 <cpu_move>:
   10000:	fd010113          	addi	sp,sp,-48
   10004:	02812623          	sw	s0,44(sp)
   10008:	03010413          	addi	s0,sp,48
   1000c:	fca42e23          	sw	a0,-36(s0)
   10010:	fcb42c23          	sw	a1,-40(s0)
   10014:	fcc42a23          	sw	a2,-44(s0)
   10018:	fe042623          	sw	zero,-20(s0)
   1001c:	0380006f          	j	10054 <cpu_move+0x54>
   10020:	fec42783          	lw	a5,-20(s0)
   10024:	00279793          	slli	a5,a5,0x2
   10028:	fdc42703          	lw	a4,-36(s0)
   1002c:	00f70733          	add	a4,a4,a5
   10030:	fec42783          	lw	a5,-20(s0)
   10034:	00279793          	slli	a5,a5,0x2
   10038:	fd842683          	lw	a3,-40(s0)
   1003c:	00f687b3          	add	a5,a3,a5
   10040:	00072703          	lw	a4,0(a4)
   10044:	00e7a023          	sw	a4,0(a5)
   10048:	fec42783          	lw	a5,-20(s0)
   1004c:	00178793          	addi	a5,a5,1
   10050:	fef42623          	sw	a5,-20(s0)
   10054:	fec42703          	lw	a4,-20(s0)
   10058:	fd442783          	lw	a5,-44(s0)
   1005c:	fcf742e3          	blt	a4,a5,10020 <cpu_move+0x20>
   10060:	00000013          	nop
   10064:	00000013          	nop
   10068:	02c12403          	lw	s0,44(sp)
   1006c:	03010113          	addi	sp,sp,48
   10070:	00008067          	ret

00010074 <main>:
   10074:	fe010113          	addi	sp,sp,-32
   10078:	00112e23          	sw	ra,28(sp)
   1007c:	00812c23          	sw	s0,24(sp)
   10080:	02010413          	addi	s0,sp,32
   10084:	00400793          	li	a5,4
   10088:	fef42623          	sw	a5,-20(s0)
   1008c:	500037b7          	lui	a5,0x50003
   10090:	a4078713          	addi	a4,a5,-1472 # 50002a40 <__in8_end>
   10094:	500007b7          	lui	a5,0x50000
   10098:	00078793          	mv	a5,a5
   1009c:	40f707b3          	sub	a5,a4,a5
   100a0:	4027d793          	srai	a5,a5,0x2
   100a4:	fff78793          	addi	a5,a5,-1 # 4fffffff <__data_paddr_start+0x2fbfcc77>
   100a8:	fef42423          	sw	a5,-24(s0)
   100ac:	fe842783          	lw	a5,-24(s0)
   100b0:	00078613          	mv	a2,a5
   100b4:	500007b7          	lui	a5,0x50000
   100b8:	00078593          	mv	a1,a5
   100bc:	204007b7          	lui	a5,0x20400
   100c0:	03878513          	addi	a0,a5,56 # 20400038 <__in8_data_in_dram_start>
   100c4:	858f00ef          	jal	ra,11c <dma_move>
   100c8:	720007b7          	lui	a5,0x72000
   100cc:	01078713          	addi	a4,a5,16 # 72000010 <__param_end>
   100d0:	720007b7          	lui	a5,0x72000
   100d4:	00078793          	mv	a5,a5
   100d8:	40f707b3          	sub	a5,a4,a5
   100dc:	4027d793          	srai	a5,a5,0x2
   100e0:	fff78793          	addi	a5,a5,-1 # 71ffffff <__bias_end+0xffffff>
   100e4:	fef42423          	sw	a5,-24(s0)
   100e8:	fe842783          	lw	a5,-24(s0)
   100ec:	00078613          	mv	a2,a5
   100f0:	720007b7          	lui	a5,0x72000
   100f4:	00078593          	mv	a1,a5
   100f8:	204037b7          	lui	a5,0x20403
   100fc:	37878513          	addi	a0,a5,888 # 20403378 <__bias_data_in_dram_start>
   10100:	81cf00ef          	jal	ra,11c <dma_move>
   10104:	fec42783          	lw	a5,-20(s0)
   10108:	00179793          	slli	a5,a5,0x1
   1010c:	0017e713          	ori	a4,a5,1
   10110:	000207b7          	lui	a5,0x20
   10114:	0247a783          	lw	a5,36(a5) # 20024 <epu_ctrl_addr>
   10118:	00e7a023          	sw	a4,0(a5)
   1011c:	10500073          	wfi
   10120:	600017b7          	lui	a5,0x60001
   10124:	90078713          	addi	a4,a5,-1792 # 60000900 <__out8_end>
   10128:	600007b7          	lui	a5,0x60000
   1012c:	00078793          	mv	a5,a5
   10130:	40f707b3          	sub	a5,a4,a5
   10134:	4027d793          	srai	a5,a5,0x2
   10138:	fff78793          	addi	a5,a5,-1 # 5fffffff <__in8_end+0xfffd5bf>
   1013c:	fef42423          	sw	a5,-24(s0)
   10140:	fe842783          	lw	a5,-24(s0)
   10144:	00078613          	mv	a2,a5
   10148:	204007b7          	lui	a5,0x20400
   1014c:	00078593          	mv	a1,a5
   10150:	600007b7          	lui	a5,0x60000
   10154:	00078513          	mv	a0,a5
   10158:	fc5ef0ef          	jal	ra,11c <dma_move>
   1015c:	00000793          	li	a5,0
   10160:	00078513          	mv	a0,a5
   10164:	01c12083          	lw	ra,28(sp)
   10168:	01812403          	lw	s0,24(sp)
   1016c:	02010113          	addi	sp,sp,32
   10170:	00008067          	ret
