
Out8.o:     file format elf32-littleriscv
Out8.o
architecture: riscv:rv32, flags 0x00000010:
HAS_SYMS
start address 0x00000000

Sections:
Idx Name          Size      VMA       LMA       File off  Algn
  0 .data         00005460  00000000  00000000  00000034  2**0
                  CONTENTS, ALLOC, LOAD, DATA
SYMBOL TABLE:
00000000 g       .data	00000000 _binary_Out8_dat_start
00005460 g       .data	00000000 _binary_Out8_dat_end
00005460 g       *ABS*	00000000 _binary_Out8_dat_size


Contents of section .data:
 0000 00000000 00000000 00000000 00000000  ................
 0010 00000000 00000000 00000000 00000000  ................
 0020 00000000 00000000 00000000 00000000  ................
 0030 00000000 00000000 00000000 00000000  ................
 0040 00000000 00000000 00000000 00000000  ................
 0050 00000000 00000000 00000000 00000000  ................
 0060 00000000 00000000 00000000 00000000  ................
 0070 00000000 00000000 00000000 00000000  ................
 0080 00000000 00000000 00000000 00000000  ................
 0090 00000000 00000000 00000000 00000000  ................
 00a0 00000000 00000000 00000000 00000000  ................
 00b0 00000000 00000000 00000000 00000000  ................
 00c0 00000000 00000000 00000000 00000000  ................
 00d0 00000000 00000000 00000000 00000000  ................
 00e0 00000000 00000000 00000000 00000000  ................
 00f0 00000000 00000000 00000000 00000000  ................
 0100 00000000 00000000 00000000 00000000  ................
 0110 00000000 00000000 00000000 00000000  ................
 0120 00000000 00000000 00000000 00000000  ................
 0130 00000000 00000000 00000000 00000000  ................
 0140 00000000 00000000 00000000 00000000  ................
 0150 00000000 00000000 00000000 00000000  ................
 0160 00000000 00000000 00000000 00000000  ................
 0170 00000000 00000000 00000000 00000000  ................
 0180 00000000 00000000 00000000 00000000  ................
 0190 00000000 00000000 00000000 00000000  ................
 01a0 00000000 00000000 00000000 00000000  ................
 01b0 00000000 00000000 00000000 00000000  ................
 01c0 00000000 00000000 00000000 00000000  ................
 01d0 00000000 00000000 00000000 00000000  ................
 01e0 00000000 00000000 00000000 00000000  ................
 01f0 00000000 00000000 00000000 00000000  ................
 0200 00000000 00000000 00000000 02000000  ................
 0210 05000000 05000000 05000000 02000000  ................
 0220 02000000 00000000 00000000 00000000  ................
 0230 00000000 00000000 00000000 00000000  ................
 0240 00000000 00000000 00000000 00000000  ................
 0250 00000000 00000000 00000000 00000000  ................
 0260 00000000 00000000 00000000 00000000  ................
 0270 00000000 00000000 02000000 07000000  ................
 0280 0b000000 0b000000 08000000 08000000  ................
 0290 0d000000 13000000 17000000 17000000  ................
 02a0 13000000 0b000000 00000000 00000000  ................
 02b0 00000000 00000000 00000000 00000000  ................
 02c0 00000000 00000000 00000000 00000000  ................
 02d0 00000000 00000000 00000000 00000000  ................
 02e0 00000000 00000000 00000000 0c000000  ................
 02f0 11000000 0b000000 04000000 01000000  ................
 0300 01000000 00000000 01000000 07000000  ................
 0310 0e000000 16000000 21000000 26000000  ........!...&...
 0320 1e000000 09000000 00000000 00000000  ................
 0330 00000000 00000000 00000000 00000000  ................
 0340 00000000 00000000 00000000 00000000  ................
 0350 00000000 00000000 00000000 00000000  ................
 0360 0f000000 15000000 0d000000 00000000  ................
 0370 00000000 00000000 00000000 00000000  ................
 0380 00000000 00000000 00000000 00000000  ................
 0390 05000000 1b000000 2a000000 27000000  ........*...'...
 03a0 11000000 00000000 00000000 00000000  ................
 03b0 00000000 00000000 00000000 00000000  ................
 03c0 00000000 00000000 00000000 00000000  ................
 03d0 00000000 11000000 18000000 0d000000  ................
 03e0 00000000 00000000 00000000 00000000  ................
 03f0 00000000 00000000 00000000 00000000  ................
 0400 00000000 00000000 00000000 00000000  ................
 0410 12000000 2b000000 2c000000 12000000  ....+...,.......
 0420 00000000 00000000 00000000 00000000  ................
 0430 00000000 00000000 00000000 00000000  ................
 0440 00000000 00000000 0f000000 1d000000  ................
 0450 13000000 00000000 00000000 00000000  ................
 0460 00000000 00000000 00000000 00000000  ................
 0470 00000000 00000000 00000000 00000000  ................
 0480 00000000 00000000 00000000 10000000  ................
 0490 32000000 2a000000 09000000 00000000  2...*...........
 04a0 00000000 00000000 00000000 00000000  ................
 04b0 00000000 00000000 00000000 00000000  ................
 04c0 1e000000 20000000 05000000 00000000  .... ...........
 04d0 00000000 00000000 00000000 00000000  ................
 04e0 00000000 00000000 00000000 00000000  ................
 04f0 00000000 00000000 00000000 00000000  ................
 0500 00000000 00000000 12000000 30000000  ............0...
 0510 1f000000 00000000 00000000 00000000  ................
 0520 00000000 00000000 00000000 00000000  ................
 0530 00000000 0c000000 25000000 18000000  ........%.......
 0540 00000000 00000000 00000000 00000000  ................
 0550 00000000 00000000 00000000 00000000  ................
 0560 00000000 00000000 00000000 00000000  ................
 0570 00000000 00000000 00000000 00000000  ................
 0580 00000000 13000000 2a000000 0e000000  ........*.......
 0590 00000000 00000000 00000000 00000000  ................
 05a0 00000000 00000000 00000000 1a000000  ................
 05b0 26000000 0c000000 00000000 00000000  &...............
 05c0 00000000 00000000 00000000 00000000  ................
 05d0 00000000 0b000000 03000000 00000000  ................
 05e0 00000000 00000000 00000000 00000000  ................
 05f0 00000000 00000000 00000000 00000000  ................
 0600 2b000000 1a000000 00000000 00000000  +...............
 0610 00000000 00000000 00000000 00000000  ................
 0620 00000000 22000000 25000000 00000000  ...."...%.......
 0630 00000000 00000000 00000000 00000000  ................
 0640 05000000 00000000 00000000 13000000  ................
 0650 11000000 00000000 00000000 00000000  ................
 0660 00000000 00000000 00000000 00000000  ................
 0670 00000000 00000000 24000000 21000000  ........$...!...
 0680 00000000 00000000 00000000 00000000  ................
 0690 00000000 00000000 00000000 28000000  ............(...
 06a0 24000000 00000000 00000000 00000000  $...............
 06b0 00000000 00000000 00000000 00000000  ................
 06c0 00000000 10000000 0e000000 00000000  ................
 06d0 00000000 00000000 00000000 00000000  ................
 06e0 00000000 00000000 00000000 00000000  ................
 06f0 1f000000 24000000 00000000 00000000  ....$...........
 0700 00000000 00000000 00000000 00000000  ................
 0710 01000000 2b000000 25000000 00000000  ....+...%.......
 0720 00000000 00000000 01000000 00000000  ................
 0730 00000000 00000000 00000000 0a000000  ................
 0740 11000000 0b000000 09000000 08000000  ................
 0750 0a000000 0a000000 07000000 00000000  ................
 0760 00000000 00000000 1e000000 24000000  ............$...
 0770 00000000 00000000 00000000 00000000  ................
 0780 00000000 00000000 00000000 2a000000  ............*...
 0790 27000000 00000000 00000000 00000000  '...............
 07a0 14000000 11000000 00000000 00000000  ................
 07b0 00000000 00000000 00000000 00000000  ................
 07c0 00000000 00000000 00000000 00000000  ................
 07d0 00000000 00000000 00000000 00000000  ................
 07e0 1f000000 1f000000 00000000 00000000  ................
 07f0 00000000 00000000 00000000 00000000  ................
 0800 00000000 27000000 29000000 01000000  ....'...).......
 0810 00000000 00000000 0c000000 1b000000  ................
 0820 00000000 00000000 01000000 04000000  ................
 0830 0a000000 0d000000 0a000000 09000000  ................
 0840 07000000 00000000 00000000 00000000  ................
 0850 00000000 00000000 21000000 19000000  ........!.......
 0860 00000000 00000000 00000000 00000000  ................
 0870 00000000 00000000 00000000 21000000  ............!...
 0880 2e000000 0d000000 00000000 00000000  ................
 0890 00000000 15000000 00000000 00000000  ................
 08a0 00000000 00000000 00000000 00000000  ................
 08b0 00000000 0c000000 19000000 07000000  ................
 08c0 00000000 00000000 00000000 08000000  ................
 08d0 21000000 11000000 00000000 00000000  !...............
 08e0 00000000 00000000 00000000 00000000  ................
 08f0 00000000 17000000 32000000 1a000000  ........2.......
 0900 00000000 00000000 00000000 00000000  ................
 0910 00000000 00000000 00000000 00000000  ................
 0920 00000000 00000000 00000000 00000000  ................
 0930 05000000 00000000 00000000 00000000  ................
 0940 00000000 18000000 1b000000 06000000  ................
 0950 00000000 00000000 00000000 00000000  ................
 0960 00000000 00000000 00000000 06000000  ................
 0970 2e000000 28000000 03000000 00000000  ....(...........
 0980 00000000 00000000 00000000 00000000  ................
 0990 00000000 00000000 00000000 00000000  ................
 09a0 00000000 00000000 00000000 00000000  ................
 09b0 00000000 00000000 0d000000 1c000000  ................
 09c0 0f000000 00000000 00000000 00000000  ................
 09d0 00000000 00000000 00000000 00000000  ................
 09e0 00000000 00000000 1d000000 31000000  ............1...
 09f0 19000000 00000000 00000000 00000000  ................
 0a00 00000000 00000000 00000000 00000000  ................
 0a10 00000000 00000000 00000000 00000000  ................
 0a20 00000000 00000000 00000000 02000000  ................
 0a30 13000000 15000000 00000000 00000000  ................
 0a40 00000000 00000000 00000000 00000000  ................
 0a50 00000000 00000000 00000000 00000000  ................
 0a60 03000000 29000000 2a000000 11000000  ....)...*.......
 0a70 00000000 00000000 00000000 00000000  ................
 0a80 00000000 00000000 00000000 00000000  ................
 0a90 00000000 00000000 00000000 00000000  ................
 0aa0 00000000 0d000000 11000000 06000000  ................
 0ab0 00000000 00000000 00000000 00000000  ................
 0ac0 00000000 00000000 00000000 00000000  ................
 0ad0 00000000 00000000 00000000 0d000000  ................
 0ae0 28000000 25000000 10000000 00000000  (...%...........
 0af0 00000000 00000000 00000000 00000000  ................
 0b00 00000000 00000000 00000000 00000000  ................
 0b10 00000000 00000000 0b000000 0f000000  ................
 0b20 06000000 00000000 00000000 00000000  ................
 0b30 00000000 00000000 00000000 00000000  ................
 0b40 00000000 00000000 00000000 00000000  ................
 0b50 00000000 00000000 0e000000 24000000  ............$...
 0b60 27000000 16000000 07000000 00000000  '...............
 0b70 00000000 00000000 00000000 00000000  ................
 0b80 00000000 00000000 03000000 0b000000  ................
 0b90 0a000000 01000000 00000000 00000000  ................
 0ba0 00000000 00000000 00000000 00000000  ................
 0bb0 00000000 00000000 00000000 00000000  ................
 0bc0 00000000 00000000 00000000 00000000  ................
 0bd0 00000000 05000000 1f000000 27000000  ............'...
 0be0 21000000 13000000 07000000 02000000  !...............
 0bf0 00000000 00000000 02000000 06000000  ................
 0c00 07000000 07000000 03000000 00000000  ................
 0c10 00000000 00000000 00000000 00000000  ................
 0c20 00000000 00000000 00000000 00000000  ................
 0c30 00000000 00000000 00000000 00000000  ................
 0c40 00000000 00000000 00000000 00000000  ................
 0c50 00000000 11000000 1e000000 1f000000  ................
 0c60 1c000000 17000000 13000000 11000000  ................
 0c70 0f000000 0e000000 09000000 01000000  ................
 0c80 00000000 00000000 00000000 00000000  ................
 0c90 00000000 00000000 00000000 00000000  ................
 0ca0 00000000 00000000 00000000 00000000  ................
 0cb0 00000000 00000000 00000000 00000000  ................
 0cc0 00000000 00000000 00000000 00000000  ................
 0cd0 01000000 07000000 0c000000 0d000000  ................
 0ce0 0d000000 0b000000 07000000 00000000  ................
 0cf0 00000000 00000000 00000000 00000000  ................
 0d00 00000000 00000000 00000000 00000000  ................
 0d10 00000000 00000000 00000000 00000000  ................
 0d20 00000000 00000000 00000000 00000000  ................
 0d30 00000000 00000000 00000000 00000000  ................
 0d40 00000000 00000000 00000000 00000000  ................
 0d50 00000000 00000000 00000000 00000000  ................
 0d60 00000000 00000000 00000000 00000000  ................
 0d70 00000000 00000000 00000000 00000000  ................
 0d80 00000000 00000000 00000000 00000000  ................
 0d90 00000000 00000000 00000000 00000000  ................
 0da0 00000000 00000000 00000000 00000000  ................
 0db0 00000000 00000000 00000000 00000000  ................
 0dc0 00000000 00000000 00000000 00000000  ................
 0dd0 00000000 00000000 00000000 00000000  ................
 0de0 00000000 00000000 00000000 00000000  ................
 0df0 00000000 00000000 00000000 00000000  ................
 0e00 00000000 00000000 00000000 00000000  ................
 0e10 00000000 00000000 00000000 00000000  ................
 0e20 00000000 00000000 00000000 00000000  ................
 0e30 00000000 00000000 00000000 00000000  ................
 0e40 00000000 00000000 00000000 00000000  ................
 0e50 00000000 00000000 00000000 00000000  ................
 0e60 00000000 00000000 00000000 00000000  ................
 0e70 00000000 00000000 00000000 00000000  ................
 0e80 00000000 00000000 00000000 00000000  ................
 0e90 00000000 00000000 00000000 00000000  ................
 0ea0 00000000 00000000 00000000 00000000  ................
 0eb0 00000000 00000000 00000000 00000000  ................
 0ec0 00000000 00000000 00000000 00000000  ................
 0ed0 00000000 00000000 00000000 00000000  ................
 0ee0 00000000 00000000 00000000 00000000  ................
 0ef0 00000000 00000000 00000000 00000000  ................
 0f00 00000000 00000000 00000000 00000000  ................
 0f10 00000000 00000000 00000000 00000000  ................
 0f20 00000000 00000000 00000000 00000000  ................
 0f30 00000000 00000000 00000000 00000000  ................
 0f40 00000000 00000000 00000000 00000000  ................
 0f50 00000000 00000000 00000000 00000000  ................
 0f60 00000000 00000000 00000000 00000000  ................
 0f70 00000000 00000000 00000000 00000000  ................
 0f80 00000000 00000000 00000000 00000000  ................
 0f90 00000000 00000000 00000000 00000000  ................
 0fa0 00000000 00000000 00000000 00000000  ................
 0fb0 0b000000 12000000 16000000 14000000  ................
 0fc0 0b000000 00000000 00000000 00000000  ................
 0fd0 00000000 00000000 00000000 00000000  ................
 0fe0 00000000 00000000 00000000 00000000  ................
 0ff0 00000000 00000000 00000000 00000000  ................
 1000 00000000 00000000 00000000 00000000  ................
 1010 00000000 00000000 00000000 0b000000  ................
 1020 15000000 16000000 15000000 17000000  ................
 1030 17000000 1c000000 1f000000 20000000  ............ ...
 1040 1b000000 10000000 00000000 00000000  ................
 1050 00000000 00000000 00000000 00000000  ................
 1060 00000000 00000000 00000000 00000000  ................
 1070 00000000 00000000 00000000 00000000  ................
 1080 00000000 00000000 00000000 03000000  ................
 1090 0d000000 16000000 1e000000 22000000  ............"...
 10a0 25000000 26000000 26000000 25000000  %...&...&...%...
 10b0 22000000 1e000000 21000000 23000000  ".......!...#...
 10c0 1b000000 06000000 00000000 00000000  ................
 10d0 00000000 00000000 00000000 00000000  ................
 10e0 00000000 00000000 00000000 00000000  ................
 10f0 00000000 00000000 00000000 00000000  ................
 1100 04000000 15000000 1d000000 22000000  ............"...
 1110 1e000000 18000000 0c000000 05000000  ................
 1120 06000000 0c000000 15000000 1c000000  ................
 1130 1f000000 24000000 23000000 21000000  ....$...#...!...
 1140 0f000000 00000000 00000000 00000000  ................
 1150 00000000 00000000 00000000 00000000  ................
 1160 00000000 00000000 00000000 00000000  ................
 1170 00000000 02000000 17000000 21000000  ............!...
 1180 1f000000 13000000 05000000 00000000  ................
 1190 00000000 00000000 00000000 00000000  ................
 11a0 00000000 00000000 04000000 15000000  ................
 11b0 21000000 22000000 21000000 0f000000  !..."...!.......
 11c0 00000000 00000000 00000000 00000000  ................
 11d0 00000000 00000000 00000000 00000000  ................
 11e0 00000000 00000000 00000000 12000000  ................
 11f0 1e000000 1c000000 0f000000 00000000  ................
 1200 00000000 00000000 00000000 00000000  ................
 1210 00000000 00000000 00000000 00000000  ................
 1220 00000000 00000000 0b000000 20000000  ............ ...
 1230 23000000 20000000 09000000 00000000  #... ...........
 1240 00000000 00000000 00000000 00000000  ................
 1250 00000000 00000000 00000000 00000000  ................
 1260 0f000000 1f000000 1e000000 11000000  ................
 1270 03000000 00000000 00000000 00000000  ................
 1280 00000000 00000000 00000000 00000000  ................
 1290 00000000 00000000 00000000 00000000  ................
 12a0 00000000 0d000000 1e000000 25000000  ............%...
 12b0 1a000000 00000000 00000000 00000000  ................
 12c0 00000000 00000000 00000000 00000000  ................
 12d0 00000000 06000000 1b000000 20000000  ............ ...
 12e0 14000000 03000000 00000000 00000000  ................
 12f0 00000000 00000000 00000000 00000000  ................
 1300 00000000 00000000 00000000 00000000  ................
 1310 00000000 00000000 00000000 00000000  ................
 1320 11000000 20000000 28000000 0c000000  .... ...(.......
 1330 00000000 00000000 00000000 00000000  ................
 1340 00000000 00000000 00000000 0f000000  ................
 1350 1f000000 1d000000 07000000 00000000  ................
 1360 00000000 00000000 00000000 00000000  ................
 1370 00000000 00000000 00000000 00000000  ................
 1380 00000000 00000000 00000000 00000000  ................
 1390 00000000 00000000 00000000 19000000  ................
 13a0 27000000 16000000 00000000 00000000  '...............
 13b0 00000000 00000000 00000000 00000000  ................
 13c0 00000000 14000000 21000000 16000000  ........!.......
 13d0 00000000 00000000 00000000 00000000  ................
 13e0 00000000 00000000 06000000 0e000000  ................
 13f0 0e000000 0f000000 11000000 10000000  ................
 1400 11000000 14000000 15000000 00000000  ................
 1410 00000000 14000000 26000000 1f000000  ........&.......
 1420 01000000 00000000 00000000 00000000  ................
 1430 00000000 00000000 05000000 18000000  ................
 1440 1e000000 0c000000 00000000 00000000  ................
 1450 00000000 00000000 00000000 00000000  ................
 1460 00000000 03000000 06000000 06000000  ................
 1470 05000000 04000000 06000000 0f000000  ................
 1480 1c000000 00000000 00000000 0f000000  ................
 1490 20000000 23000000 05000000 00000000   ...#...........
 14a0 00000000 00000000 00000000 00000000  ................
 14b0 09000000 1c000000 1b000000 01000000  ................
 14c0 00000000 00000000 00000000 00000000  ................
 14d0 00000000 00000000 00000000 03000000  ................
 14e0 07000000 06000000 05000000 04000000  ................
 14f0 04000000 0d000000 1c000000 00000000  ................
 1500 00000000 0b000000 1e000000 26000000  ............&...
 1510 09000000 00000000 00000000 00000000  ................
 1520 00000000 00000000 0b000000 1e000000  ................
 1530 1b000000 00000000 00000000 08000000  ................
 1540 06000000 0b000000 01000000 00000000  ................
 1550 07000000 10000000 12000000 11000000  ................
 1560 11000000 0f000000 0e000000 14000000  ................
 1570 1f000000 00000000 00000000 0a000000  ................
 1580 1d000000 27000000 0a000000 00000000  ....'...........
 1590 00000000 00000000 00000000 00000000  ................
 15a0 0a000000 1d000000 1d000000 00000000  ................
 15b0 00000000 00000000 00000000 00000000  ................
 15c0 00000000 00000000 00000000 00000000  ................
 15d0 00000000 00000000 00000000 00000000  ................
 15e0 00000000 02000000 11000000 00000000  ................
 15f0 00000000 0a000000 1c000000 23000000  ............#...
 1600 0a000000 00000000 00000000 00000000  ................
 1610 00000000 00000000 05000000 1a000000  ................
 1620 20000000 05000000 00000000 00000000   ...............
 1630 0f000000 11000000 14000000 14000000  ................
 1640 18000000 1e000000 1c000000 13000000  ................
 1650 0b000000 0d000000 0e000000 13000000  ................
 1660 18000000 00000000 00000000 0b000000  ................
 1670 1e000000 1d000000 05000000 00000000  ................
 1680 00000000 00000000 00000000 00000000  ................
 1690 01000000 17000000 23000000 11000000  ........#.......
 16a0 00000000 00000000 02000000 00000000  ................
 16b0 00000000 00000000 00000000 00000000  ................
 16c0 00000000 00000000 00000000 11000000  ................
 16d0 0e000000 01000000 00000000 00000000  ................
 16e0 00000000 10000000 23000000 15000000  ........#.......
 16f0 02000000 00000000 00000000 00000000  ................
 1700 00000000 00000000 00000000 14000000  ................
 1710 22000000 1c000000 00000000 00000000  "...............
 1720 00000000 00000000 00000000 00000000  ................
 1730 00000000 00000000 00000000 00000000  ................
 1740 00000000 00000000 00000000 00000000  ................
 1750 00000000 00000000 04000000 19000000  ................
 1760 25000000 11000000 00000000 00000000  %...............
 1770 00000000 00000000 00000000 00000000  ................
 1780 00000000 0b000000 1d000000 23000000  ............#...
 1790 14000000 00000000 00000000 00000000  ................
 17a0 00000000 00000000 00000000 00000000  ................
 17b0 00000000 00000000 00000000 00000000  ................
 17c0 00000000 00000000 00000000 00000000  ................
 17d0 11000000 20000000 20000000 09000000  .... ... .......
 17e0 00000000 00000000 00000000 00000000  ................
 17f0 00000000 00000000 00000000 00000000  ................
 1800 16000000 21000000 20000000 0d000000  ....!... .......
 1810 00000000 00000000 00000000 00000000  ................
 1820 00000000 00000000 00000000 00000000  ................
 1830 00000000 00000000 00000000 00000000  ................
 1840 00000000 0a000000 1d000000 21000000  ............!...
 1850 15000000 02000000 00000000 00000000  ................
 1860 00000000 00000000 00000000 00000000  ................
 1870 00000000 00000000 07000000 1a000000  ................
 1880 23000000 1e000000 07000000 00000000  #...............
 1890 00000000 00000000 00000000 00000000  ................
 18a0 00000000 00000000 00000000 00000000  ................
 18b0 00000000 00000000 0a000000 1b000000  ................
 18c0 21000000 1b000000 07000000 00000000  !...............
 18d0 00000000 00000000 00000000 00000000  ................
 18e0 00000000 00000000 00000000 00000000  ................
 18f0 00000000 09000000 1b000000 22000000  ............"...
 1900 22000000 15000000 01000000 00000000  "...............
 1910 00000000 00000000 00000000 00000000  ................
 1920 00000000 00000000 06000000 13000000  ................
 1930 1d000000 22000000 1d000000 0d000000  ...."...........
 1940 00000000 00000000 00000000 00000000  ................
 1950 00000000 00000000 00000000 00000000  ................
 1960 00000000 00000000 00000000 00000000  ................
 1970 0a000000 1a000000 1c000000 22000000  ............"...
 1980 20000000 1b000000 14000000 10000000   ...............
 1990 10000000 10000000 10000000 12000000  ................
 19a0 17000000 1e000000 1e000000 1a000000  ................
 19b0 0b000000 00000000 00000000 00000000  ................
 19c0 00000000 00000000 00000000 00000000  ................
 19d0 00000000 00000000 00000000 00000000  ................
 19e0 00000000 00000000 00000000 08000000  ................
 19f0 19000000 1f000000 1e000000 1c000000  ................
 1a00 1c000000 1a000000 19000000 18000000  ................
 1a10 1b000000 20000000 24000000 22000000  .... ...$..."...
 1a20 18000000 08000000 00000000 00000000  ................
 1a30 00000000 00000000 00000000 00000000  ................
 1a40 00000000 00000000 00000000 00000000  ................
 1a50 00000000 00000000 00000000 00000000  ................
 1a60 00000000 00000000 00000000 11000000  ................
 1a70 1c000000 22000000 21000000 23000000  ...."...!...#...
 1a80 23000000 26000000 25000000 20000000  #...&...%... ...
 1a90 14000000 09000000 00000000 00000000  ................
 1aa0 00000000 00000000 00000000 00000000  ................
 1ab0 00000000 00000000 00000000 00000000  ................
 1ac0 00000000 00000000 00000000 00000000  ................
 1ad0 00000000 00000000 00000000 00000000  ................
 1ae0 00000000 00000000 00000000 00000000  ................
 1af0 06000000 0b000000 0b000000 09000000  ................
 1b00 06000000 00000000 00000000 00000000  ................
 1b10 00000000 00000000 00000000 00000000  ................
 1b20 00000000 00000000 00000000 00000000  ................
 1b30 00000000 00000000 00000000 00000000  ................
 1b40 00000000 00000000 00000000 00000000  ................
 1b50 00000000 00000000 00000000 00000000  ................
 1b60 00000000 00000000 00000000 00000000  ................
 1b70 00000000 00000000 00000000 00000000  ................
 1b80 00000000 00000000 00000000 00000000  ................
 1b90 00000000 00000000 00000000 00000000  ................
 1ba0 00000000 00000000 00000000 00000000  ................
 1bb0 00000000 00000000 00000000 00000000  ................
 1bc0 00000000 00000000 00000000 00000000  ................
 1bd0 00000000 00000000 00000000 00000000  ................
 1be0 00000000 00000000 00000000 00000000  ................
 1bf0 00000000 00000000 00000000 00000000  ................
 1c00 00000000 00000000 00000000 00000000  ................
 1c10 00000000 00000000 00000000 00000000  ................
 1c20 00000000 00000000 00000000 00000000  ................
 1c30 00000000 00000000 01000000 02000000  ................
 1c40 00000000 00000000 00000000 01000000  ................
 1c50 01000000 01000000 01000000 01000000  ................
 1c60 02000000 01000000 01000000 01000000  ................
 1c70 02000000 03000000 03000000 03000000  ................
 1c80 03000000 06000000 02000000 06000000  ................
 1c90 04000000 07000000 00000000 01000000  ................
 1ca0 01000000 01000000 01000000 01000000  ................
 1cb0 01000000 00000000 00000000 00000000  ................
 1cc0 00000000 01000000 01000000 00000000  ................
 1cd0 00000000 00000000 00000000 00000000  ................
 1ce0 01000000 01000000 02000000 01000000  ................
 1cf0 01000000 00000000 01000000 01000000  ................
 1d00 02000000 01000000 01000000 01000000  ................
 1d10 01000000 01000000 01000000 01000000  ................
 1d20 01000000 01000000 01000000 01000000  ................
 1d30 00000000 00000000 00000000 00000000  ................
 1d40 00000000 00000000 00000000 00000000  ................
 1d50 00000000 00000000 00000000 00000000  ................
 1d60 02000000 01000000 00000000 00000000  ................
 1d70 00000000 01000000 02000000 01000000  ................
 1d80 01000000 01000000 01000000 01000000  ................
 1d90 00000000 01000000 00000000 01000000  ................
 1da0 00000000 00000000 00000000 00000000  ................
 1db0 00000000 00000000 00000000 00000000  ................
 1dc0 00000000 00000000 00000000 00000000  ................
 1dd0 00000000 00000000 00000000 00000000  ................
 1de0 01000000 01000000 01000000 01000000  ................
 1df0 02000000 02000000 01000000 00000000  ................
 1e00 00000000 00000000 00000000 00000000  ................
 1e10 00000000 00000000 00000000 00000000  ................
 1e20 00000000 00000000 00000000 00000000  ................
 1e30 00000000 01000000 03000000 05000000  ................
 1e40 07000000 05000000 03000000 00000000  ................
 1e50 00000000 00000000 00000000 00000000  ................
 1e60 01000000 01000000 01000000 01000000  ................
 1e70 00000000 01000000 00000000 00000000  ................
 1e80 00000000 00000000 00000000 00000000  ................
 1e90 00000000 00000000 00000000 00000000  ................
 1ea0 02000000 06000000 09000000 0b000000  ................
 1eb0 0c000000 0b000000 0b000000 09000000  ................
 1ec0 07000000 06000000 04000000 01000000  ................
 1ed0 00000000 00000000 00000000 02000000  ................
 1ee0 02000000 00000000 00000000 00000000  ................
 1ef0 01000000 00000000 00000000 00000000  ................
 1f00 00000000 00000000 00000000 00000000  ................
 1f10 03000000 05000000 0a000000 0d000000  ................
 1f20 0e000000 0e000000 0f000000 0f000000  ................
 1f30 10000000 10000000 0f000000 0d000000  ................
 1f40 09000000 05000000 03000000 00000000  ................
 1f50 00000000 00000000 01000000 00000000  ................
 1f60 00000000 00000000 00000000 00000000  ................
 1f70 00000000 00000000 00000000 00000000  ................
 1f80 00000000 03000000 07000000 0c000000  ................
 1f90 0e000000 0d000000 0b000000 09000000  ................
 1fa0 08000000 07000000 07000000 09000000  ................
 1fb0 0b000000 0f000000 0e000000 0c000000  ................
 1fc0 06000000 04000000 00000000 00000000  ................
 1fd0 00000000 01000000 00000000 00000000  ................
 1fe0 01000000 00000000 00000000 00000000  ................
 1ff0 00000000 00000000 02000000 06000000  ................
 2000 0b000000 0c000000 0b000000 08000000  ................
 2010 05000000 01000000 01000000 01000000  ................
 2020 01000000 01000000 02000000 06000000  ................
 2030 08000000 0b000000 0b000000 05000000  ................
 2040 02000000 02000000 01000000 01000000  ................
 2050 01000000 00000000 00000000 00000000  ................
 2060 00000000 00000000 00000000 03000000  ................
 2070 05000000 0b000000 0b000000 09000000  ................
 2080 06000000 03000000 01000000 00000000  ................
 2090 00000000 00000000 00000000 00000000  ................
 20a0 01000000 01000000 03000000 06000000  ................
 20b0 07000000 0a000000 05000000 04000000  ................
 20c0 04000000 00000000 02000000 00000000  ................
 20d0 00000000 00000000 00000000 00000000  ................
 20e0 02000000 04000000 08000000 0a000000  ................
 20f0 08000000 06000000 04000000 00000000  ................
 2100 00000000 00000000 00000000 00000000  ................
 2110 00000000 00000000 00000000 00000000  ................
 2120 00000000 00000000 05000000 06000000  ................
 2130 08000000 05000000 04000000 03000000  ................
 2140 01000000 01000000 00000000 00000000  ................
 2150 00000000 00000000 03000000 05000000  ................
 2160 09000000 07000000 04000000 02000000  ................
 2170 00000000 00000000 00000000 00000000  ................
 2180 00000000 00000000 00000000 00000000  ................
 2190 00000000 00000000 00000000 00000000  ................
 21a0 00000000 01000000 08000000 07000000  ................
 21b0 04000000 04000000 03000000 02000000  ................
 21c0 00000000 00000000 00000000 02000000  ................
 21d0 03000000 06000000 07000000 05000000  ................
 21e0 02000000 00000000 00000000 00000000  ................
 21f0 00000000 00000000 00000000 00000000  ................
 2200 00000000 00000000 00000000 00000000  ................
 2210 00000000 00000000 00000000 00000000  ................
 2220 05000000 08000000 05000000 05000000  ................
 2230 03000000 03000000 00000000 00000000  ................
 2240 00000000 04000000 03000000 06000000  ................
 2250 05000000 01000000 02000000 00000000  ................
 2260 00000000 00000000 00000000 00000000  ................
 2270 00000000 00000000 00000000 00000000  ................
 2280 00000000 00000000 00000000 00000000  ................
 2290 00000000 06000000 07000000 07000000  ................
 22a0 07000000 05000000 04000000 02000000  ................
 22b0 00000000 00000000 00000000 05000000  ................
 22c0 03000000 05000000 03000000 00000000  ................
 22d0 00000000 00000000 00000000 00000000  ................
 22e0 00000000 00000000 00000000 00000000  ................
 22f0 00000000 00000000 00000000 00000000  ................
 2300 00000000 01000000 00000000 06000000  ................
 2310 06000000 07000000 08000000 06000000  ................
 2320 05000000 02000000 00000000 00000000  ................
 2330 01000000 05000000 04000000 06000000  ................
 2340 02000000 00000000 00000000 00000000  ................
 2350 00000000 00000000 00000000 00000000  ................
 2360 00000000 02000000 02000000 03000000  ................
 2370 03000000 01000000 01000000 02000000  ................
 2380 01000000 04000000 07000000 06000000  ................
 2390 07000000 05000000 04000000 01000000  ................
 23a0 00000000 00000000 00000000 04000000  ................
 23b0 04000000 04000000 04000000 03000000  ................
 23c0 00000000 00000000 00000000 00000000  ................
 23d0 01000000 00000000 00000000 03000000  ................
 23e0 02000000 02000000 02000000 03000000  ................
 23f0 03000000 05000000 02000000 04000000  ................
 2400 07000000 03000000 07000000 04000000  ................
 2410 04000000 02000000 00000000 00000000  ................
 2420 00000000 04000000 04000000 05000000  ................
 2430 06000000 05000000 04000000 00000000  ................
 2440 03000000 04000000 07000000 08000000  ................
 2450 05000000 04000000 01000000 00000000  ................
 2460 00000000 00000000 03000000 08000000  ................
 2470 02000000 04000000 06000000 03000000  ................
 2480 06000000 03000000 05000000 02000000  ................
 2490 00000000 00000000 02000000 05000000  ................
 24a0 05000000 05000000 04000000 06000000  ................
 24b0 08000000 0b000000 0a000000 0c000000  ................
 24c0 0e000000 0e000000 11000000 11000000  ................
 24d0 0f000000 0e000000 0d000000 0d000000  ................
 24e0 0c000000 0a000000 05000000 08000000  ................
 24f0 05000000 05000000 07000000 04000000  ................
 2500 04000000 02000000 00000000 00000000  ................
 2510 02000000 06000000 05000000 06000000  ................
 2520 04000000 04000000 07000000 08000000  ................
 2530 06000000 07000000 03000000 03000000  ................
 2540 02000000 01000000 03000000 06000000  ................
 2550 0a000000 0b000000 09000000 04000000  ................
 2560 00000000 04000000 04000000 09000000  ................
 2570 0a000000 06000000 06000000 01000000  ................
 2580 00000000 00000000 00000000 04000000  ................
 2590 04000000 06000000 03000000 02000000  ................
 25a0 02000000 01000000 02000000 01000000  ................
 25b0 00000000 00000000 00000000 00000000  ................
 25c0 00000000 01000000 02000000 01000000  ................
 25d0 00000000 00000000 00000000 02000000  ................
 25e0 06000000 0b000000 08000000 08000000  ................
 25f0 04000000 01000000 00000000 00000000  ................
 2600 00000000 02000000 04000000 06000000  ................
 2610 06000000 03000000 02000000 00000000  ................
 2620 00000000 01000000 01000000 01000000  ................
 2630 01000000 00000000 00000000 01000000  ................
 2640 01000000 00000000 00000000 00000000  ................
 2650 01000000 04000000 08000000 09000000  ................
 2660 05000000 06000000 01000000 01000000  ................
 2670 00000000 00000000 00000000 00000000  ................
 2680 05000000 05000000 08000000 05000000  ................
 2690 02000000 00000000 00000000 00000000  ................
 26a0 01000000 02000000 02000000 02000000  ................
 26b0 02000000 01000000 00000000 00000000  ................
 26c0 00000000 01000000 02000000 07000000  ................
 26d0 0a000000 07000000 06000000 05000000  ................
 26e0 02000000 01000000 01000000 00000000  ................
 26f0 00000000 00000000 01000000 05000000  ................
 2700 06000000 08000000 04000000 01000000  ................
 2710 00000000 00000000 00000000 00000000  ................
 2720 00000000 00000000 00000000 00000000  ................
 2730 00000000 00000000 00000000 03000000  ................
 2740 09000000 0d000000 09000000 07000000  ................
 2750 07000000 03000000 02000000 01000000  ................
 2760 00000000 00000000 00000000 01000000  ................
 2770 00000000 03000000 06000000 08000000  ................
 2780 09000000 06000000 05000000 02000000  ................
 2790 00000000 00000000 00000000 00000000  ................
 27a0 00000000 00000000 00000000 01000000  ................
 27b0 06000000 0a000000 0d000000 0a000000  ................
 27c0 08000000 06000000 03000000 01000000  ................
 27d0 00000000 00000000 00000000 00000000  ................
 27e0 00000000 00000000 00000000 00000000  ................
 27f0 03000000 08000000 0a000000 0d000000  ................
 2800 0a000000 08000000 05000000 05000000  ................
 2810 04000000 04000000 05000000 06000000  ................
 2820 08000000 0a000000 0d000000 0d000000  ................
 2830 09000000 07000000 04000000 01000000  ................
 2840 00000000 00000000 00000000 00000000  ................
 2850 01000000 01000000 02000000 03000000  ................
 2860 01000000 01000000 01000000 04000000  ................
 2870 07000000 09000000 0f000000 0e000000  ................
 2880 0c000000 0a000000 09000000 0a000000  ................
 2890 0b000000 0c000000 0d000000 0d000000  ................
 28a0 0c000000 09000000 08000000 04000000  ................
 28b0 02000000 01000000 00000000 00000000  ................
 28c0 00000000 00000000 01000000 00000000  ................
 28d0 02000000 02000000 01000000 01000000  ................
 28e0 00000000 01000000 02000000 06000000  ................
 28f0 07000000 0a000000 0c000000 0d000000  ................
 2900 0d000000 0e000000 0d000000 0e000000  ................
 2910 0c000000 0a000000 07000000 06000000  ................
 2920 02000000 01000000 00000000 00000000  ................
 2930 00000000 00000000 00000000 00000000  ................
 2940 00000000 01000000 00000000 01000000  ................
 2950 01000000 00000000 00000000 01000000  ................
 2960 00000000 00000000 01000000 03000000  ................
 2970 05000000 06000000 08000000 08000000  ................
 2980 08000000 07000000 05000000 04000000  ................
 2990 03000000 01000000 01000000 01000000  ................
 29a0 00000000 00000000 00000000 00000000  ................
 29b0 00000000 01000000 00000000 01000000  ................
 29c0 01000000 01000000 00000000 00000000  ................
 29d0 00000000 01000000 01000000 01000000  ................
 29e0 00000000 00000000 01000000 02000000  ................
 29f0 01000000 01000000 00000000 00000000  ................
 2a00 01000000 01000000 00000000 01000000  ................
 2a10 01000000 01000000 01000000 01000000  ................
 2a20 01000000 01000000 01000000 01000000  ................
 2a30 00000000 00000000 00000000 00000000  ................
 2a40 00000000 00000000 00000000 00000000  ................
 2a50 00000000 00000000 00000000 00000000  ................
 2a60 00000000 00000000 00000000 00000000  ................
 2a70 00000000 00000000 00000000 00000000  ................
 2a80 00000000 00000000 00000000 00000000  ................
 2a90 00000000 00000000 02000000 07000000  ................
 2aa0 03000000 00000000 00000000 00000000  ................
 2ab0 00000000 00000000 00000000 00000000  ................
 2ac0 00000000 00000000 00000000 00000000  ................
 2ad0 00000000 00000000 00000000 00000000  ................
 2ae0 00000000 00000000 00000000 00000000  ................
 2af0 00000000 00000000 00000000 00000000  ................
 2b00 00000000 00000000 00000000 00000000  ................
 2b10 00000000 00000000 00000000 00000000  ................
 2b20 00000000 00000000 00000000 00000000  ................
 2b30 00000000 00000000 00000000 00000000  ................
 2b40 00000000 00000000 00000000 00000000  ................
 2b50 00000000 00000000 00000000 00000000  ................
 2b60 00000000 00000000 00000000 00000000  ................
 2b70 00000000 00000000 00000000 00000000  ................
 2b80 00000000 00000000 00000000 00000000  ................
 2b90 00000000 00000000 00000000 00000000  ................
 2ba0 00000000 00000000 00000000 00000000  ................
 2bb0 00000000 00000000 00000000 00000000  ................
 2bc0 00000000 00000000 00000000 00000000  ................
 2bd0 00000000 00000000 00000000 00000000  ................
 2be0 00000000 00000000 00000000 00000000  ................
 2bf0 00000000 00000000 00000000 00000000  ................
 2c00 00000000 00000000 00000000 00000000  ................
 2c10 00000000 00000000 00000000 00000000  ................
 2c20 00000000 00000000 00000000 00000000  ................
 2c30 00000000 00000000 00000000 00000000  ................
 2c40 00000000 00000000 00000000 00000000  ................
 2c50 00000000 00000000 00000000 00000000  ................
 2c60 00000000 00000000 00000000 00000000  ................
 2c70 00000000 00000000 00000000 00000000  ................
 2c80 00000000 00000000 00000000 00000000  ................
 2c90 00000000 00000000 00000000 00000000  ................
 2ca0 00000000 00000000 00000000 00000000  ................
 2cb0 00000000 00000000 02000000 0c000000  ................
 2cc0 0e000000 0c000000 07000000 00000000  ................
 2cd0 00000000 00000000 00000000 05000000  ................
 2ce0 03000000 00000000 00000000 00000000  ................
 2cf0 00000000 00000000 00000000 00000000  ................
 2d00 00000000 00000000 00000000 00000000  ................
 2d10 00000000 00000000 00000000 00000000  ................
 2d20 00000000 00000000 02000000 13000000  ................
 2d30 1d000000 23000000 24000000 1e000000  ....#...$.......
 2d40 1a000000 17000000 0e000000 00000000  ................
 2d50 00000000 00000000 08000000 09000000  ................
 2d60 09000000 05000000 00000000 00000000  ................
 2d70 00000000 00000000 00000000 00000000  ................
 2d80 00000000 00000000 00000000 00000000  ................
 2d90 00000000 00000000 00000000 0d000000  ................
 2da0 23000000 2d000000 2a000000 22000000  #...-...*..."...
 2db0 17000000 0a000000 04000000 07000000  ................
 2dc0 08000000 06000000 00000000 00000000  ................
 2dd0 00000000 07000000 10000000 14000000  ................
 2de0 08000000 00000000 00000000 00000000  ................
 2df0 00000000 00000000 00000000 00000000  ................
 2e00 00000000 00000000 00000000 00000000  ................
 2e10 0d000000 2c000000 35000000 27000000  ....,...5...'...
 2e20 11000000 02000000 00000000 00000000  ................
 2e30 00000000 00000000 00000000 00000000  ................
 2e40 00000000 00000000 00000000 00000000  ................
 2e50 0a000000 19000000 16000000 04000000  ................
 2e60 00000000 00000000 00000000 00000000  ................
 2e70 00000000 00000000 00000000 00000000  ................
 2e80 00000000 06000000 2b000000 36000000  ........+...6...
 2e90 21000000 08000000 00000000 00000000  !...............
 2ea0 00000000 00000000 00000000 00000000  ................
 2eb0 00000000 00000000 00000000 00000000  ................
 2ec0 00000000 00000000 00000000 13000000  ................
 2ed0 1e000000 12000000 00000000 00000000  ................
 2ee0 00000000 00000000 00000000 00000000  ................
 2ef0 00000000 00000000 00000000 23000000  ............#...
 2f00 39000000 27000000 08000000 00000000  9...'...........
 2f10 00000000 00000000 00000000 00000000  ................
 2f20 00000000 00000000 00000000 00000000  ................
 2f30 00000000 00000000 00000000 00000000  ................
 2f40 00000000 02000000 1f000000 23000000  ............#...
 2f50 03000000 00000000 00000000 00000000  ................
 2f60 00000000 00000000 00000000 00000000  ................
 2f70 0e000000 32000000 2f000000 07000000  ....2.../.......
 2f80 00000000 00000000 00000000 00000000  ................
 2f90 00000000 00000000 00000000 00000000  ................
 2fa0 00000000 00000000 00000000 00000000  ................
 2fb0 00000000 00000000 00000000 00000000  ................
 2fc0 19000000 2d000000 13000000 00000000  ....-...........
 2fd0 00000000 00000000 00000000 00000000  ................
 2fe0 00000000 00000000 1c000000 34000000  ............4...
 2ff0 1a000000 00000000 00000000 00000000  ................
 3000 00000000 00000000 00000000 00000000  ................
 3010 00000000 00000000 00000000 00000000  ................
 3020 00000000 00000000 00000000 00000000  ................
 3030 00000000 00000000 11000000 2d000000  ............-...
 3040 1e000000 00000000 00000000 00000000  ................
 3050 00000000 00000000 00000000 00000000  ................
 3060 24000000 2d000000 08000000 00000000  $...-...........
 3070 00000000 00000000 00000000 00000000  ................
 3080 00000000 00000000 01000000 00000000  ................
 3090 00000000 00000000 00000000 09000000  ................
 30a0 2c000000 1e000000 00000000 00000000  ,...............
 30b0 09000000 2c000000 29000000 02000000  ....,...).......
 30c0 00000000 00000000 00000000 00000000  ................
 30d0 00000000 02000000 26000000 1d000000  ........&.......
 30e0 00000000 00000000 00000000 00000000  ................
 30f0 00000000 00000000 00000000 00000000  ................
 3100 02000000 01000000 00000000 00000000  ................
 3110 00000000 0c000000 31000000 26000000  ........1...&...
 3120 00000000 00000000 03000000 2b000000  ............+...
 3130 2e000000 07000000 00000000 00000000  ................
 3140 00000000 00000000 00000000 05000000  ................
 3150 25000000 11000000 00000000 00000000  %...............
 3160 00000000 00000000 00000000 00000000  ................
 3170 00000000 08000000 09000000 09000000  ................
 3180 07000000 04000000 02000000 0e000000  ................
 3190 2f000000 21000000 00000000 00000000  /...!...........
 31a0 02000000 2c000000 31000000 08000000  ....,...1.......
 31b0 00000000 00000000 00000000 00000000  ................
 31c0 00000000 03000000 23000000 11000000  ........#.......
 31d0 00000000 00000000 02000000 10000000  ................
 31e0 08000000 00000000 00000000 0a000000  ................
 31f0 0c000000 0e000000 0a000000 08000000  ................
 3200 09000000 12000000 30000000 1c000000  ........0.......
 3210 00000000 00000000 05000000 2f000000  ............/...
 3220 31000000 08000000 00000000 00000000  1...............
 3230 00000000 00000000 00000000 00000000  ................
 3240 1d000000 1c000000 00000000 00000000  ................
 3250 05000000 13000000 12000000 0d000000  ................
 3260 03000000 00000000 00000000 00000000  ................
 3270 00000000 00000000 07000000 13000000  ................
 3280 21000000 04000000 00000000 00000000  !...............
 3290 0b000000 34000000 2e000000 04000000  ....4...........
 32a0 00000000 00000000 00000000 00000000  ................
 32b0 00000000 00000000 16000000 23000000  ............#...
 32c0 06000000 00000000 16000000 2c000000  ............,...
 32d0 1d000000 19000000 1b000000 1d000000  ................
 32e0 20000000 14000000 03000000 0e000000   ...............
 32f0 21000000 25000000 1d000000 00000000  !...%...........
 3300 00000000 00000000 18000000 3a000000  ............:...
 3310 23000000 00000000 00000000 00000000  #...............
 3320 00000000 00000000 00000000 00000000  ................
 3330 0a000000 20000000 16000000 02000000  .... ...........
 3340 11000000 18000000 06000000 00000000  ................
 3350 00000000 00000000 00000000 00000000  ................
 3360 00000000 15000000 25000000 0f000000  ........%.......
 3370 00000000 00000000 00000000 00000000  ................
 3380 28000000 3c000000 17000000 00000000  (...<...........
 3390 00000000 00000000 00000000 00000000  ................
 33a0 00000000 00000000 00000000 14000000  ................
 33b0 19000000 0b000000 00000000 00000000  ................
 33c0 00000000 00000000 00000000 00000000  ................
 33d0 00000000 00000000 00000000 00000000  ................
 33e0 00000000 00000000 00000000 00000000  ................
 33f0 00000000 0e000000 38000000 33000000  ........8...3...
 3400 08000000 00000000 00000000 00000000  ................
 3410 00000000 00000000 00000000 00000000  ................
 3420 00000000 06000000 13000000 10000000  ................
 3430 04000000 00000000 00000000 00000000  ................
 3440 00000000 00000000 00000000 00000000  ................
 3450 00000000 00000000 00000000 00000000  ................
 3460 00000000 00000000 00000000 27000000  ............'...
 3470 39000000 1e000000 00000000 00000000  9...............
 3480 00000000 00000000 00000000 00000000  ................
 3490 00000000 00000000 00000000 00000000  ................
 34a0 07000000 0c000000 00000000 00000000  ................
 34b0 00000000 00000000 00000000 00000000  ................
 34c0 00000000 00000000 00000000 00000000  ................
 34d0 00000000 00000000 00000000 00000000  ................
 34e0 1d000000 37000000 2c000000 0a000000  ....7...,.......
 34f0 00000000 00000000 00000000 00000000  ................
 3500 00000000 00000000 00000000 00000000  ................
 3510 00000000 00000000 00000000 04000000  ................
 3520 03000000 00000000 00000000 00000000  ................
 3530 00000000 00000000 00000000 00000000  ................
 3540 00000000 00000000 00000000 00000000  ................
 3550 00000000 1b000000 32000000 34000000  ........2...4...
 3560 16000000 00000000 00000000 00000000  ................
 3570 00000000 00000000 00000000 00000000  ................
 3580 00000000 00000000 00000000 00000000  ................
 3590 00000000 00000000 00000000 04000000  ................
 35a0 00000000 00000000 00000000 00000000  ................
 35b0 00000000 00000000 00000000 00000000  ................
 35c0 00000000 06000000 1f000000 32000000  ............2...
 35d0 33000000 1b000000 00000000 00000000  3...............
 35e0 00000000 00000000 00000000 00000000  ................
 35f0 00000000 00000000 00000000 00000000  ................
 3600 00000000 00000000 00000000 00000000  ................
 3610 00000000 00000000 00000000 00000000  ................
 3620 00000000 00000000 00000000 00000000  ................
 3630 00000000 05000000 12000000 22000000  ............"...
 3640 31000000 2c000000 15000000 01000000  1...,...........
 3650 00000000 00000000 00000000 00000000  ................
 3660 00000000 00000000 00000000 00000000  ................
 3670 00000000 00000000 00000000 00000000  ................
 3680 00000000 00000000 01000000 06000000  ................
 3690 08000000 05000000 06000000 07000000  ................
 36a0 0a000000 0d000000 14000000 1e000000  ................
 36b0 28000000 30000000 27000000 10000000  (...0...'.......
 36c0 00000000 00000000 00000000 00000000  ................
 36d0 00000000 00000000 00000000 00000000  ................
 36e0 00000000 00000000 00000000 00000000  ................
 36f0 00000000 00000000 00000000 00000000  ................
 3700 00000000 01000000 0e000000 13000000  ................
 3710 16000000 17000000 1b000000 20000000  ............ ...
 3720 24000000 27000000 22000000 12000000  $...'...".......
 3730 03000000 00000000 00000000 00000000  ................
 3740 00000000 00000000 00000000 00000000  ................
 3750 00000000 00000000 00000000 00000000  ................
 3760 00000000 00000000 00000000 00000000  ................
 3770 00000000 00000000 00000000 00000000  ................
 3780 00000000 00000000 07000000 0c000000  ................
 3790 11000000 11000000 0e000000 09000000  ................
 37a0 01000000 00000000 00000000 00000000  ................
 37b0 00000000 00000000 00000000 00000000  ................
 37c0 00000000 00000000 00000000 00000000  ................
 37d0 00000000 00000000 00000000 00000000  ................
 37e0 00000000 00000000 00000000 00000000  ................
 37f0 00000000 00000000 00000000 00000000  ................
 3800 00000000 00000000 00000000 00000000  ................
 3810 00000000 00000000 00000000 00000000  ................
 3820 00000000 00000000 00000000 00000000  ................
 3830 00000000 00000000 00000000 00000000  ................
 3840 65000000 64000000 64000000 64000000  e...d...d...d...
 3850 64000000 64000000 63000000 61000000  d...d...c...a...
 3860 61000000 63000000 66000000 66000000  a...c...f...f...
 3870 64000000 64000000 65000000 63000000  d...d...e...c...
 3880 62000000 62000000 64000000 64000000  b...b...d...d...
 3890 65000000 66000000 66000000 66000000  e...f...f...f...
 38a0 67000000 68000000 65000000 66000000  g...h...e...f...
 38b0 65000000 67000000 64000000 65000000  e...g...d...e...
 38c0 64000000 64000000 65000000 65000000  d...d...e...e...
 38d0 64000000 62000000 61000000 63000000  d...b...a...c...
 38e0 65000000 65000000 65000000 64000000  e...e...e...d...
 38f0 62000000 61000000 61000000 61000000  b...a...a...a...
 3900 63000000 65000000 65000000 65000000  c...e...e...e...
 3910 66000000 68000000 69000000 69000000  f...h...i...i...
 3920 69000000 6a000000 69000000 68000000  i...j...i...h...
 3930 65000000 64000000 64000000 64000000  e...d...d...d...
 3940 65000000 65000000 64000000 63000000  e...e...d...c...
 3950 62000000 62000000 63000000 60000000  b...b...c...`...
 3960 59000000 52000000 4b000000 47000000  Y...R...K...G...
 3970 46000000 49000000 4e000000 57000000  F...I...N...W...
 3980 5e000000 62000000 64000000 67000000  ^...b...d...g...
 3990 69000000 69000000 6a000000 69000000  i...i...j...i...
 39a0 68000000 68000000 65000000 65000000  h...h...e...e...
 39b0 64000000 64000000 64000000 64000000  d...d...d...d...
 39c0 64000000 62000000 5e000000 5a000000  d...b...^...Z...
 39d0 54000000 46000000 38000000 2b000000  T...F...8...+...
 39e0 22000000 1e000000 1d000000 21000000  "...........!...
 39f0 29000000 37000000 45000000 50000000  )...7...E...P...
 3a00 5a000000 64000000 67000000 69000000  Z...d...g...i...
 3a10 69000000 67000000 66000000 67000000  i...g...f...g...
 3a20 64000000 64000000 63000000 63000000  d...d...c...c...
 3a30 63000000 63000000 61000000 5d000000  c...c...a...]...
 3a40 53000000 43000000 2f000000 20000000  S...C.../... ...
 3a50 17000000 12000000 10000000 0f000000  ................
 3a60 10000000 0f000000 10000000 13000000  ................
 3a70 1a000000 2a000000 40000000 54000000  ....*...@...T...
 3a80 60000000 66000000 67000000 66000000  `...f...g...f...
 3a90 66000000 67000000 65000000 64000000  f...g...e...d...
 3aa0 64000000 64000000 63000000 62000000  d...d...c...b...
 3ab0 5c000000 4f000000 3a000000 26000000  \...O...:...&...
 3ac0 18000000 11000000 10000000 13000000  ................
 3ad0 19000000 1c000000 1b000000 17000000  ................
 3ae0 13000000 0f000000 0c000000 0f000000  ................
 3af0 20000000 36000000 4c000000 5d000000   ...6...L...]...
 3b00 65000000 65000000 65000000 66000000  e...e...e...f...
 3b10 64000000 64000000 64000000 64000000  d...d...d...d...
 3b20 62000000 5d000000 50000000 3a000000  b...]...P...:...
 3b30 22000000 13000000 13000000 19000000  "...............
 3b40 26000000 34000000 40000000 45000000  &...4...@...E...
 3b50 44000000 3e000000 36000000 29000000  D...>...6...)...
 3b60 1b000000 0f000000 0e000000 1a000000  ................
 3b70 32000000 4a000000 5c000000 63000000  2...J...\...c...
 3b80 65000000 65000000 64000000 64000000  e...e...d...d...
 3b90 64000000 63000000 60000000 53000000  d...c...`...S...
 3ba0 3d000000 24000000 14000000 15000000  =...$...........
 3bb0 23000000 37000000 49000000 55000000  #...7...I...U...
 3bc0 5c000000 60000000 60000000 60000000  \...`...`...`...
 3bd0 5d000000 51000000 3b000000 27000000  ]...Q...;...'...
 3be0 16000000 0f000000 1a000000 35000000  ............5...
 3bf0 4f000000 5f000000 64000000 65000000  O..._...d...e...
 3c00 64000000 64000000 64000000 61000000  d...d...d...a...
 3c10 58000000 45000000 29000000 16000000  X...E...).......
 3c20 15000000 25000000 3e000000 52000000  ....%...>...R...
 3c30 5d000000 61000000 63000000 64000000  ]...a...c...d...
 3c40 65000000 67000000 67000000 67000000  e...g...g...g...
 3c50 5d000000 47000000 2d000000 16000000  ]...G...-.......
 3c60 0f000000 21000000 3e000000 56000000  ....!...>...V...
 3c70 63000000 64000000 64000000 63000000  c...d...d...c...
 3c80 62000000 5c000000 4e000000 33000000  b...\...N...3...
 3c90 19000000 14000000 22000000 3b000000  ........"...;...
 3ca0 53000000 5e000000 63000000 64000000  S...^...c...d...
 3cb0 64000000 64000000 64000000 66000000  d...d...d...f...
 3cc0 67000000 68000000 67000000 5e000000  g...h...g...^...
 3cd0 46000000 2b000000 15000000 14000000  F...+...........
 3ce0 2b000000 48000000 5e000000 63000000  +...H...^...c...
 3cf0 64000000 62000000 60000000 57000000  d...b...`...W...
 3d00 43000000 24000000 13000000 1a000000  C...$...........
 3d10 34000000 4f000000 5e000000 62000000  4...O...^...b...
 3d20 61000000 5f000000 59000000 55000000  a..._...Y...U...
 3d30 56000000 57000000 5a000000 5b000000  V...W...Z...[...
 3d40 5e000000 60000000 56000000 3c000000  ^...`...V...<...
 3d50 21000000 11000000 1c000000 3a000000  !...........:...
 3d60 56000000 62000000 64000000 63000000  V...b...d...c...
 3d70 5e000000 51000000 39000000 1b000000  ^...Q...9.......
 3d80 14000000 24000000 40000000 57000000  ....$...@...W...
 3d90 5c000000 5a000000 51000000 42000000  \...Z...Q...B...
 3da0 34000000 2c000000 2e000000 31000000  4...,.......1...
 3db0 33000000 34000000 36000000 3b000000  3...4...6...;...
 3dc0 44000000 3d000000 2d000000 15000000  D...=...-.......
 3dd0 14000000 2f000000 4f000000 61000000  ..../...O...a...
 3de0 63000000 62000000 5d000000 4d000000  c...b...]...M...
 3df0 30000000 16000000 17000000 2d000000  0...........-...
 3e00 49000000 54000000 4c000000 43000000  I...T...L...C...
 3e10 3a000000 29000000 18000000 0c000000  :...)...........
 3e20 0c000000 0d000000 0d000000 0d000000  ................
 3e30 0e000000 12000000 23000000 33000000  ........#...3...
 3e40 31000000 1b000000 12000000 26000000  1...........&...
 3e50 47000000 5f000000 63000000 62000000  G..._...c...b...
 3e60 5b000000 49000000 2a000000 14000000  [...I...*.......
 3e70 1c000000 33000000 4c000000 51000000  ....3...L...Q...
 3e80 45000000 38000000 2a000000 23000000  E...8...*...#...
 3e90 15000000 09000000 08000000 08000000  ................
 3ea0 09000000 09000000 09000000 0c000000  ................
 3eb0 19000000 32000000 37000000 21000000  ....2...7...!...
 3ec0 13000000 21000000 41000000 5b000000  ....!...A...[...
 3ed0 63000000 61000000 58000000 46000000  c...a...X...F...
 3ee0 25000000 13000000 1d000000 34000000  %...........4...
 3ef0 44000000 3f000000 35000000 2b000000  D...?...5...+...
 3f00 24000000 1f000000 12000000 08000000  $...............
 3f10 08000000 09000000 09000000 09000000  ................
 3f20 09000000 0c000000 1a000000 34000000  ............4...
 3f30 3b000000 25000000 13000000 1f000000  ;...%...........
 3f40 3f000000 5b000000 62000000 61000000  ?...[...b...a...
 3f50 59000000 45000000 24000000 12000000  Y...E...$.......
 3f60 1d000000 32000000 35000000 25000000  ....2...5...%...
 3f70 1c000000 1b000000 1f000000 22000000  ............"...
 3f80 1b000000 16000000 15000000 15000000  ................
 3f90 16000000 14000000 12000000 12000000  ................
 3fa0 20000000 37000000 3f000000 25000000   ...7...?...%...
 3fb0 13000000 1e000000 3e000000 5b000000  ........>...[...
 3fc0 62000000 61000000 5a000000 45000000  b...a...Z...E...
 3fd0 26000000 13000000 1e000000 33000000  &...........3...
 3fe0 3b000000 2c000000 21000000 1e000000  ;...,...!.......
 3ff0 24000000 28000000 28000000 27000000  $...(...(...'...
 4000 24000000 23000000 23000000 22000000  $...#...#..."...
 4010 20000000 1f000000 28000000 3a000000   .......(...:...
 4020 3d000000 22000000 13000000 20000000  =..."....... ...
 4030 41000000 5d000000 62000000 61000000  A...]...b...a...
 4040 5c000000 4a000000 2a000000 13000000  \...J...*.......
 4050 1c000000 35000000 42000000 35000000  ....5...B...5...
 4060 28000000 2c000000 34000000 38000000  (...,...4...8...
 4070 36000000 32000000 2f000000 2c000000  6...2.../...,...
 4080 26000000 23000000 22000000 2a000000  &...#..."...*...
 4090 36000000 42000000 39000000 1d000000  6...B...9.......
 40a0 13000000 24000000 47000000 5f000000  ....$...G..._...
 40b0 61000000 61000000 5e000000 4e000000  a...a...^...N...
 40c0 31000000 16000000 15000000 30000000  1...........0...
 40d0 4a000000 4f000000 46000000 4b000000  J...O...F...K...
 40e0 59000000 5f000000 60000000 5e000000  Y..._...`...^...
 40f0 5a000000 53000000 44000000 3a000000  Z...S...D...:...
 4100 3d000000 49000000 4d000000 48000000  =...I...M...H...
 4110 30000000 17000000 16000000 2d000000  0...........-...
 4120 4e000000 60000000 61000000 60000000  N...`...a...`...
 4130 5e000000 54000000 39000000 1c000000  ^...T...9.......
 4140 10000000 22000000 44000000 5a000000  ...."...D...Z...
 4150 5e000000 5f000000 61000000 64000000  ^..._...a...d...
 4160 65000000 64000000 65000000 65000000  e...d...e...e...
 4170 60000000 57000000 55000000 59000000  `...W...U...Y...
 4180 54000000 40000000 22000000 14000000  T...@...".......
 4190 1d000000 38000000 58000000 62000000  ....8...X...b...
 41a0 61000000 5f000000 5f000000 5a000000  a..._..._...Z...
 41b0 44000000 27000000 11000000 13000000  D...'...........
 41c0 2d000000 49000000 5c000000 63000000  -...I...\...c...
 41d0 64000000 63000000 63000000 63000000  d...c...c...c...
 41e0 64000000 65000000 64000000 61000000  d...e...d...a...
 41f0 5f000000 58000000 47000000 2d000000  _...X...G...-...
 4200 17000000 15000000 27000000 47000000  ........'...G...
 4210 5d000000 63000000 62000000 60000000  ]...c...b...`...
 4220 60000000 5f000000 51000000 35000000  `..._...Q...5...
 4230 1a000000 0e000000 19000000 32000000  ............2...
 4240 4b000000 5c000000 63000000 63000000  K...\...c...c...
 4250 64000000 64000000 64000000 65000000  d...d...d...e...
 4260 64000000 61000000 5a000000 4a000000  d...a...Z...J...
 4270 30000000 19000000 11000000 1c000000  0...............
 4280 36000000 54000000 61000000 64000000  6...T...a...d...
 4290 63000000 61000000 61000000 60000000  c...a...a...`...
 42a0 5c000000 47000000 2c000000 15000000  \...G...,.......
 42b0 0d000000 18000000 2e000000 45000000  ............E...
 42c0 53000000 5d000000 63000000 64000000  S...]...c...d...
 42d0 64000000 63000000 5e000000 53000000  d...c...^...S...
 42e0 41000000 2b000000 19000000 10000000  A...+...........
 42f0 18000000 2f000000 4b000000 5e000000  ..../...K...^...
 4300 63000000 64000000 64000000 62000000  c...d...d...b...
 4310 61000000 60000000 5f000000 57000000  a...`..._...W...
 4320 42000000 27000000 14000000 0c000000  B...'...........
 4330 11000000 20000000 31000000 42000000  .... ...1...B...
 4340 4c000000 4f000000 4e000000 49000000  L...O...N...I...
 4350 3f000000 30000000 20000000 15000000  ?...0... .......
 4360 11000000 19000000 2c000000 47000000  ........,...G...
 4370 5b000000 61000000 63000000 65000000  [...a...c...e...
 4380 61000000 61000000 61000000 60000000  a...a...a...`...
 4390 5f000000 5d000000 54000000 41000000  _...]...T...A...
 43a0 2b000000 19000000 0f000000 0c000000  +...............
 43b0 11000000 19000000 1d000000 20000000  ............ ...
 43c0 20000000 1f000000 1a000000 15000000   ...............
 43d0 10000000 11000000 1c000000 30000000  ............0...
 43e0 47000000 59000000 62000000 63000000  G...Y...b...c...
 43f0 63000000 63000000 61000000 61000000  c...c...a...a...
 4400 5f000000 5f000000 5e000000 5d000000  _..._...^...]...
 4410 5c000000 57000000 48000000 35000000  \...W...H...5...
 4420 22000000 15000000 0e000000 0e000000  "...............
 4430 0e000000 0f000000 0f000000 0f000000  ................
 4440 0f000000 10000000 18000000 25000000  ............%...
 4450 37000000 4c000000 5a000000 61000000  7...L...Z...a...
 4460 63000000 64000000 64000000 64000000  c...d...d...d...
 4470 62000000 61000000 61000000 61000000  b...a...a...a...
 4480 60000000 5e000000 5d000000 5d000000  `...^...]...]...
 4490 5e000000 55000000 44000000 32000000  ^...U...D...2...
 44a0 26000000 1e000000 1a000000 18000000  &...............
 44b0 19000000 1a000000 20000000 2a000000  ........ ...*...
 44c0 38000000 46000000 55000000 5d000000  8...F...U...]...
 44d0 62000000 64000000 64000000 64000000  b...d...d...d...
 44e0 64000000 64000000 61000000 60000000  d...d...a...`...
 44f0 61000000 61000000 61000000 5f000000  a...a...a..._...
 4500 5d000000 5e000000 60000000 61000000  ]...^...`...a...
 4510 5e000000 57000000 4d000000 44000000  ^...W...M...D...
 4520 3e000000 3c000000 3c000000 40000000  >...<...<...@...
 4530 45000000 4c000000 54000000 5c000000  E...L...T...\...
 4540 61000000 63000000 64000000 64000000  a...c...d...d...
 4550 64000000 64000000 64000000 64000000  d...d...d...d...
 4560 60000000 61000000 61000000 60000000  `...a...a...`...
 4570 60000000 5f000000 5e000000 5f000000  `..._...^..._...
 4580 61000000 61000000 61000000 61000000  a...a...a...a...
 4590 5f000000 5e000000 5c000000 5b000000  _...^...\...[...
 45a0 5b000000 5b000000 5e000000 60000000  [...[...^...`...
 45b0 61000000 63000000 63000000 63000000  a...c...c...c...
 45c0 64000000 64000000 64000000 64000000  d...d...d...d...
 45d0 64000000 64000000 60000000 60000000  d...d...`...`...
 45e0 60000000 61000000 5f000000 5e000000  `...a..._...^...
 45f0 5e000000 5f000000 61000000 61000000  ^..._...a...a...
 4600 60000000 61000000 60000000 60000000  `...a...`...`...
 4610 61000000 61000000 61000000 61000000  a...a...a...a...
 4620 62000000 64000000 64000000 64000000  b...d...d...d...
 4630 64000000 63000000 64000000 65000000  d...c...d...e...
 4640 64000000 62000000 62000000 62000000  d...b...b...b...
 4650 00000000 00000000 00000000 00000000  ................
 4660 00000000 00000000 00000000 00000000  ................
 4670 00000000 00000000 00000000 00000000  ................
 4680 00000000 00000000 00000000 00000000  ................
 4690 00000000 00000000 00000000 00000000  ................
 46a0 00000000 00000000 00000000 00000000  ................
 46b0 00000000 00000000 00000000 00000000  ................
 46c0 00000000 00000000 00000000 00000000  ................
 46d0 00000000 00000000 00000000 00000000  ................
 46e0 00000000 00000000 00000000 00000000  ................
 46f0 00000000 00000000 00000000 00000000  ................
 4700 00000000 00000000 00000000 00000000  ................
 4710 00000000 00000000 00000000 00000000  ................
 4720 00000000 00000000 00000000 00000000  ................
 4730 00000000 00000000 00000000 00000000  ................
 4740 00000000 00000000 00000000 00000000  ................
 4750 00000000 00000000 00000000 00000000  ................
 4760 00000000 00000000 00000000 00000000  ................
 4770 00000000 00000000 00000000 00000000  ................
 4780 00000000 00000000 00000000 00000000  ................
 4790 00000000 00000000 00000000 00000000  ................
 47a0 00000000 00000000 00000000 00000000  ................
 47b0 00000000 00000000 00000000 00000000  ................
 47c0 00000000 00000000 00000000 00000000  ................
 47d0 00000000 00000000 00000000 00000000  ................
 47e0 00000000 00000000 00000000 00000000  ................
 47f0 00000000 00000000 00000000 00000000  ................
 4800 00000000 00000000 00000000 00000000  ................
 4810 00000000 00000000 00000000 00000000  ................
 4820 00000000 00000000 00000000 00000000  ................
 4830 00000000 00000000 00000000 00000000  ................
 4840 00000000 00000000 00000000 00000000  ................
 4850 00000000 00000000 00000000 00000000  ................
 4860 00000000 00000000 00000000 00000000  ................
 4870 00000000 00000000 00000000 00000000  ................
 4880 00000000 00000000 00000000 00000000  ................
 4890 00000000 00000000 00000000 00000000  ................
 48a0 00000000 00000000 00000000 00000000  ................
 48b0 00000000 00000000 00000000 00000000  ................
 48c0 00000000 00000000 00000000 00000000  ................
 48d0 00000000 00000000 03000000 11000000  ................
 48e0 1a000000 1d000000 1a000000 12000000  ................
 48f0 0a000000 00000000 00000000 00000000  ................
 4900 00000000 00000000 00000000 00000000  ................
 4910 00000000 00000000 00000000 00000000  ................
 4920 00000000 00000000 00000000 00000000  ................
 4930 00000000 00000000 00000000 00000000  ................
 4940 00000000 00000000 00000000 1a000000  ................
 4950 30000000 40000000 47000000 47000000  0...@...G...G...
 4960 46000000 41000000 39000000 28000000  F...A...9...(...
 4970 15000000 00000000 00000000 00000000  ................
 4980 00000000 00000000 00000000 00000000  ................
 4990 00000000 00000000 00000000 00000000  ................
 49a0 00000000 00000000 00000000 00000000  ................
 49b0 00000000 00000000 00000000 0f000000  ................
 49c0 2b000000 3a000000 34000000 21000000  +...:...4...!...
 49d0 0e000000 05000000 0c000000 1d000000  ................
 49e0 2f000000 39000000 30000000 20000000  /...9...0... ...
 49f0 06000000 00000000 00000000 00000000  ................
 4a00 00000000 00000000 00000000 00000000  ................
 4a10 00000000 00000000 00000000 00000000  ................
 4a20 00000000 00000000 00000000 00000000  ................
 4a30 0f000000 28000000 29000000 11000000  ....(...).......
 4a40 00000000 00000000 00000000 00000000  ................
 4a50 00000000 00000000 00000000 00000000  ................
 4a60 1f000000 26000000 18000000 02000000  ....&...........
 4a70 00000000 00000000 00000000 00000000  ................
 4a80 00000000 00000000 00000000 00000000  ................
 4a90 00000000 00000000 00000000 00000000  ................
 4aa0 00000000 07000000 1d000000 1a000000  ................
 4ab0 00000000 00000000 00000000 00000000  ................
 4ac0 00000000 00000000 00000000 00000000  ................
 4ad0 00000000 00000000 00000000 08000000  ................
 4ae0 17000000 12000000 00000000 00000000  ................
 4af0 00000000 00000000 00000000 00000000  ................
 4b00 00000000 00000000 00000000 00000000  ................
 4b10 00000000 00000000 00000000 15000000  ................
 4b20 16000000 00000000 00000000 00000000  ................
 4b30 00000000 00000000 00000000 00000000  ................
 4b40 00000000 00000000 00000000 00000000  ................
 4b50 00000000 00000000 00000000 09000000  ................
 4b60 07000000 00000000 00000000 00000000  ................
 4b70 00000000 00000000 00000000 00000000  ................
 4b80 00000000 00000000 00000000 00000000  ................
 4b90 06000000 0d000000 00000000 00000000  ................
 4ba0 00000000 00000000 00000000 00000000  ................
 4bb0 00000000 00000000 00000000 00000000  ................
 4bc0 00000000 00000000 00000000 00000000  ................
 4bd0 00000000 00000000 00000000 00000000  ................
 4be0 00000000 00000000 00000000 00000000  ................
 4bf0 00000000 00000000 00000000 00000000  ................
 4c00 00000000 00000000 05000000 00000000  ................
 4c10 00000000 00000000 00000000 00000000  ................
 4c20 00000000 00000000 00000000 00000000  ................
 4c30 00000000 00000000 00000000 00000000  ................
 4c40 00000000 00000000 00000000 00000000  ................
 4c50 00000000 00000000 00000000 00000000  ................
 4c60 00000000 00000000 00000000 00000000  ................
 4c70 00000000 00000000 00000000 00000000  ................
 4c80 00000000 00000000 00000000 00000000  ................
 4c90 00000000 00000000 00000000 00000000  ................
 4ca0 00000000 00000000 00000000 00000000  ................
 4cb0 00000000 00000000 00000000 00000000  ................
 4cc0 00000000 00000000 00000000 00000000  ................
 4cd0 00000000 00000000 00000000 00000000  ................
 4ce0 00000000 00000000 00000000 00000000  ................
 4cf0 00000000 00000000 00000000 00000000  ................
 4d00 00000000 00000000 00000000 00000000  ................
 4d10 00000000 00000000 00000000 00000000  ................
 4d20 00000000 00000000 00000000 00000000  ................
 4d30 00000000 00000000 00000000 00000000  ................
 4d40 00000000 00000000 00000000 00000000  ................
 4d50 00000000 00000000 00000000 00000000  ................
 4d60 00000000 00000000 00000000 00000000  ................
 4d70 00000000 00000000 00000000 00000000  ................
 4d80 00000000 00000000 00000000 01000000  ................
 4d90 0e000000 17000000 17000000 16000000  ................
 4da0 14000000 11000000 0e000000 08000000  ................
 4db0 00000000 00000000 00000000 00000000  ................
 4dc0 00000000 00000000 00000000 00000000  ................
 4dd0 00000000 00000000 00000000 00000000  ................
 4de0 00000000 00000000 00000000 00000000  ................
 4df0 00000000 00000000 07000000 00000000  ................
 4e00 00000000 08000000 13000000 18000000  ................
 4e10 17000000 17000000 16000000 15000000  ................
 4e20 14000000 0e000000 00000000 00000000  ................
 4e30 00000000 00000000 00000000 00000000  ................
 4e40 00000000 00000000 00000000 00000000  ................
 4e50 00000000 00000000 00000000 00000000  ................
 4e60 00000000 00000000 02000000 00000000  ................
 4e70 01000000 0d000000 16000000 0c000000  ................
 4e80 03000000 02000000 01000000 00000000  ................
 4e90 00000000 00000000 00000000 0a000000  ................
 4ea0 01000000 00000000 00000000 00000000  ................
 4eb0 00000000 00000000 00000000 00000000  ................
 4ec0 00000000 00000000 00000000 00000000  ................
 4ed0 00000000 00000000 00000000 00000000  ................
 4ee0 03000000 20000000 30000000 36000000  .... ...0...6...
 4ef0 39000000 3d000000 45000000 4a000000  9...=...E...J...
 4f00 45000000 37000000 27000000 23000000  E...7...'...#...
 4f10 30000000 33000000 0d000000 00000000  0...3...........
 4f20 00000000 00000000 01000000 00000000  ................
 4f30 00000000 00000000 00000000 00000000  ................
 4f40 00000000 00000000 00000000 00000000  ................
 4f50 00000000 00000000 00000000 04000000  ................
 4f60 0c000000 00000000 00000000 00000000  ................
 4f70 00000000 00000000 00000000 01000000  ................
 4f80 20000000 28000000 15000000 00000000   ...(...........
 4f90 00000000 00000000 00000000 00000000  ................
 4fa0 0b000000 00000000 00000000 00000000  ................
 4fb0 00000000 00000000 00000000 00000000  ................
 4fc0 00000000 01000000 00000000 00000000  ................
 4fd0 00000000 00000000 00000000 00000000  ................
 4fe0 00000000 00000000 00000000 00000000  ................
 4ff0 00000000 00000000 00000000 00000000  ................
 5000 00000000 00000000 00000000 00000000  ................
 5010 00000000 0a000000 0e000000 00000000  ................
 5020 00000000 00000000 00000000 00000000  ................
 5030 00000000 00000000 00000000 05000000  ................
 5040 01000000 00000000 00000000 00000000  ................
 5050 00000000 00000000 00000000 00000000  ................
 5060 00000000 00000000 00000000 00000000  ................
 5070 00000000 00000000 00000000 00000000  ................
 5080 00000000 00000000 00000000 13000000  ................
 5090 09000000 00000000 00000000 00000000  ................
 50a0 00000000 00000000 00000000 00000000  ................
 50b0 00000000 09000000 0d000000 01000000  ................
 50c0 00000000 00000000 00000000 00000000  ................
 50d0 00000000 00000000 00000000 00000000  ................
 50e0 00000000 00000000 00000000 00000000  ................
 50f0 00000000 00000000 00000000 00000000  ................
 5100 13000000 18000000 01000000 00000000  ................
 5110 00000000 00000000 00000000 00000000  ................
 5120 00000000 00000000 00000000 00000000  ................
 5130 11000000 11000000 01000000 00000000  ................
 5140 00000000 00000000 00000000 00000000  ................
 5150 00000000 00000000 00000000 00000000  ................
 5160 00000000 00000000 00000000 00000000  ................
 5170 00000000 1a000000 24000000 10000000  ........$.......
 5180 00000000 00000000 00000000 00000000  ................
 5190 00000000 00000000 00000000 00000000  ................
 51a0 00000000 00000000 06000000 1b000000  ................
 51b0 19000000 0b000000 00000000 00000000  ................
 51c0 00000000 00000000 00000000 00000000  ................
 51d0 00000000 00000000 00000000 00000000  ................
 51e0 00000000 08000000 22000000 2c000000  ........"...,...
 51f0 17000000 00000000 00000000 00000000  ................
 5200 00000000 00000000 00000000 00000000  ................
 5210 00000000 00000000 00000000 00000000  ................
 5220 00000000 0d000000 24000000 26000000  ........$...&...
 5230 1b000000 0b000000 00000000 00000000  ................
 5240 00000000 00000000 00000000 00000000  ................
 5250 00000000 06000000 19000000 2c000000  ............,...
 5260 2d000000 14000000 00000000 00000000  -...............
 5270 00000000 00000000 00000000 00000000  ................
 5280 00000000 00000000 00000000 00000000  ................
 5290 00000000 00000000 00000000 00000000  ................
 52a0 08000000 23000000 2e000000 2e000000  ....#...........
 52b0 27000000 20000000 1a000000 17000000  '... ...........
 52c0 18000000 1e000000 28000000 36000000  ........(...6...
 52d0 3e000000 2f000000 0f000000 00000000  >.../...........
 52e0 00000000 00000000 00000000 00000000  ................
 52f0 00000000 00000000 00000000 00000000  ................
 5300 00000000 00000000 00000000 00000000  ................
 5310 00000000 00000000 00000000 00000000  ................
 5320 0d000000 2b000000 36000000 3a000000  ....+...6...:...
 5330 3b000000 3e000000 40000000 41000000  ;...>...@...A...
 5340 3c000000 2e000000 11000000 00000000  <...............
 5350 00000000 00000000 00000000 00000000  ................
 5360 00000000 00000000 00000000 00000000  ................
 5370 00000000 00000000 00000000 00000000  ................
 5380 00000000 00000000 00000000 00000000  ................
 5390 00000000 00000000 00000000 00000000  ................
 53a0 00000000 05000000 11000000 15000000  ................
 53b0 11000000 09000000 00000000 00000000  ................
 53c0 00000000 00000000 00000000 00000000  ................
 53d0 00000000 00000000 00000000 00000000  ................
 53e0 00000000 00000000 00000000 00000000  ................
 53f0 00000000 00000000 00000000 00000000  ................
 5400 00000000 00000000 00000000 00000000  ................
 5410 00000000 00000000 00000000 00000000  ................
 5420 00000000 00000000 00000000 00000000  ................
 5430 00000000 00000000 00000000 00000000  ................
 5440 00000000 00000000 00000000 00000000  ................
 5450 00000000 00000000 00000000 00000000  ................
