read_file: info: using default project `spyglass-1.prj'
Detailed Error Trace
--------------------

  `sgdc' file `../script/Spyglass.sgdc' does not exist
      while executing
  "read_file -type sgdc ../script/Spyglass.sgdc"
      (file "./script/Spyglass_CDC.tcl" line 5)
      invoked from within
  "source ./script/Spyglass_CDC.tcl"

Error: `sgdc' file `../script/Spyglass.sgdc' does not existDetailed Error Trace
--------------------

  couldn't read file "../script/Spyglass_CDC.tcl": no such file or directory
      while executing
  "source ../script/Spyglass_CDC.tcl"

Error: couldn't read file "../script/Spyglass_CDC.tcl": no such file or directoryDetailed Error Trace
--------------------

  couldn't change working directory to "src": no such file or directory
      while executing
  "cd src"

Error: couldn't change working directory to "src": no such file or directory/home/user2/vsd23/vsd2323/DesktopDetailed Error Trace
--------------------

  couldn't change working directory to "../N2611XXXX/": no such file or directory
      while executing
  "cd ../N2611XXXX/"

Error: couldn't change working directory to "../N2611XXXX/": no such file or directoryDetailed Error Trace
--------------------

  couldn't read file "../script/Spyglass_CDC.tcl": no such file or directory
      while executing
  "source ../script/Spyglass_CDC.tcl"

Error: couldn't read file "../script/Spyglass_CDC.tcl": no such file or directoryDetailed Error Trace
--------------------

  `sgdc' file `../script/Spyglass.sgdc' does not exist
      while executing
  "read_file -type sgdc ../script/Spyglass.sgdc"
      (file "./script/Spyglass_CDC.tcl" line 5)
      invoked from within
  "source ./script/Spyglass_CDC.tcl"

Error: `sgdc' file `../script/Spyglass.sgdc' does not existDetailed Error Trace
--------------------

  couldn't read file "./script/Spyglass_CDC.tcl": no such file or directory
      while executing
  "source ./script/Spyglass_CDC.tcl"

Error: couldn't read file "./script/Spyglass_CDC.tcl": no such file or directorycurrent_goal: info: current goal selection with -alltop has reset the last active top `../src/top.sv'.
                    It is recommended to maintain goal runs with -alltop in a separate project file.
                    You can save this project after setting the top again with `set_option top ../src/top.sv',
                    and then start a different project for -alltop runs.
current_goal: info: loading goal `Design_Read' (in progress)
current_goal: info: finished loading goal `Design_Read' (ok)
 Reading sgdc file "../script/Spyglass.sgdc" ...

WARNING [240]    SGDC file '../script/Spyglass.sgdc' contains both Waiver and other SGDC constraints.
                 It is recommended to define Waiver and other SGDC constraints in
                 separate files because use-model for Waiver and other SGDC
                 constraints are different. Please also note, waiver files are specified
                 using 'waiver' option.
Failed to open ./spyglass-1/.tmp_sg_current_goal/spyglass_spysch/constraint/sg_waivers.pl

INFO:    SpyGlass will run goal(s) 'Design_Read'.


RULE-CHECKING IN MIXED MODE
Loading spyglass (SpyGlass_vU-2023.03) ... (picked from /usr/cad/synopsys/spyglass/2023.03/SPYGLASS_HOME/policies/spyglass)

WARNING    Unrecognized Argument  'handle_combo_arc'
 Reading sgdc file "../script/Spyglass.sgdc" ...

WARNING [240]    SGDC file '../script/Spyglass.sgdc' contains both Waiver and other SGDC constraints.
                 It is recommended to define Waiver and other SGDC constraints in
                 separate files because use-model for Waiver and other SGDC
                 constraints are different. Please also note, waiver files are specified
                 using 'waiver' option.
Performing unification checks on SGDC... done
RTL SGDC checks have been disabled as synthesis is not happening in the run.

INFO [76]    Using './spyglass-1/WORK/64' as the Work Directory for 64bit precompiled dump.
Checking Rule ZeroSizeFile (Rule 1 of total 115) .... done (Time = 0.00s, Memory = 0.0K)
Checking Rule PrecompileLibCheck01 (Rule 2 of total 115) .... done (Time = 0.01s, Memory = 0.0K)
Checking Rule PrecompileLibCheck02 (Rule 3 of total 115) .... done (Time = 0.00s, Memory = 0.0K)
Checking Rule PrecompileLibCheck03 (Rule 4 of total 115) .... done (Time = 0.00s, Memory = 24.0K)
Checking Rule PrecompileLibCheck04 (Rule 5 of total 115) .... done (Time = 0.00s, Memory = 32.0K)
Checking Rule AbstractInterface (Rule 6 of total 115) .... done (Time = 0.00s, Memory = 0.0K)
Checking Rule ReportObsoleteRules (Rule 7 of total 115) .... done (Time = 0.00s, Memory = 0.0K)
Checking Rule ReportDeprecatedRules (Rule 8 of total 115) .... done (Time = 0.00s, Memory = 0.0K)
Checking Rule SGDC_assume_path01 (Rule 9 of total 115) .... done (Time = 0.00s, Memory = 0.0K)
Checking Rule SGDC_sdcschema02 (Rule 10 of total 115) .... done (Time = 0.01s, Memory = 3392.0K)
Checking Rule SGDC_clock05 (Rule 11 of total 115) .... done (Time = 0.00s, Memory = 8.0K)
Checking Rule SGDC_clock09 (Rule 12 of total 115) .... done (Time = 0.00s, Memory = 0.0K)
Checking Rule SGDC_force_ta05 (Rule 13 of total 115) .... done (Time = 0.00s, Memory = 0.0K)
Checking Rule SGDC_require_path03 (Rule 14 of total 115) .... done (Time = 0.00s, Memory = 0.0K)
Checking Rule SGDC_require_value03 (Rule 15 of total 115) .... done (Time = 0.00s, Memory = 8.0K)
Checking Rule SGDC_voltagedomain05 (Rule 16 of total 115) .... done (Time = 0.00s, Memory = 8.0K)
Checking Rule SGDC_voltagedomain06 (Rule 17 of total 115) .... done (Time = 0.00s, Memory = 0.0K)
Checking Rule SGDC_voltagedomain07 (Rule 18 of total 115) .... done (Time = 0.00s, Memory = 0.0K)
Checking Rule SGDC_powerdomainoutputs02 (Rule 19 of total 115) .... done (Time = 0.00s, Memory = 0.0K)
Checking Rule SGDC_supply01 (Rule 20 of total 115) .... done (Time = 0.00s, Memory = 8.0K)
Checking Rule SGDC_waive01 (Rule 21 of total 115) .... done (Time = 0.00s, Memory = 0.0K)
Checking Rule SGDC_waive02 (Rule 22 of total 115) .... done (Time = 0.00s, Memory = 0.0K)
Checking Rule SGDC_waive03 (Rule 23 of total 115) .... done (Time = 0.00s, Memory = 0.0K)
Checking Rule SGDC_waive04 (Rule 24 of total 115) .... done (Time = 0.00s, Memory = 0.0K)
Checking Rule SGDC_waive05 (Rule 25 of total 115) .... done (Time = 0.00s, Memory = 0.0K)
Checking Rule SGDC_waive06 (Rule 26 of total 115) .... done (Time = 0.00s, Memory = 0.0K)
Checking Rule SGDC_waive07 (Rule 27 of total 115) .... done (Time = 0.00s, Memory = 0.0K)
Checking Rule SGDC_waive08 (Rule 28 of total 115) .... done (Time = 0.00s, Memory = 0.0K)
Checking Rule SGDC_waive09 (Rule 29 of total 115) .... done (Time = 0.00s, Memory = 0.0K)
Checking Rule SGDC_waive10 (Rule 30 of total 115) .... done (Time = 0.00s, Memory = 0.0K)
Checking Rule SGDC_waive11 (Rule 31 of total 115) .... done (Time = 0.00s, Memory = 0.0K)
Checking Rule SGDC_waive12 (Rule 32 of total 115) .... done (Time = 0.00s, Memory = 8.0K)
Checking Rule SGDC_waive13 (Rule 33 of total 115) .... done (Time = 0.00s, Memory = 0.0K)
Checking Rule SGDC_waive21 (Rule 34 of total 115) .... done (Time = 0.00s, Memory = 0.0K)
Checking Rule SGDC_waive22 (Rule 35 of total 115) .... done (Time = 0.00s, Memory = 0.0K)
Checking Rule SGDC_waive30 (Rule 36 of total 115) .... done (Time = 0.00s, Memory = 0.0K)
Checking Rule SGDC_waive32 (Rule 37 of total 115) .... done (Time = 0.00s, Memory = 0.0K)
Checking Rule SGDC_waive33 (Rule 38 of total 115) .... done (Time = 0.00s, Memory = 0.0K)
Checking Rule SGDC_waive36 (Rule 39 of total 115) .... done (Time = 0.00s, Memory = 0.0K)
Checking Rule SGDC_waive38 (Rule 40 of total 115) .... done (Time = 0.00s, Memory = 0.0K)
Checking Rule SGDC_fifo01 (Rule 41 of total 115) .... done (Time = 0.00s, Memory = 8.0K)
Checking Rule SGDC_libgroup01 (Rule 42 of total 115) .... done (Time = 0.00s, Memory = 0.0K)
Checking Rule SGDC_libgroup02 (Rule 43 of total 115) .... done (Time = 0.00s, Memory = 0.0K)
Checking Rule SGDC_libgroup04 (Rule 44 of total 115) .... done (Time = 0.00s, Memory = 0.0K)
Checking Rule SGDC_power_data01 (Rule 45 of total 115) .... done (Time = 0.00s, Memory = 0.0K)
Checking Rule SGDC_ungroup01 (Rule 46 of total 115) .... done (Time = 0.00s, Memory = 8.0K)
Checking Rule SGDC_abstract_port06 (Rule 47 of total 115) .... done (Time = 0.00s, Memory = 8.0K)
Checking Rule SGDC_abstract_port14 (Rule 48 of total 115) .... done (Time = 0.00s, Memory = 8.0K)
Checking Rule SGDC_abstract_port15 (Rule 49 of total 115) .... done (Time = 0.00s, Memory = 0.0K)
Checking Rule SGDC_abstract_port18 (Rule 50 of total 115) .... done (Time = 0.00s, Memory = 8.0K)
Checking Rule sdc_init_rule (Rule 51 of total 115) .... done (Time = 0.00s, Memory = 80.0K)
Checking Rule CMD_ignorelibs01 (Rule 52 of total 115) .... done (Time = 0.00s, Memory = 0.0K)
Checking Rule ReportRuleNotRun (Rule 53 of total 115) .... done (Time = 0.00s, Memory = 0.0K)
Checking Rule ReportStopSummary (Rule 54 of total 115) .... done (Time = 0.00s, Memory = 8.0K)
Checking Rule ReportIgnoreSummary (Rule 55 of total 115) .... done (Time = 0.00s, Memory = 0.0K)
***Syntax Errors detected - RULE CHECKING ABORTED***
Checking Rule ReportCheckDataSummary (Rule 56 of total 115) .... done (Time = 0.00s, Memory = 0.0K)

SpyGlass Rule Checking ABORTED.

WARNING [333]    Unable to open file ./spyglass-1/Design_Read/spyglass_spysch/smdb/tags.db/str_def.db in mode : 'w' (Reason: No such file or directory)

WARNING [333]    Unable to open file ./spyglass-1/Design_Read/spyglass_spysch/smdb/tags.db/tag_def.db in mode : 'w' (Reason: No such file or directory)
SG_ASSERT_FATAL:src/SgMessageDB.cpp:563: void MessageDbWrapper::applyPatches(PC&, const char*) [with PC = IntPatchContainer]: Assertion 'in && "+++++! error handling"' failed.
