
In8.o:     file format elf32-littleriscv
In8.o
architecture: riscv:rv32, flags 0x00000010:
HAS_SYMS
start address 0x00000000

Sections:
Idx Name          Size      VMA       LMA       File off  Algn
  0 .data         00005460  00000000  00000000  00000034  2**0
                  CONTENTS, ALLOC, LOAD, DATA
SYMBOL TABLE:
00000000 g       .data	00000000 _binary_In8_dat_start
00005460 g       .data	00000000 _binary_In8_dat_end
00005460 g       *ABS*	00000000 _binary_In8_dat_size


Contents of section .data:
 0000 00000000 00000000 00000000 00000000  ................
 0010 00000000 00000000 00000000 00000000  ................
 0020 00000000 00000000 00000000 00000000  ................
 0030 00000000 00000000 00000000 00000000  ................
 0040 00000000 00000000 00000000 00000000  ................
 0050 00000000 00000000 00000000 00000000  ................
 0060 00000000 00000000 00000000 00000000  ................
 0070 00000000 00000000 00000000 00000000  ................
 0080 00000000 00000000 00000000 00000000  ................
 0090 00000000 00000000 00000000 00000000  ................
 00a0 00000000 00000000 00000000 00000000  ................
 00b0 00000000 00000000 00000000 00000000  ................
 00c0 00000000 00000000 00000000 00000000  ................
 00d0 00000000 00000000 00000000 00000000  ................
 00e0 00000000 00000000 00000000 00000000  ................
 00f0 00000000 00000000 00000000 00000000  ................
 0100 00000000 00000000 00000000 00000000  ................
 0110 00000000 00000000 00000000 00000000  ................
 0120 00000000 00000000 00000000 00000000  ................
 0130 00000000 00000000 00000000 00000000  ................
 0140 00000000 00000000 00000000 00000000  ................
 0150 00000000 00000000 00000000 00000000  ................
 0160 00000000 00000000 00000000 00000000  ................
 0170 00000000 00000000 00000000 00000000  ................
 0180 00000000 00000000 00000000 00000000  ................
 0190 00000000 00000000 00000000 00000000  ................
 01a0 00000000 00000000 00000000 00000000  ................
 01b0 00000000 00000000 00000000 00000000  ................
 01c0 00000000 00000000 00000000 00000000  ................
 01d0 00000000 00000000 00000000 00000000  ................
 01e0 00000000 00000000 00000000 00000000  ................
 01f0 00000000 00000000 00000000 00000000  ................
 0200 00000000 00000000 00000000 00000000  ................
 0210 00000000 00000000 00000000 00000000  ................
 0220 00000000 00000000 00000000 00000000  ................
 0230 00000000 00000000 00000000 00000000  ................
 0240 00000000 00000000 00000000 00000000  ................
 0250 00000000 00000000 00000000 00000000  ................
 0260 00000000 00000000 00000000 00000000  ................
 0270 00000000 00000000 00000000 00000000  ................
 0280 00000000 00000000 01000000 06000000  ................
 0290 07000000 07000000 04000000 02000000  ................
 02a0 00000000 00000000 00000000 00000000  ................
 02b0 00000000 00000000 00000000 00000000  ................
 02c0 00000000 00000000 00000000 00000000  ................
 02d0 00000000 00000000 00000000 00000000  ................
 02e0 00000000 00000000 00000000 00000000  ................
 02f0 00000000 00000000 01000000 0a000000  ................
 0300 0e000000 11000000 11000000 0e000000  ................
 0310 0d000000 0b000000 08000000 02000000  ................
 0320 00000000 00000000 01000000 00000000  ................
 0330 00000000 00000000 00000000 00000000  ................
 0340 00000000 00000000 00000000 00000000  ................
 0350 00000000 00000000 00000000 00000000  ................
 0360 00000000 00000000 00000000 06000000  ................
 0370 10000000 15000000 12000000 0c000000  ................
 0380 07000000 00000000 00000000 01000000  ................
 0390 03000000 03000000 01000000 00000000  ................
 03a0 00000000 01000000 03000000 02000000  ................
 03b0 00000000 00000000 00000000 00000000  ................
 03c0 00000000 00000000 00000000 00000000  ................
 03d0 00000000 00000000 00000000 00000000  ................
 03e0 06000000 14000000 16000000 0e000000  ................
 03f0 03000000 00000000 00000000 00000000  ................
 0400 00000000 00000000 00000000 00000000  ................
 0410 00000000 00000000 00000000 00000000  ................
 0420 02000000 06000000 04000000 00000000  ................
 0430 00000000 00000000 00000000 00000000  ................
 0440 00000000 00000000 00000000 00000000  ................
 0450 00000000 03000000 13000000 15000000  ................
 0460 0b000000 00000000 00000000 00000000  ................
 0470 00000000 00000000 00000000 00000000  ................
 0480 00000000 00000000 00000000 00000000  ................
 0490 00000000 00000000 00000000 05000000  ................
 04a0 08000000 02000000 00000000 00000000  ................
 04b0 00000000 00000000 00000000 00000000  ................
 04c0 00000000 00000000 00000000 0f000000  ................
 04d0 16000000 0d000000 00000000 00000000  ................
 04e0 00000000 00000000 00000000 00000000  ................
 04f0 00000000 00000000 00000000 00000000  ................
 0500 00000000 00000000 00000000 00000000  ................
 0510 00000000 00000000 08000000 0b000000  ................
 0520 00000000 00000000 00000000 00000000  ................
 0530 00000000 00000000 00000000 00000000  ................
 0540 06000000 14000000 10000000 00000000  ................
 0550 00000000 00000000 00000000 00000000  ................
 0560 00000000 00000000 00000000 00000000  ................
 0570 00000000 00000000 00000000 00000000  ................
 0580 00000000 00000000 00000000 00000000  ................
 0590 08000000 0f000000 02000000 00000000  ................
 05a0 00000000 00000000 00000000 00000000  ................
 05b0 00000000 00000000 0b000000 13000000  ................
 05c0 07000000 00000000 00000000 00000000  ................
 05d0 00000000 00000000 00000000 00000000  ................
 05e0 00000000 00000000 00000000 00000000  ................
 05f0 00000000 00000000 00000000 00000000  ................
 0600 00000000 00000000 05000000 0f000000  ................
 0610 08000000 00000000 00000000 00000000  ................
 0620 00000000 00000000 00000000 00000000  ................
 0630 0e000000 10000000 00000000 00000000  ................
 0640 00000000 00000000 00000000 00000000  ................
 0650 00000000 00000000 00000000 00000000  ................
 0660 00000000 00000000 00000000 02000000  ................
 0670 0c000000 0a000000 00000000 00000000  ................
 0680 03000000 0f000000 0d000000 00000000  ................
 0690 00000000 00000000 00000000 00000000  ................
 06a0 00000000 00000000 0d000000 08000000  ................
 06b0 00000000 00000000 00000000 00000000  ................
 06c0 00000000 00000000 00000000 00000000  ................
 06d0 00000000 00000000 00000000 00000000  ................
 06e0 00000000 03000000 10000000 0d000000  ................
 06f0 00000000 00000000 01000000 0f000000  ................
 0700 10000000 00000000 00000000 00000000  ................
 0710 00000000 00000000 00000000 01000000  ................
 0720 0d000000 03000000 00000000 00000000  ................
 0730 00000000 00000000 00000000 00000000  ................
 0740 00000000 03000000 03000000 04000000  ................
 0750 02000000 01000000 01000000 05000000  ................
 0760 10000000 0b000000 00000000 00000000  ................
 0770 00000000 0f000000 11000000 00000000  ................
 0780 00000000 00000000 00000000 00000000  ................
 0790 00000000 00000000 0c000000 05000000  ................
 07a0 00000000 00000000 00000000 03000000  ................
 07b0 01000000 00000000 00000000 02000000  ................
 07c0 03000000 04000000 03000000 02000000  ................
 07d0 02000000 06000000 0f000000 08000000  ................
 07e0 00000000 00000000 02000000 11000000  ................
 07f0 11000000 00000000 00000000 00000000  ................
 0800 00000000 00000000 00000000 00000000  ................
 0810 0a000000 09000000 00000000 00000000  ................
 0820 00000000 05000000 05000000 02000000  ................
 0830 00000000 00000000 00000000 00000000  ................
 0840 00000000 00000000 01000000 06000000  ................
 0850 09000000 00000000 00000000 00000000  ................
 0860 04000000 12000000 0f000000 00000000  ................
 0870 00000000 00000000 00000000 00000000  ................
 0880 00000000 00000000 06000000 0c000000  ................
 0890 01000000 00000000 06000000 10000000  ................
 08a0 0c000000 09000000 0a000000 0b000000  ................
 08b0 0b000000 06000000 00000000 04000000  ................
 08c0 0d000000 0e000000 08000000 00000000  ................
 08d0 00000000 00000000 0a000000 14000000  ................
 08e0 0b000000 00000000 00000000 00000000  ................
 08f0 00000000 00000000 00000000 00000000  ................
 0900 02000000 09000000 06000000 00000000  ................
 0910 01000000 04000000 00000000 00000000  ................
 0920 00000000 00000000 00000000 00000000  ................
 0930 00000000 05000000 0b000000 02000000  ................
 0940 00000000 00000000 00000000 00000000  ................
 0950 10000000 15000000 05000000 00000000  ................
 0960 00000000 00000000 00000000 00000000  ................
 0970 00000000 00000000 00000000 05000000  ................
 0980 06000000 00000000 00000000 00000000  ................
 0990 00000000 00000000 00000000 00000000  ................
 09a0 00000000 00000000 00000000 00000000  ................
 09b0 00000000 00000000 00000000 00000000  ................
 09c0 00000000 06000000 16000000 12000000  ................
 09d0 00000000 00000000 00000000 00000000  ................
 09e0 00000000 00000000 00000000 00000000  ................
 09f0 00000000 01000000 03000000 02000000  ................
 0a00 00000000 00000000 00000000 00000000  ................
 0a10 00000000 00000000 00000000 00000000  ................
 0a20 00000000 00000000 00000000 00000000  ................
 0a30 00000000 00000000 00000000 11000000  ................
 0a40 15000000 09000000 00000000 00000000  ................
 0a50 00000000 00000000 00000000 00000000  ................
 0a60 00000000 00000000 00000000 00000000  ................
 0a70 01000000 01000000 00000000 00000000  ................
 0a80 00000000 00000000 00000000 00000000  ................
 0a90 00000000 00000000 00000000 00000000  ................
 0aa0 00000000 00000000 00000000 00000000  ................
 0ab0 0d000000 16000000 0f000000 00000000  ................
 0ac0 00000000 00000000 00000000 00000000  ................
 0ad0 00000000 00000000 00000000 00000000  ................
 0ae0 00000000 00000000 00000000 00000000  ................
 0af0 00000000 00000000 00000000 00000000  ................
 0b00 00000000 00000000 00000000 00000000  ................
 0b10 00000000 00000000 00000000 00000000  ................
 0b20 00000000 0d000000 15000000 12000000  ................
 0b30 05000000 00000000 00000000 00000000  ................
 0b40 00000000 00000000 00000000 00000000  ................
 0b50 00000000 00000000 00000000 00000000  ................
 0b60 00000000 00000000 00000000 00000000  ................
 0b70 00000000 00000000 00000000 00000000  ................
 0b80 00000000 00000000 00000000 00000000  ................
 0b90 00000000 04000000 0e000000 15000000  ................
 0ba0 13000000 07000000 00000000 00000000  ................
 0bb0 00000000 00000000 00000000 00000000  ................
 0bc0 00000000 00000000 00000000 00000000  ................
 0bd0 00000000 00000000 00000000 00000000  ................
 0be0 00000000 00000000 00000000 00000000  ................
 0bf0 00000000 00000000 00000000 00000000  ................
 0c00 00000000 02000000 09000000 10000000  ................
 0c10 15000000 10000000 05000000 00000000  ................
 0c20 00000000 00000000 00000000 00000000  ................
 0c30 00000000 00000000 00000000 00000000  ................
 0c40 00000000 00000000 00000000 00000000  ................
 0c50 00000000 00000000 00000000 04000000  ................
 0c60 05000000 04000000 04000000 05000000  ................
 0c70 06000000 07000000 0b000000 0f000000  ................
 0c80 13000000 13000000 0d000000 02000000  ................
 0c90 00000000 00000000 00000000 00000000  ................
 0ca0 00000000 00000000 00000000 00000000  ................
 0cb0 00000000 00000000 00000000 00000000  ................
 0cc0 00000000 00000000 00000000 00000000  ................
 0cd0 00000000 00000000 06000000 09000000  ................
 0ce0 0a000000 0c000000 0d000000 0f000000  ................
 0cf0 10000000 10000000 0b000000 03000000  ................
 0d00 00000000 00000000 00000000 00000000  ................
 0d10 00000000 00000000 00000000 00000000  ................
 0d20 00000000 00000000 00000000 00000000  ................
 0d30 00000000 00000000 00000000 00000000  ................
 0d40 00000000 00000000 00000000 00000000  ................
 0d50 00000000 00000000 00000000 02000000  ................
 0d60 04000000 04000000 01000000 00000000  ................
 0d70 00000000 00000000 00000000 00000000  ................
 0d80 00000000 00000000 00000000 00000000  ................
 0d90 00000000 00000000 00000000 00000000  ................
 0da0 00000000 00000000 00000000 00000000  ................
 0db0 00000000 00000000 00000000 00000000  ................
 0dc0 00000000 00000000 00000000 00000000  ................
 0dd0 00000000 00000000 00000000 00000000  ................
 0de0 00000000 00000000 00000000 00000000  ................
 0df0 00000000 00000000 00000000 00000000  ................
 0e00 00000000 00000000 00000000 00000000  ................
 0e10 00000000 00000000 00000000 00000000  ................
 0e20 00000000 00000000 00000000 00000000  ................
 0e30 00000000 00000000 00000000 00000000  ................
 0e40 00000000 00000000 00000000 00000000  ................
 0e50 00000000 00000000 00000000 00000000  ................
 0e60 00000000 00000000 00000000 00000000  ................
 0e70 00000000 00000000 00000000 00000000  ................
 0e80 00000000 00000000 00000000 00000000  ................
 0e90 00000000 00000000 00000000 00000000  ................
 0ea0 00000000 00000000 00000000 00000000  ................
 0eb0 00000000 00000000 00000000 00000000  ................
 0ec0 00000000 00000000 00000000 00000000  ................
 0ed0 00000000 00000000 00000000 00000000  ................
 0ee0 00000000 00000000 00000000 00000000  ................
 0ef0 00000000 00000000 00000000 00000000  ................
 0f00 00000000 00000000 00000000 00000000  ................
 0f10 00000000 00000000 00000000 00000000  ................
 0f20 00000000 00000000 00000000 00000000  ................
 0f30 00000000 00000000 00000000 00000000  ................
 0f40 00000000 00000000 00000000 00000000  ................
 0f50 00000000 00000000 00000000 00000000  ................
 0f60 00000000 00000000 00000000 00000000  ................
 0f70 00000000 00000000 00000000 00000000  ................
 0f80 00000000 00000000 00000000 00000000  ................
 0f90 00000000 00000000 00000000 00000000  ................
 0fa0 00000000 00000000 00000000 00000000  ................
 0fb0 00000000 00000000 00000000 00000000  ................
 0fc0 00000000 00000000 00000000 00000000  ................
 0fd0 00000000 00000000 00000000 00000000  ................
 0fe0 00000000 00000000 00000000 00000000  ................
 0ff0 00000000 00000000 00000000 00000000  ................
 1000 00000000 00000000 00000000 00000000  ................
 1010 00000000 00000000 00000000 00000000  ................
 1020 00000000 00000000 00000000 00000000  ................
 1030 00000000 00000000 00000000 00000000  ................
 1040 00000000 00000000 00000000 00000000  ................
 1050 00000000 00000000 00000000 00000000  ................
 1060 00000000 00000000 00000000 00000000  ................
 1070 00000000 00000000 00000000 00000000  ................
 1080 00000000 00000000 00000000 00000000  ................
 1090 00000000 00000000 00000000 00000000  ................
 10a0 01000000 02000000 02000000 01000000  ................
 10b0 00000000 00000000 00000000 00000000  ................
 10c0 00000000 00000000 00000000 00000000  ................
 10d0 00000000 00000000 00000000 00000000  ................
 10e0 00000000 00000000 00000000 00000000  ................
 10f0 00000000 00000000 00000000 00000000  ................
 1100 00000000 00000000 00000000 00000000  ................
 1110 00000000 00000000 00000000 00000000  ................
 1120 00000000 00000000 00000000 00000000  ................
 1130 01000000 00000000 00000000 00000000  ................
 1140 00000000 00000000 00000000 00000000  ................
 1150 00000000 00000000 00000000 00000000  ................
 1160 00000000 00000000 00000000 00000000  ................
 1170 00000000 00000000 00000000 00000000  ................
 1180 00000000 00000000 00000000 00000000  ................
 1190 00000000 00000000 00000000 00000000  ................
 11a0 00000000 00000000 00000000 00000000  ................
 11b0 00000000 00000000 00000000 00000000  ................
 11c0 00000000 00000000 00000000 00000000  ................
 11d0 00000000 00000000 00000000 00000000  ................
 11e0 00000000 00000000 00000000 00000000  ................
 11f0 00000000 00000000 00000000 00000000  ................
 1200 00000000 00000000 00000000 00000000  ................
 1210 00000000 00000000 00000000 00000000  ................
 1220 00000000 00000000 00000000 00000000  ................
 1230 00000000 00000000 00000000 00000000  ................
 1240 00000000 00000000 00000000 00000000  ................
 1250 00000000 00000000 00000000 00000000  ................
 1260 00000000 00000000 00000000 00000000  ................
 1270 00000000 00000000 00000000 00000000  ................
 1280 00000000 00000000 00000000 00000000  ................
 1290 00000000 00000000 00000000 00000000  ................
 12a0 00000000 00000000 00000000 00000000  ................
 12b0 00000000 00000000 00000000 00000000  ................
 12c0 00000000 00000000 00000000 00000000  ................
 12d0 00000000 00000000 00000000 00000000  ................
 12e0 00000000 00000000 00000000 00000000  ................
 12f0 00000000 00000000 00000000 00000000  ................
 1300 00000000 00000000 00000000 00000000  ................
 1310 00000000 00000000 00000000 00000000  ................
 1320 00000000 00000000 00000000 00000000  ................
 1330 00000000 00000000 00000000 00000000  ................
 1340 00000000 00000000 00000000 00000000  ................
 1350 00000000 00000000 00000000 00000000  ................
 1360 00000000 00000000 00000000 00000000  ................
 1370 00000000 00000000 00000000 00000000  ................
 1380 00000000 00000000 00000000 00000000  ................
 1390 00000000 00000000 00000000 00000000  ................
 13a0 00000000 00000000 00000000 00000000  ................
 13b0 00000000 00000000 00000000 00000000  ................
 13c0 00000000 00000000 00000000 00000000  ................
 13d0 00000000 00000000 00000000 00000000  ................
 13e0 00000000 00000000 0b000000 07000000  ................
 13f0 06000000 07000000 08000000 08000000  ................
 1400 09000000 08000000 04000000 00000000  ................
 1410 00000000 00000000 00000000 00000000  ................
 1420 00000000 00000000 00000000 00000000  ................
 1430 00000000 00000000 00000000 00000000  ................
 1440 00000000 00000000 00000000 00000000  ................
 1450 00000000 00000000 00000000 00000000  ................
 1460 05000000 03000000 01000000 00000000  ................
 1470 00000000 01000000 01000000 04000000  ................
 1480 03000000 00000000 00000000 00000000  ................
 1490 00000000 00000000 00000000 00000000  ................
 14a0 00000000 00000000 00000000 00000000  ................
 14b0 00000000 00000000 00000000 00000000  ................
 14c0 00000000 00000000 00000000 00000000  ................
 14d0 00000000 00000000 05000000 01000000  ................
 14e0 01000000 00000000 00000000 00000000  ................
 14f0 00000000 02000000 00000000 00000000  ................
 1500 00000000 00000000 00000000 00000000  ................
 1510 00000000 00000000 00000000 00000000  ................
 1520 00000000 00000000 00000000 00000000  ................
 1530 00000000 00000000 00000000 0a000000  ................
 1540 05000000 07000000 00000000 00000000  ................
 1550 09000000 08000000 07000000 06000000  ................
 1560 06000000 06000000 06000000 05000000  ................
 1570 02000000 00000000 00000000 00000000  ................
 1580 00000000 00000000 00000000 00000000  ................
 1590 00000000 00000000 00000000 00000000  ................
 15a0 00000000 00000000 00000000 00000000  ................
 15b0 00000000 04000000 00000000 00000000  ................
 15c0 00000000 00000000 00000000 00000000  ................
 15d0 00000000 00000000 00000000 00000000  ................
 15e0 00000000 00000000 00000000 00000000  ................
 15f0 00000000 00000000 00000000 00000000  ................
 1600 00000000 00000000 00000000 00000000  ................
 1610 00000000 00000000 00000000 00000000  ................
 1620 00000000 00000000 00000000 05000000  ................
 1630 0b000000 01000000 01000000 08000000  ................
 1640 0b000000 0e000000 0d000000 07000000  ................
 1650 04000000 03000000 00000000 03000000  ................
 1660 01000000 00000000 00000000 00000000  ................
 1670 00000000 00000000 00000000 00000000  ................
 1680 00000000 00000000 00000000 00000000  ................
 1690 00000000 00000000 00000000 00000000  ................
 16a0 00000000 00000000 00000000 00000000  ................
 16b0 00000000 00000000 00000000 00000000  ................
 16c0 00000000 00000000 00000000 06000000  ................
 16d0 00000000 00000000 00000000 00000000  ................
 16e0 00000000 00000000 00000000 00000000  ................
 16f0 00000000 00000000 00000000 00000000  ................
 1700 00000000 00000000 00000000 00000000  ................
 1710 00000000 00000000 00000000 00000000  ................
 1720 00000000 00000000 00000000 00000000  ................
 1730 00000000 00000000 00000000 00000000  ................
 1740 00000000 00000000 00000000 00000000  ................
 1750 00000000 00000000 00000000 00000000  ................
 1760 00000000 00000000 00000000 00000000  ................
 1770 00000000 00000000 00000000 00000000  ................
 1780 00000000 00000000 00000000 00000000  ................
 1790 00000000 00000000 00000000 00000000  ................
 17a0 00000000 00000000 00000000 00000000  ................
 17b0 00000000 00000000 00000000 00000000  ................
 17c0 00000000 00000000 00000000 00000000  ................
 17d0 00000000 00000000 00000000 00000000  ................
 17e0 00000000 00000000 00000000 00000000  ................
 17f0 00000000 00000000 00000000 00000000  ................
 1800 01000000 00000000 00000000 00000000  ................
 1810 00000000 00000000 00000000 00000000  ................
 1820 00000000 00000000 00000000 00000000  ................
 1830 00000000 00000000 00000000 00000000  ................
 1840 00000000 00000000 00000000 00000000  ................
 1850 00000000 00000000 00000000 00000000  ................
 1860 00000000 00000000 00000000 00000000  ................
 1870 00000000 00000000 00000000 00000000  ................
 1880 00000000 00000000 00000000 00000000  ................
 1890 00000000 00000000 00000000 00000000  ................
 18a0 00000000 00000000 00000000 00000000  ................
 18b0 00000000 00000000 00000000 00000000  ................
 18c0 00000000 00000000 00000000 00000000  ................
 18d0 00000000 00000000 00000000 00000000  ................
 18e0 00000000 00000000 00000000 00000000  ................
 18f0 00000000 00000000 00000000 00000000  ................
 1900 00000000 00000000 00000000 00000000  ................
 1910 00000000 00000000 00000000 00000000  ................
 1920 00000000 00000000 00000000 00000000  ................
 1930 00000000 00000000 00000000 00000000  ................
 1940 00000000 00000000 00000000 00000000  ................
 1950 00000000 00000000 00000000 00000000  ................
 1960 00000000 00000000 00000000 00000000  ................
 1970 00000000 01000000 00000000 00000000  ................
 1980 00000000 00000000 00000000 00000000  ................
 1990 00000000 00000000 00000000 00000000  ................
 19a0 00000000 00000000 00000000 00000000  ................
 19b0 00000000 00000000 00000000 00000000  ................
 19c0 00000000 00000000 00000000 00000000  ................
 19d0 00000000 00000000 00000000 00000000  ................
 19e0 00000000 00000000 00000000 00000000  ................
 19f0 00000000 00000000 00000000 00000000  ................
 1a00 00000000 00000000 00000000 00000000  ................
 1a10 00000000 00000000 00000000 00000000  ................
 1a20 00000000 00000000 00000000 00000000  ................
 1a30 00000000 00000000 00000000 00000000  ................
 1a40 00000000 00000000 00000000 00000000  ................
 1a50 00000000 00000000 00000000 00000000  ................
 1a60 00000000 00000000 00000000 00000000  ................
 1a70 02000000 02000000 01000000 00000000  ................
 1a80 01000000 01000000 00000000 00000000  ................
 1a90 00000000 00000000 00000000 00000000  ................
 1aa0 00000000 00000000 00000000 00000000  ................
 1ab0 00000000 00000000 00000000 00000000  ................
 1ac0 00000000 00000000 00000000 00000000  ................
 1ad0 00000000 00000000 00000000 00000000  ................
 1ae0 00000000 00000000 00000000 00000000  ................
 1af0 00000000 00000000 00000000 00000000  ................
 1b00 00000000 00000000 00000000 00000000  ................
 1b10 00000000 00000000 00000000 00000000  ................
 1b20 00000000 00000000 00000000 00000000  ................
 1b30 00000000 00000000 00000000 00000000  ................
 1b40 00000000 00000000 00000000 00000000  ................
 1b50 00000000 00000000 00000000 00000000  ................
 1b60 00000000 00000000 00000000 00000000  ................
 1b70 00000000 00000000 00000000 00000000  ................
 1b80 00000000 00000000 00000000 00000000  ................
 1b90 00000000 00000000 00000000 00000000  ................
 1ba0 00000000 00000000 00000000 00000000  ................
 1bb0 00000000 00000000 00000000 00000000  ................
 1bc0 00000000 00000000 00000000 00000000  ................
 1bd0 00000000 00000000 00000000 00000000  ................
 1be0 00000000 00000000 00000000 00000000  ................
 1bf0 00000000 00000000 00000000 00000000  ................
 1c00 00000000 00000000 00000000 00000000  ................
 1c10 00000000 00000000 00000000 00000000  ................
 1c20 00000000 00000000 00000000 00000000  ................
 1c30 00000000 00000000 00000000 00000000  ................
 1c40 00000000 00000000 00000000 00000000  ................
 1c50 00000000 00000000 00000000 00000000  ................
 1c60 00000000 00000000 00000000 00000000  ................
 1c70 00000000 00000000 00000000 00000000  ................
 1c80 00000000 01000000 00000000 00000000  ................
 1c90 00000000 00000000 00000000 00000000  ................
 1ca0 00000000 00000000 00000000 00000000  ................
 1cb0 00000000 00000000 00000000 00000000  ................
 1cc0 00000000 00000000 00000000 00000000  ................
 1cd0 00000000 00000000 00000000 00000000  ................
 1ce0 00000000 00000000 00000000 00000000  ................
 1cf0 00000000 00000000 00000000 00000000  ................
 1d00 00000000 00000000 00000000 00000000  ................
 1d10 00000000 00000000 00000000 00000000  ................
 1d20 00000000 00000000 00000000 00000000  ................
 1d30 00000000 00000000 00000000 00000000  ................
 1d40 00000000 00000000 00000000 00000000  ................
 1d50 00000000 00000000 00000000 00000000  ................
 1d60 00000000 00000000 00000000 00000000  ................
 1d70 00000000 00000000 00000000 00000000  ................
 1d80 00000000 00000000 00000000 00000000  ................
 1d90 00000000 00000000 00000000 00000000  ................
 1da0 00000000 00000000 00000000 00000000  ................
 1db0 00000000 00000000 00000000 00000000  ................
 1dc0 00000000 00000000 00000000 00000000  ................
 1dd0 00000000 00000000 00000000 00000000  ................
 1de0 00000000 00000000 00000000 00000000  ................
 1df0 00000000 00000000 00000000 00000000  ................
 1e00 00000000 00000000 00000000 00000000  ................
 1e10 00000000 00000000 00000000 00000000  ................
 1e20 00000000 00000000 00000000 00000000  ................
 1e30 00000000 00000000 00000000 00000000  ................
 1e40 00000000 00000000 00000000 00000000  ................
 1e50 00000000 00000000 00000000 00000000  ................
 1e60 00000000 00000000 00000000 00000000  ................
 1e70 00000000 00000000 00000000 00000000  ................
 1e80 00000000 00000000 00000000 00000000  ................
 1e90 00000000 00000000 00000000 00000000  ................
 1ea0 00000000 00000000 00000000 00000000  ................
 1eb0 01000000 03000000 04000000 04000000  ................
 1ec0 03000000 00000000 00000000 00000000  ................
 1ed0 00000000 00000000 00000000 00000000  ................
 1ee0 00000000 00000000 00000000 00000000  ................
 1ef0 00000000 00000000 00000000 00000000  ................
 1f00 00000000 00000000 00000000 01000000  ................
 1f10 02000000 00000000 00000000 00000000  ................
 1f20 02000000 05000000 09000000 0c000000  ................
 1f30 0d000000 0e000000 0f000000 0d000000  ................
 1f40 08000000 00000000 00000000 00000000  ................
 1f50 00000000 00000000 00000000 00000000  ................
 1f60 00000000 00000000 00000000 00000000  ................
 1f70 00000000 00000000 00000000 00000000  ................
 1f80 04000000 05000000 01000000 00000000  ................
 1f90 00000000 00000000 00000000 00000000  ................
 1fa0 00000000 00000000 03000000 09000000  ................
 1fb0 11000000 15000000 14000000 0e000000  ................
 1fc0 00000000 00000000 00000000 00000000  ................
 1fd0 00000000 00000000 00000000 00000000  ................
 1fe0 00000000 00000000 00000000 00000000  ................
 1ff0 00000000 07000000 07000000 01000000  ................
 2000 00000000 00000000 00000000 00000000  ................
 2010 00000000 00000000 00000000 00000000  ................
 2020 00000000 00000000 00000000 09000000  ................
 2030 16000000 17000000 10000000 01000000  ................
 2040 00000000 00000000 00000000 00000000  ................
 2050 00000000 00000000 00000000 00000000  ................
 2060 00000000 00000000 07000000 0a000000  ................
 2070 04000000 00000000 00000000 00000000  ................
 2080 00000000 00000000 00000000 00000000  ................
 2090 00000000 00000000 00000000 00000000  ................
 20a0 00000000 00000000 01000000 13000000  ................
 20b0 1a000000 0f000000 00000000 00000000  ................
 20c0 00000000 00000000 00000000 00000000  ................
 20d0 00000000 00000000 00000000 01000000  ................
 20e0 0d000000 0a000000 00000000 00000000  ................
 20f0 00000000 00000000 00000000 00000000  ................
 2100 00000000 00000000 00000000 00000000  ................
 2110 00000000 00000000 00000000 00000000  ................
 2120 00000000 00000000 13000000 17000000  ................
 2130 09000000 00000000 00000000 00000000  ................
 2140 00000000 00000000 00000000 00000000  ................
 2150 00000000 08000000 10000000 06000000  ................
 2160 00000000 00000000 00000000 00000000  ................
 2170 00000000 00000000 00000000 00000000  ................
 2180 00000000 00000000 00000000 00000000  ................
 2190 00000000 00000000 00000000 00000000  ................
 21a0 00000000 0f000000 10000000 00000000  ................
 21b0 00000000 00000000 00000000 00000000  ................
 21c0 00000000 00000000 00000000 0e000000  ................
 21d0 0f000000 01000000 00000000 00000000  ................
 21e0 00000000 00000000 00000000 00000000  ................
 21f0 00000000 00000000 00000000 00000000  ................
 2200 00000000 00000000 00000000 00000000  ................
 2210 00000000 00000000 00000000 00000000  ................
 2220 13000000 06000000 00000000 00000000  ................
 2230 00000000 00000000 00000000 00000000  ................
 2240 02000000 12000000 0d000000 00000000  ................
 2250 00000000 00000000 00000000 00000000  ................
 2260 02000000 00000000 00000000 0e000000  ................
 2270 09000000 00000000 00000000 00000000  ................
 2280 00000000 01000000 00000000 00000000  ................
 2290 00000000 00000000 12000000 0a000000  ................
 22a0 00000000 00000000 00000000 00000000  ................
 22b0 00000000 00000000 04000000 13000000  ................
 22c0 0d000000 00000000 00000000 00000000  ................
 22d0 00000000 00000000 04000000 00000000  ................
 22e0 00000000 0b000000 07000000 00000000  ................
 22f0 00000000 00000000 00000000 01000000  ................
 2300 01000000 00000000 00000000 00000000  ................
 2310 11000000 0c000000 00000000 00000000  ................
 2320 00000000 00000000 00000000 00000000  ................
 2330 06000000 15000000 0d000000 00000000  ................
 2340 00000000 00000000 00000000 00000000  ................
 2350 00000000 00000000 00000000 09000000  ................
 2360 09000000 05000000 04000000 04000000  ................
 2370 05000000 05000000 03000000 00000000  ................
 2380 00000000 00000000 10000000 0c000000  ................
 2390 00000000 00000000 00000000 00000000  ................
 23a0 00000000 00000000 06000000 15000000  ................
 23b0 0e000000 00000000 00000000 00000000  ................
 23c0 10000000 0d000000 02000000 00000000  ................
 23d0 00000000 07000000 09000000 07000000  ................
 23e0 05000000 05000000 06000000 07000000  ................
 23f0 06000000 00000000 00000000 00000000  ................
 2400 10000000 0a000000 00000000 00000000  ................
 2410 00000000 00000000 00000000 00000000  ................
 2420 05000000 16000000 10000000 00000000  ................
 2430 00000000 00000000 10000000 0d000000  ................
 2440 00000000 00000000 02000000 00000000  ................
 2450 01000000 01000000 01000000 01000000  ................
 2460 01000000 00000000 00000000 00000000  ................
 2470 00000000 00000000 0f000000 07000000  ................
 2480 00000000 00000000 00000000 00000000  ................
 2490 00000000 00000000 02000000 14000000  ................
 24a0 12000000 00000000 00000000 00000000  ................
 24b0 06000000 15000000 06000000 02000000  ................
 24c0 0a000000 0e000000 11000000 11000000  ................
 24d0 0f000000 11000000 10000000 05000000  ................
 24e0 01000000 01000000 00000000 06000000  ................
 24f0 0d000000 04000000 00000000 00000000  ................
 2500 00000000 00000000 00000000 00000000  ................
 2510 00000000 11000000 16000000 05000000  ................
 2520 00000000 00000000 00000000 05000000  ................
 2530 00000000 00000000 00000000 00000000  ................
 2540 00000000 00000000 00000000 0b000000  ................
 2550 11000000 05000000 00000000 00000000  ................
 2560 02000000 0b000000 09000000 00000000  ................
 2570 00000000 00000000 00000000 00000000  ................
 2580 00000000 00000000 00000000 0b000000  ................
 2590 18000000 0e000000 00000000 00000000  ................
 25a0 00000000 00000000 00000000 00000000  ................
 25b0 00000000 00000000 00000000 00000000  ................
 25c0 00000000 00000000 00000000 00000000  ................
 25d0 00000000 00000000 06000000 09000000  ................
 25e0 02000000 00000000 00000000 00000000  ................
 25f0 00000000 00000000 00000000 00000000  ................
 2600 00000000 03000000 14000000 15000000  ................
 2610 05000000 00000000 00000000 00000000  ................
 2620 00000000 00000000 00000000 00000000  ................
 2630 00000000 00000000 00000000 00000000  ................
 2640 00000000 00000000 00000000 01000000  ................
 2650 06000000 05000000 00000000 00000000  ................
 2660 00000000 00000000 00000000 00000000  ................
 2670 00000000 00000000 00000000 00000000  ................
 2680 0c000000 17000000 10000000 00000000  ................
 2690 00000000 00000000 00000000 00000000  ................
 26a0 00000000 00000000 00000000 00000000  ................
 26b0 00000000 00000000 00000000 00000000  ................
 26c0 00000000 01000000 03000000 00000000  ................
 26d0 00000000 00000000 00000000 00000000  ................
 26e0 00000000 00000000 00000000 00000000  ................
 26f0 00000000 00000000 01000000 11000000  ................
 2700 15000000 0d000000 00000000 00000000  ................
 2710 00000000 00000000 00000000 00000000  ................
 2720 00000000 00000000 00000000 00000000  ................
 2730 00000000 00000000 00000000 02000000  ................
 2740 00000000 00000000 00000000 00000000  ................
 2750 00000000 00000000 00000000 00000000  ................
 2760 00000000 00000000 00000000 00000000  ................
 2770 00000000 03000000 10000000 15000000  ................
 2780 0f000000 05000000 00000000 00000000  ................
 2790 00000000 00000000 00000000 00000000  ................
 27a0 00000000 00000000 00000000 00000000  ................
 27b0 01000000 00000000 00000000 00000000  ................
 27c0 00000000 00000000 00000000 00000000  ................
 27d0 00000000 00000000 00000000 00000000  ................
 27e0 00000000 00000000 00000000 00000000  ................
 27f0 02000000 0e000000 15000000 10000000  ................
 2800 0a000000 03000000 00000000 00000000  ................
 2810 00000000 00000000 00000000 00000000  ................
 2820 00000000 00000000 00000000 00000000  ................
 2830 00000000 00000000 00000000 00000000  ................
 2840 00000000 00000000 00000000 00000000  ................
 2850 00000000 00000000 00000000 00000000  ................
 2860 00000000 00000000 00000000 00000000  ................
 2870 0c000000 13000000 13000000 0d000000  ................
 2880 09000000 06000000 04000000 03000000  ................
 2890 02000000 02000000 02000000 02000000  ................
 28a0 01000000 00000000 00000000 00000000  ................
 28b0 00000000 00000000 00000000 00000000  ................
 28c0 00000000 00000000 00000000 00000000  ................
 28d0 00000000 00000000 00000000 00000000  ................
 28e0 00000000 00000000 00000000 02000000  ................
 28f0 0d000000 10000000 10000000 0d000000  ................
 2900 0c000000 0a000000 0a000000 07000000  ................
 2910 04000000 00000000 00000000 00000000  ................
 2920 00000000 00000000 00000000 00000000  ................
 2930 00000000 00000000 00000000 00000000  ................
 2940 00000000 00000000 00000000 00000000  ................
 2950 00000000 00000000 00000000 00000000  ................
 2960 00000000 00000000 00000000 00000000  ................
 2970 02000000 03000000 05000000 03000000  ................
 2980 00000000 00000000 00000000 00000000  ................
 2990 00000000 00000000 00000000 00000000  ................
 29a0 00000000 00000000 00000000 00000000  ................
 29b0 00000000 00000000 00000000 00000000  ................
 29c0 00000000 00000000 00000000 00000000  ................
 29d0 00000000 00000000 00000000 00000000  ................
 29e0 00000000 00000000 00000000 00000000  ................
 29f0 00000000 00000000 00000000 00000000  ................
 2a00 00000000 00000000 00000000 00000000  ................
 2a10 00000000 00000000 00000000 00000000  ................
 2a20 00000000 00000000 00000000 00000000  ................
 2a30 00000000 00000000 00000000 00000000  ................
 2a40 00000000 00000000 00000000 00000000  ................
 2a50 00000000 00000000 00000000 00000000  ................
 2a60 00000000 00000000 00000000 00000000  ................
 2a70 00000000 00000000 00000000 00000000  ................
 2a80 00000000 00000000 00000000 00000000  ................
 2a90 00000000 00000000 00000000 00000000  ................
 2aa0 00000000 00000000 00000000 00000000  ................
 2ab0 00000000 00000000 00000000 00000000  ................
 2ac0 00000000 00000000 00000000 00000000  ................
 2ad0 00000000 00000000 00000000 00000000  ................
 2ae0 00000000 00000000 00000000 00000000  ................
 2af0 00000000 00000000 00000000 00000000  ................
 2b00 00000000 00000000 00000000 00000000  ................
 2b10 00000000 00000000 00000000 00000000  ................
 2b20 00000000 00000000 00000000 00000000  ................
 2b30 00000000 00000000 00000000 00000000  ................
 2b40 00000000 00000000 00000000 00000000  ................
 2b50 00000000 00000000 00000000 00000000  ................
 2b60 00000000 00000000 00000000 00000000  ................
 2b70 00000000 00000000 00000000 00000000  ................
 2b80 00000000 00000000 00000000 00000000  ................
 2b90 00000000 00000000 00000000 00000000  ................
 2ba0 00000000 00000000 00000000 00000000  ................
 2bb0 00000000 00000000 00000000 00000000  ................
 2bc0 00000000 00000000 00000000 00000000  ................
 2bd0 00000000 00000000 00000000 00000000  ................
 2be0 00000000 00000000 00000000 00000000  ................
 2bf0 00000000 00000000 00000000 00000000  ................
 2c00 00000000 00000000 00000000 00000000  ................
 2c10 00000000 00000000 00000000 00000000  ................
 2c20 00000000 00000000 00000000 00000000  ................
 2c30 00000000 00000000 00000000 00000000  ................
 2c40 00000000 00000000 00000000 00000000  ................
 2c50 00000000 00000000 00000000 00000000  ................
 2c60 00000000 00000000 00000000 00000000  ................
 2c70 00000000 00000000 00000000 00000000  ................
 2c80 00000000 00000000 00000000 00000000  ................
 2c90 00000000 00000000 00000000 00000000  ................
 2ca0 00000000 00000000 00000000 00000000  ................
 2cb0 00000000 00000000 00000000 00000000  ................
 2cc0 00000000 00000000 00000000 00000000  ................
 2cd0 00000000 00000000 00000000 00000000  ................
 2ce0 00000000 00000000 00000000 00000000  ................
 2cf0 00000000 00000000 00000000 00000000  ................
 2d00 00000000 00000000 00000000 00000000  ................
 2d10 00000000 00000000 00000000 00000000  ................
 2d20 00000000 00000000 00000000 00000000  ................
 2d30 00000000 00000000 00000000 00000000  ................
 2d40 00000000 00000000 00000000 00000000  ................
 2d50 00000000 00000000 00000000 00000000  ................
 2d60 00000000 00000000 00000000 00000000  ................
 2d70 00000000 00000000 00000000 00000000  ................
 2d80 00000000 00000000 00000000 00000000  ................
 2d90 00000000 00000000 00000000 00000000  ................
 2da0 00000000 00000000 00000000 00000000  ................
 2db0 00000000 00000000 00000000 00000000  ................
 2dc0 00000000 00000000 00000000 00000000  ................
 2dd0 00000000 00000000 00000000 00000000  ................
 2de0 00000000 00000000 00000000 00000000  ................
 2df0 00000000 00000000 00000000 00000000  ................
 2e00 00000000 00000000 00000000 00000000  ................
 2e10 00000000 00000000 00000000 00000000  ................
 2e20 00000000 00000000 00000000 00000000  ................
 2e30 00000000 00000000 00000000 00000000  ................
 2e40 00000000 00000000 00000000 00000000  ................
 2e50 00000000 00000000 00000000 00000000  ................
 2e60 00000000 00000000 00000000 00000000  ................
 2e70 00000000 00000000 00000000 00000000  ................
 2e80 00000000 00000000 00000000 00000000  ................
 2e90 00000000 00000000 00000000 00000000  ................
 2ea0 00000000 00000000 00000000 00000000  ................
 2eb0 00000000 00000000 00000000 00000000  ................
 2ec0 00000000 00000000 00000000 00000000  ................
 2ed0 00000000 00000000 00000000 00000000  ................
 2ee0 00000000 00000000 00000000 00000000  ................
 2ef0 00000000 00000000 00000000 00000000  ................
 2f00 00000000 00000000 00000000 00000000  ................
 2f10 00000000 00000000 00000000 00000000  ................
 2f20 00000000 00000000 00000000 00000000  ................
 2f30 00000000 00000000 00000000 00000000  ................
 2f40 00000000 00000000 00000000 00000000  ................
 2f50 00000000 00000000 00000000 00000000  ................
 2f60 00000000 00000000 00000000 00000000  ................
 2f70 00000000 00000000 00000000 00000000  ................
 2f80 00000000 00000000 00000000 00000000  ................
 2f90 00000000 00000000 00000000 00000000  ................
 2fa0 00000000 00000000 00000000 00000000  ................
 2fb0 00000000 00000000 00000000 00000000  ................
 2fc0 00000000 00000000 00000000 00000000  ................
 2fd0 00000000 00000000 00000000 00000000  ................
 2fe0 00000000 00000000 00000000 00000000  ................
 2ff0 00000000 00000000 00000000 00000000  ................
 3000 00000000 00000000 00000000 00000000  ................
 3010 00000000 00000000 00000000 00000000  ................
 3020 00000000 00000000 00000000 00000000  ................
 3030 00000000 00000000 00000000 00000000  ................
 3040 00000000 00000000 00000000 00000000  ................
 3050 00000000 00000000 00000000 00000000  ................
 3060 00000000 00000000 00000000 00000000  ................
 3070 00000000 00000000 00000000 00000000  ................
 3080 00000000 00000000 00000000 00000000  ................
 3090 00000000 00000000 00000000 00000000  ................
 30a0 00000000 00000000 00000000 00000000  ................
 30b0 00000000 00000000 00000000 00000000  ................
 30c0 00000000 00000000 00000000 00000000  ................
 30d0 00000000 00000000 00000000 00000000  ................
 30e0 00000000 00000000 00000000 00000000  ................
 30f0 00000000 00000000 00000000 00000000  ................
 3100 00000000 00000000 00000000 00000000  ................
 3110 00000000 00000000 00000000 00000000  ................
 3120 00000000 00000000 00000000 00000000  ................
 3130 00000000 00000000 00000000 00000000  ................
 3140 00000000 00000000 00000000 00000000  ................
 3150 00000000 00000000 00000000 00000000  ................
 3160 00000000 00000000 00000000 00000000  ................
 3170 00000000 00000000 00000000 00000000  ................
 3180 00000000 00000000 00000000 00000000  ................
 3190 00000000 00000000 00000000 00000000  ................
 31a0 00000000 00000000 00000000 00000000  ................
 31b0 00000000 00000000 00000000 00000000  ................
 31c0 00000000 00000000 00000000 00000000  ................
 31d0 00000000 00000000 00000000 00000000  ................
 31e0 00000000 00000000 00000000 00000000  ................
 31f0 00000000 00000000 00000000 00000000  ................
 3200 00000000 00000000 00000000 00000000  ................
 3210 00000000 00000000 00000000 00000000  ................
 3220 00000000 00000000 00000000 00000000  ................
 3230 00000000 00000000 00000000 00000000  ................
 3240 00000000 00000000 00000000 00000000  ................
 3250 00000000 00000000 00000000 00000000  ................
 3260 00000000 00000000 00000000 00000000  ................
 3270 00000000 00000000 00000000 00000000  ................
 3280 00000000 00000000 00000000 00000000  ................
 3290 00000000 00000000 00000000 00000000  ................
 32a0 00000000 00000000 00000000 00000000  ................
 32b0 00000000 00000000 00000000 00000000  ................
 32c0 00000000 00000000 00000000 00000000  ................
 32d0 00000000 00000000 00000000 00000000  ................
 32e0 00000000 00000000 00000000 00000000  ................
 32f0 00000000 00000000 00000000 00000000  ................
 3300 00000000 00000000 00000000 00000000  ................
 3310 00000000 00000000 00000000 00000000  ................
 3320 00000000 00000000 00000000 00000000  ................
 3330 00000000 00000000 00000000 00000000  ................
 3340 00000000 00000000 00000000 00000000  ................
 3350 00000000 00000000 00000000 00000000  ................
 3360 00000000 00000000 00000000 00000000  ................
 3370 00000000 00000000 00000000 00000000  ................
 3380 00000000 00000000 00000000 00000000  ................
 3390 00000000 00000000 00000000 00000000  ................
 33a0 00000000 00000000 00000000 00000000  ................
 33b0 00000000 00000000 00000000 00000000  ................
 33c0 00000000 00000000 00000000 00000000  ................
 33d0 00000000 00000000 00000000 00000000  ................
 33e0 00000000 00000000 00000000 00000000  ................
 33f0 00000000 00000000 00000000 00000000  ................
 3400 00000000 00000000 00000000 00000000  ................
 3410 00000000 00000000 00000000 00000000  ................
 3420 00000000 00000000 00000000 00000000  ................
 3430 00000000 00000000 00000000 00000000  ................
 3440 00000000 00000000 00000000 00000000  ................
 3450 00000000 00000000 00000000 00000000  ................
 3460 00000000 00000000 00000000 00000000  ................
 3470 00000000 00000000 00000000 00000000  ................
 3480 00000000 00000000 00000000 00000000  ................
 3490 00000000 00000000 00000000 00000000  ................
 34a0 00000000 00000000 00000000 00000000  ................
 34b0 00000000 00000000 00000000 00000000  ................
 34c0 00000000 00000000 00000000 00000000  ................
 34d0 00000000 00000000 00000000 00000000  ................
 34e0 00000000 00000000 00000000 00000000  ................
 34f0 00000000 00000000 00000000 00000000  ................
 3500 00000000 00000000 00000000 00000000  ................
 3510 00000000 00000000 00000000 00000000  ................
 3520 00000000 00000000 00000000 00000000  ................
 3530 00000000 00000000 00000000 00000000  ................
 3540 00000000 00000000 00000000 00000000  ................
 3550 00000000 00000000 00000000 00000000  ................
 3560 00000000 00000000 00000000 00000000  ................
 3570 00000000 00000000 00000000 00000000  ................
 3580 00000000 00000000 00000000 00000000  ................
 3590 00000000 00000000 00000000 00000000  ................
 35a0 00000000 00000000 00000000 00000000  ................
 35b0 00000000 00000000 00000000 00000000  ................
 35c0 00000000 00000000 00000000 00000000  ................
 35d0 00000000 00000000 00000000 00000000  ................
 35e0 00000000 00000000 00000000 00000000  ................
 35f0 00000000 00000000 00000000 00000000  ................
 3600 00000000 00000000 00000000 00000000  ................
 3610 00000000 00000000 00000000 00000000  ................
 3620 00000000 00000000 00000000 00000000  ................
 3630 00000000 00000000 00000000 00000000  ................
 3640 00000000 00000000 00000000 00000000  ................
 3650 00000000 00000000 00000000 00000000  ................
 3660 00000000 00000000 00000000 00000000  ................
 3670 00000000 00000000 00000000 00000000  ................
 3680 00000000 00000000 00000000 00000000  ................
 3690 00000000 00000000 00000000 00000000  ................
 36a0 00000000 00000000 00000000 00000000  ................
 36b0 00000000 00000000 00000000 00000000  ................
 36c0 00000000 00000000 00000000 00000000  ................
 36d0 00000000 00000000 00000000 00000000  ................
 36e0 00000000 00000000 00000000 00000000  ................
 36f0 00000000 00000000 00000000 00000000  ................
 3700 00000000 00000000 00000000 00000000  ................
 3710 00000000 00000000 00000000 00000000  ................
 3720 00000000 00000000 00000000 00000000  ................
 3730 00000000 00000000 00000000 00000000  ................
 3740 00000000 00000000 00000000 00000000  ................
 3750 00000000 00000000 00000000 00000000  ................
 3760 00000000 00000000 00000000 00000000  ................
 3770 00000000 00000000 00000000 00000000  ................
 3780 00000000 00000000 00000000 00000000  ................
 3790 00000000 00000000 00000000 00000000  ................
 37a0 00000000 00000000 00000000 00000000  ................
 37b0 00000000 00000000 00000000 00000000  ................
 37c0 00000000 00000000 00000000 00000000  ................
 37d0 00000000 00000000 00000000 00000000  ................
 37e0 00000000 00000000 00000000 00000000  ................
 37f0 00000000 00000000 00000000 00000000  ................
 3800 00000000 00000000 00000000 00000000  ................
 3810 00000000 00000000 00000000 00000000  ................
 3820 00000000 00000000 00000000 00000000  ................
 3830 00000000 00000000 00000000 00000000  ................
 3840 1f000000 1f000000 1f000000 1f000000  ................
 3850 1f000000 1f000000 1e000000 1d000000  ................
 3860 1d000000 1e000000 1f000000 1f000000  ................
 3870 1e000000 1e000000 1e000000 1e000000  ................
 3880 1d000000 1e000000 1e000000 1e000000  ................
 3890 1e000000 1d000000 1e000000 1e000000  ................
 38a0 1e000000 1d000000 1d000000 1d000000  ................
 38b0 1e000000 1d000000 1f000000 1f000000  ................
 38c0 1f000000 1f000000 1f000000 1f000000  ................
 38d0 1e000000 1e000000 1e000000 1f000000  ................
 38e0 20000000 1f000000 1f000000 1f000000   ...............
 38f0 1f000000 1f000000 1e000000 1f000000  ................
 3900 1f000000 1f000000 1f000000 1e000000  ................
 3910 1f000000 20000000 20000000 20000000  .... ... ... ...
 3920 20000000 20000000 20000000 1f000000   ... ... .......
 3930 1f000000 1e000000 1e000000 1e000000  ................
 3940 1f000000 1f000000 1e000000 1e000000  ................
 3950 1d000000 1f000000 1f000000 1e000000  ................
 3960 1d000000 1d000000 1c000000 1c000000  ................
 3970 1d000000 1c000000 1e000000 1f000000  ................
 3980 1f000000 1e000000 1f000000 20000000  ............ ...
 3990 20000000 20000000 20000000 20000000   ... ... ... ...
 39a0 20000000 20000000 1f000000 1f000000   ... ...........
 39b0 1e000000 1f000000 1f000000 1e000000  ................
 39c0 1e000000 1d000000 1e000000 1d000000  ................
 39d0 1c000000 19000000 15000000 11000000  ................
 39e0 0d000000 0c000000 0b000000 0d000000  ................
 39f0 12000000 17000000 1b000000 1d000000  ................
 3a00 1f000000 20000000 20000000 20000000  .... ... ... ...
 3a10 20000000 1f000000 1f000000 1f000000   ...............
 3a20 1f000000 1f000000 1e000000 1e000000  ................
 3a30 1e000000 1e000000 1e000000 1d000000  ................
 3a40 1b000000 15000000 10000000 0b000000  ................
 3a50 06000000 03000000 02000000 02000000  ................
 3a60 02000000 02000000 04000000 07000000  ................
 3a70 0c000000 12000000 1a000000 1e000000  ................
 3a80 20000000 20000000 1f000000 1f000000   ... ...........
 3a90 1f000000 20000000 1f000000 1f000000  .... ...........
 3aa0 1f000000 1f000000 1f000000 1f000000  ................
 3ab0 1d000000 18000000 11000000 0b000000  ................
 3ac0 05000000 01000000 00000000 00000000  ................
 3ad0 00000000 00000000 00000000 00000000  ................
 3ae0 00000000 00000000 00000000 05000000  ................
 3af0 0d000000 16000000 1c000000 20000000  ............ ...
 3b00 1f000000 1f000000 1f000000 20000000  ............ ...
 3b10 1f000000 1f000000 1f000000 1f000000  ................
 3b20 1f000000 1d000000 18000000 10000000  ................
 3b30 08000000 02000000 00000000 01000000  ................
 3b40 03000000 06000000 0a000000 0b000000  ................
 3b50 0a000000 07000000 04000000 00000000  ................
 3b60 00000000 00000000 03000000 0a000000  ................
 3b70 14000000 1b000000 1f000000 1f000000  ................
 3b80 1f000000 20000000 1f000000 1f000000  .... ...........
 3b90 1f000000 1f000000 1e000000 19000000  ................
 3ba0 11000000 08000000 02000000 00000000  ................
 3bb0 04000000 0a000000 10000000 15000000  ................
 3bc0 18000000 19000000 19000000 18000000  ................
 3bd0 15000000 0e000000 07000000 01000000  ................
 3be0 00000000 02000000 0a000000 14000000  ................
 3bf0 1c000000 1e000000 1f000000 1f000000  ................
 3c00 1f000000 1e000000 1f000000 1e000000  ................
 3c10 1b000000 12000000 09000000 02000000  ................
 3c20 01000000 07000000 0f000000 15000000  ................
 3c30 1a000000 1d000000 1e000000 1e000000  ................
 3c40 1f000000 1f000000 1e000000 1c000000  ................
 3c50 15000000 0b000000 03000000 00000000  ................
 3c60 03000000 0d000000 16000000 1e000000  ................
 3c70 1f000000 1f000000 1f000000 1f000000  ................
 3c80 1e000000 1d000000 15000000 0b000000  ................
 3c90 03000000 01000000 07000000 10000000  ................
 3ca0 17000000 1c000000 1e000000 1f000000  ................
 3cb0 1f000000 1f000000 1f000000 1f000000  ................
 3cc0 1f000000 1f000000 1d000000 16000000  ................
 3cd0 0d000000 02000000 00000000 05000000  ................
 3ce0 10000000 1a000000 1e000000 1f000000  ................
 3cf0 1f000000 1e000000 1d000000 1a000000  ................
 3d00 0f000000 05000000 01000000 05000000  ................
 3d10 0f000000 16000000 1c000000 1e000000  ................
 3d20 20000000 1f000000 1f000000 1f000000   ...............
 3d30 1f000000 20000000 20000000 20000000  .... ... ... ...
 3d40 20000000 1d000000 15000000 0b000000   ...............
 3d50 01000000 01000000 09000000 16000000  ................
 3d60 1d000000 1f000000 1f000000 1e000000  ................
 3d70 1d000000 17000000 0b000000 03000000  ................
 3d80 02000000 0a000000 15000000 1b000000  ................
 3d90 1e000000 1f000000 1c000000 1a000000  ................
 3da0 16000000 17000000 18000000 19000000  ................
 3db0 19000000 1a000000 1b000000 1c000000  ................
 3dc0 19000000 13000000 06000000 00000000  ................
 3dd0 05000000 11000000 1b000000 1e000000  ................
 3de0 1e000000 1e000000 1c000000 14000000  ................
 3df0 08000000 02000000 04000000 0e000000  ................
 3e00 17000000 19000000 1a000000 17000000  ................
 3e10 16000000 0e000000 09000000 08000000  ................
 3e20 08000000 08000000 09000000 09000000  ................
 3e30 0a000000 0b000000 0f000000 11000000  ................
 3e40 08000000 00000000 03000000 0d000000  ................
 3e50 19000000 1e000000 1e000000 1d000000  ................
 3e60 1b000000 11000000 05000000 02000000  ................
 3e70 07000000 11000000 18000000 18000000  ................
 3e80 14000000 0e000000 0f000000 0a000000  ................
 3e90 05000000 03000000 02000000 02000000  ................
 3ea0 03000000 02000000 02000000 03000000  ................
 3eb0 0b000000 11000000 0a000000 01000000  ................
 3ec0 02000000 0b000000 17000000 1c000000  ................
 3ed0 1e000000 1d000000 1a000000 0f000000  ................
 3ee0 04000000 01000000 0a000000 14000000  ................
 3ef0 18000000 17000000 14000000 0f000000  ................
 3f00 0e000000 08000000 04000000 03000000  ................
 3f10 02000000 02000000 03000000 03000000  ................
 3f20 03000000 04000000 0a000000 11000000  ................
 3f30 0c000000 03000000 02000000 09000000  ................
 3f40 16000000 1d000000 1e000000 1d000000  ................
 3f50 19000000 0e000000 03000000 02000000  ................
 3f60 0a000000 11000000 10000000 0c000000  ................
 3f70 0b000000 0a000000 0a000000 08000000  ................
 3f80 05000000 02000000 02000000 02000000  ................
 3f90 02000000 02000000 01000000 03000000  ................
 3fa0 0b000000 13000000 0c000000 03000000  ................
 3fb0 01000000 09000000 16000000 1d000000  ................
 3fc0 1e000000 1e000000 19000000 0f000000  ................
 3fd0 04000000 01000000 09000000 10000000  ................
 3fe0 0f000000 0b000000 09000000 0a000000  ................
 3ff0 0b000000 0c000000 0d000000 0c000000  ................
 4000 0b000000 0b000000 0a000000 09000000  ................
 4010 08000000 08000000 0e000000 13000000  ................
 4020 0c000000 04000000 02000000 0a000000  ................
 4030 16000000 1d000000 1e000000 1e000000  ................
 4040 1a000000 10000000 05000000 01000000  ................
 4050 08000000 10000000 12000000 0b000000  ................
 4060 08000000 0b000000 0a000000 0a000000  ................
 4070 09000000 07000000 08000000 09000000  ................
 4080 08000000 08000000 08000000 09000000  ................
 4090 0f000000 11000000 0a000000 03000000  ................
 40a0 03000000 0c000000 18000000 1d000000  ................
 40b0 1e000000 1d000000 1b000000 12000000  ................
 40c0 06000000 01000000 05000000 0f000000  ................
 40d0 15000000 11000000 10000000 13000000  ................
 40e0 15000000 17000000 17000000 16000000  ................
 40f0 15000000 11000000 0c000000 0b000000  ................
 4100 0d000000 11000000 16000000 11000000  ................
 4110 08000000 02000000 03000000 10000000  ................
 4120 18000000 1d000000 1d000000 1d000000  ................
 4130 1c000000 14000000 09000000 01000000  ................
 4140 03000000 0d000000 17000000 1b000000  ................
 4150 1b000000 1c000000 1d000000 1e000000  ................
 4160 1e000000 1e000000 1d000000 1c000000  ................
 4170 18000000 16000000 17000000 1a000000  ................
 4180 18000000 0e000000 06000000 01000000  ................
 4190 06000000 13000000 1a000000 1e000000  ................
 41a0 1d000000 1d000000 1c000000 17000000  ................
 41b0 0e000000 03000000 00000000 07000000  ................
 41c0 11000000 1a000000 1f000000 1f000000  ................
 41d0 1f000000 1e000000 1e000000 1e000000  ................
 41e0 1f000000 1f000000 1e000000 1d000000  ................
 41f0 1d000000 1b000000 14000000 0a000000  ................
 4200 03000000 02000000 0b000000 15000000  ................
 4210 1b000000 1e000000 1d000000 1d000000  ................
 4220 1d000000 1a000000 12000000 08000000  ................
 4230 00000000 01000000 0a000000 13000000  ................
 4240 1b000000 1f000000 1f000000 1f000000  ................
 4250 1f000000 1f000000 1e000000 1f000000  ................
 4260 1e000000 1e000000 1c000000 16000000  ................
 4270 0c000000 04000000 00000000 06000000  ................
 4280 11000000 18000000 1d000000 1f000000  ................
 4290 1e000000 1e000000 1d000000 1d000000  ................
 42a0 18000000 0e000000 05000000 00000000  ................
 42b0 02000000 0a000000 14000000 1a000000  ................
 42c0 1e000000 1e000000 1e000000 1e000000  ................
 42d0 1e000000 1f000000 1e000000 1b000000  ................
 42e0 15000000 0c000000 05000000 00000000  ................
 42f0 03000000 0c000000 15000000 1b000000  ................
 4300 1d000000 1f000000 1e000000 1e000000  ................
 4310 1d000000 1d000000 1b000000 15000000  ................
 4320 0c000000 04000000 00000000 01000000  ................
 4330 06000000 0e000000 16000000 1b000000  ................
 4340 1e000000 1e000000 1e000000 1c000000  ................
 4350 17000000 10000000 09000000 03000000  ................
 4360 00000000 02000000 0a000000 13000000  ................
 4370 1a000000 1d000000 1f000000 1f000000  ................
 4380 1e000000 1e000000 1e000000 1d000000  ................
 4390 1d000000 1a000000 14000000 0b000000  ................
 43a0 04000000 00000000 00000000 02000000  ................
 43b0 06000000 0a000000 0d000000 0d000000  ................
 43c0 0d000000 0b000000 08000000 04000000  ................
 43d0 01000000 00000000 03000000 0a000000  ................
 43e0 13000000 1a000000 1d000000 1e000000  ................
 43f0 1e000000 1e000000 1d000000 1d000000  ................
 4400 1d000000 1d000000 1d000000 1c000000  ................
 4410 1a000000 15000000 0d000000 06000000  ................
 4420 00000000 00000000 00000000 00000000  ................
 4430 01000000 02000000 01000000 01000000  ................
 4440 00000000 00000000 00000000 04000000  ................
 4450 0b000000 14000000 19000000 1d000000  ................
 4460 1e000000 1f000000 1f000000 1f000000  ................
 4470 1d000000 1e000000 1d000000 1d000000  ................
 4480 1d000000 1c000000 1c000000 1b000000  ................
 4490 18000000 12000000 0b000000 04000000  ................
 44a0 01000000 00000000 00000000 00000000  ................
 44b0 00000000 00000000 00000000 04000000  ................
 44c0 09000000 10000000 17000000 1b000000  ................
 44d0 1e000000 1f000000 1f000000 1f000000  ................
 44e0 1f000000 1f000000 1d000000 1d000000  ................
 44f0 1d000000 1d000000 1d000000 1d000000  ................
 4500 1c000000 1d000000 1d000000 1b000000  ................
 4510 18000000 13000000 0f000000 0b000000  ................
 4520 09000000 08000000 09000000 0a000000  ................
 4530 0d000000 11000000 16000000 1a000000  ................
 4540 1d000000 1e000000 1f000000 1f000000  ................
 4550 1f000000 1f000000 1f000000 1f000000  ................
 4560 1d000000 1d000000 1d000000 1e000000  ................
 4570 1d000000 1d000000 1d000000 1d000000  ................
 4580 1d000000 1d000000 1d000000 1c000000  ................
 4590 1b000000 19000000 18000000 18000000  ................
 45a0 18000000 19000000 1a000000 1c000000  ................
 45b0 1d000000 1e000000 1e000000 1f000000  ................
 45c0 1f000000 1f000000 1f000000 1f000000  ................
 45d0 1f000000 1f000000 1d000000 1d000000  ................
 45e0 1d000000 1d000000 1d000000 1d000000  ................
 45f0 1d000000 1e000000 1e000000 1d000000  ................
 4600 1d000000 1d000000 1d000000 1d000000  ................
 4610 1d000000 1d000000 1d000000 1d000000  ................
 4620 1e000000 1e000000 1f000000 1f000000  ................
 4630 1e000000 1e000000 1f000000 1f000000  ................
 4640 1e000000 1e000000 1e000000 1e000000  ................
 4650 39000000 39000000 39000000 39000000  9...9...9...9...
 4660 39000000 39000000 38000000 38000000  9...9...8...8...
 4670 38000000 39000000 39000000 39000000  8...9...9...9...
 4680 39000000 39000000 39000000 38000000  9...9...9...8...
 4690 37000000 38000000 38000000 39000000  7...8...8...9...
 46a0 39000000 38000000 38000000 39000000  9...8...8...9...
 46b0 39000000 39000000 36000000 36000000  9...9...6...6...
 46c0 37000000 37000000 39000000 39000000  7...7...9...9...
 46d0 39000000 39000000 39000000 39000000  9...9...9...9...
 46e0 39000000 38000000 37000000 39000000  9...8...7...9...
 46f0 3a000000 39000000 39000000 37000000  :...9...9...7...
 4700 37000000 36000000 36000000 37000000  7...6...6...7...
 4710 38000000 3a000000 3a000000 3a000000  8...:...:...:...
 4720 3b000000 3b000000 3c000000 3c000000  ;...;...<...<...
 4730 3c000000 3c000000 3b000000 3b000000  <...<...;...;...
 4740 39000000 39000000 39000000 39000000  9...9...9...9...
 4750 39000000 39000000 39000000 38000000  9...9...9...8...
 4760 38000000 38000000 38000000 34000000  8...8...8...4...
 4770 30000000 2b000000 28000000 27000000  0...+...(...'...
 4780 27000000 29000000 2e000000 34000000  '...).......4...
 4790 38000000 39000000 3a000000 3b000000  8...9...:...;...
 47a0 3c000000 3c000000 3c000000 3b000000  <...<...<...;...
 47b0 3b000000 3b000000 39000000 39000000  ;...;...9...9...
 47c0 38000000 39000000 39000000 39000000  8...9...9...9...
 47d0 38000000 37000000 35000000 31000000  8...7...5...1...
 47e0 2c000000 25000000 21000000 1e000000  ,...%...!.......
 47f0 1c000000 1c000000 1c000000 1e000000  ................
 4800 21000000 25000000 29000000 30000000  !...%...)...0...
 4810 37000000 3a000000 3c000000 3c000000  7...:...<...<...
 4820 3b000000 3b000000 3b000000 3b000000  ;...;...;...;...
 4830 39000000 39000000 39000000 39000000  9...9...9...9...
 4840 39000000 39000000 37000000 33000000  9...9...7...3...
 4850 2c000000 25000000 1f000000 1b000000  ,...%...........
 4860 17000000 14000000 11000000 10000000  ................
 4870 10000000 10000000 13000000 17000000  ................
 4880 1c000000 23000000 2b000000 34000000  ....#...+...4...
 4890 39000000 3b000000 3a000000 3a000000  9...;...:...:...
 48a0 3a000000 3b000000 39000000 39000000  :...;...9...9...
 48b0 39000000 39000000 38000000 37000000  9...9...8...7...
 48c0 32000000 2a000000 21000000 1a000000  2...*...!.......
 48d0 15000000 13000000 13000000 16000000  ................
 48e0 19000000 1a000000 1a000000 17000000  ................
 48f0 13000000 10000000 0f000000 13000000  ................
 4900 1c000000 28000000 32000000 38000000  ....(...2...8...
 4910 3a000000 3a000000 3b000000 3b000000  :...:...;...;...
 4920 39000000 39000000 39000000 39000000  9...9...9...9...
 4930 38000000 33000000 2a000000 20000000  8...3...*... ...
 4940 17000000 14000000 15000000 1a000000  ................
 4950 1f000000 24000000 27000000 27000000  ....$...'...'...
 4960 27000000 25000000 21000000 1b000000  '...%...!.......
 4970 14000000 10000000 11000000 19000000  ................
 4980 26000000 33000000 38000000 39000000  &...3...8...9...
 4990 3a000000 3a000000 39000000 39000000  :...:...9...9...
 49a0 39000000 38000000 34000000 2b000000  9...8...4...+...
 49b0 21000000 18000000 14000000 17000000  !...............
 49c0 1e000000 26000000 2b000000 2e000000  ....&...+.......
 49d0 32000000 34000000 34000000 33000000  2...4...4...3...
 49e0 30000000 2a000000 21000000 18000000  0...*...!.......
 49f0 11000000 10000000 19000000 28000000  ............(...
 4a00 34000000 38000000 39000000 39000000  4...8...9...9...
 4a10 39000000 39000000 38000000 36000000  9...9...8...6...
 4a20 2f000000 24000000 19000000 14000000  /...$...........
 4a30 16000000 1f000000 29000000 30000000  ........)...0...
 4a40 34000000 37000000 39000000 3a000000  4...7...9...:...
 4a50 3a000000 3b000000 3b000000 38000000  :...;...;...8...
 4a60 31000000 25000000 19000000 11000000  1...%...........
 4a70 12000000 1d000000 2c000000 36000000  ........,...6...
 4a80 39000000 39000000 39000000 38000000  9...9...9...8...
 4a90 38000000 33000000 29000000 1c000000  8...3...).......
 4aa0 14000000 15000000 1e000000 29000000  ............)...
 4ab0 31000000 36000000 38000000 39000000  1...6...8...9...
 4ac0 39000000 39000000 3a000000 3a000000  9...9...:...:...
 4ad0 3a000000 3b000000 39000000 34000000  :...;...9...4...
 4ae0 25000000 17000000 11000000 14000000  %...............
 4af0 23000000 31000000 38000000 39000000  #...1...8...9...
 4b00 39000000 38000000 36000000 2f000000  9...8...6.../...
 4b10 23000000 17000000 13000000 1a000000  #...............
 4b20 26000000 30000000 36000000 38000000  &...0...6...8...
 4b30 36000000 32000000 2f000000 2f000000  6...2.../.../...
 4b40 30000000 32000000 33000000 34000000  0...2...3...4...
 4b50 34000000 34000000 2e000000 20000000  4...4....... ...
 4b60 14000000 11000000 1b000000 2b000000  ............+...
 4b70 36000000 39000000 39000000 38000000  6...9...9...8...
 4b80 35000000 2b000000 1e000000 14000000  5...+...........
 4b90 15000000 20000000 2b000000 31000000  .... ...+...1...
 4ba0 32000000 30000000 2c000000 25000000  2...0...,...%...
 4bb0 1f000000 1d000000 1e000000 1f000000  ................
 4bc0 20000000 20000000 21000000 23000000   ... ...!...#...
 4bd0 28000000 24000000 18000000 10000000  (...$...........
 4be0 15000000 25000000 33000000 39000000  ....%...3...9...
 4bf0 38000000 37000000 33000000 28000000  8...7...3...(...
 4c00 1a000000 13000000 18000000 24000000  ............$...
 4c10 2d000000 30000000 2c000000 28000000  -...0...,...(...
 4c20 22000000 1a000000 12000000 0f000000  "...............
 4c30 10000000 12000000 12000000 13000000  ................
 4c40 13000000 17000000 21000000 26000000  ........!...&...
 4c50 1e000000 12000000 13000000 21000000  ............!...
 4c60 30000000 38000000 38000000 37000000  0...8...8...7...
 4c70 32000000 26000000 17000000 13000000  2...&...........
 4c80 1a000000 26000000 2d000000 2e000000  ....&...-.......
 4c90 27000000 20000000 1a000000 12000000  '... ...........
 4ca0 0a000000 06000000 07000000 07000000  ................
 4cb0 07000000 07000000 07000000 0b000000  ................
 4cc0 18000000 24000000 20000000 14000000  ....$... .......
 4cd0 12000000 1e000000 2e000000 37000000  ............7...
 4ce0 38000000 37000000 31000000 24000000  8...7...1...$...
 4cf0 16000000 13000000 1b000000 24000000  ............$...
 4d00 26000000 21000000 1a000000 16000000  &...!...........
 4d10 15000000 10000000 09000000 06000000  ................
 4d20 06000000 07000000 07000000 07000000  ................
 4d30 07000000 0b000000 18000000 24000000  ............$...
 4d40 21000000 16000000 12000000 1d000000  !...............
 4d50 2d000000 37000000 38000000 37000000  -...7...8...7...
 4d60 31000000 24000000 15000000 12000000  1...$...........
 4d70 1b000000 22000000 20000000 1b000000  ...."... .......
 4d80 18000000 17000000 15000000 14000000  ................
 4d90 11000000 10000000 0f000000 10000000  ................
 4da0 10000000 0e000000 0d000000 10000000  ................
 4db0 1b000000 25000000 22000000 16000000  ....%...".......
 4dc0 12000000 1d000000 2d000000 36000000  ........-...6...
 4dd0 38000000 37000000 31000000 25000000  8...7...1...%...
 4de0 16000000 12000000 1a000000 22000000  ............"...
 4df0 1f000000 14000000 10000000 11000000  ................
 4e00 14000000 14000000 11000000 0f000000  ................
 4e10 0f000000 0f000000 0f000000 0e000000  ................
 4e20 0e000000 12000000 1c000000 25000000  ............%...
 4e30 21000000 15000000 13000000 1e000000  !...............
 4e40 2e000000 37000000 38000000 37000000  ....7...8...7...
 4e50 33000000 27000000 18000000 11000000  3...'...........
 4e60 18000000 23000000 24000000 1c000000  ....#...$.......
 4e70 1a000000 1f000000 22000000 24000000  ........"...$...
 4e80 25000000 25000000 23000000 1f000000  %...%...#.......
 4e90 19000000 17000000 1a000000 20000000  ............ ...
 4ea0 26000000 26000000 1e000000 14000000  &...&...........
 4eb0 15000000 21000000 2f000000 37000000  ....!.../...7...
 4ec0 37000000 37000000 34000000 2a000000  7...7...4...*...
 4ed0 1a000000 11000000 15000000 22000000  ............"...
 4ee0 2b000000 29000000 27000000 2a000000  +...)...'...*...
 4ef0 2c000000 2d000000 2c000000 2a000000  ,...-...,...*...
 4f00 29000000 26000000 22000000 22000000  )...&..."..."...
 4f10 25000000 2a000000 28000000 23000000  %...*...(...#...
 4f20 1a000000 12000000 17000000 24000000  ............$...
 4f30 32000000 38000000 37000000 37000000  2...8...7...7...
 4f40 36000000 2e000000 1f000000 13000000  6...............
 4f50 12000000 1c000000 2a000000 31000000  ........*...1...
 4f60 31000000 33000000 36000000 38000000  1...3...6...8...
 4f70 39000000 38000000 38000000 35000000  9...8...8...5...
 4f80 30000000 2d000000 2e000000 30000000  0...-.......0...
 4f90 2b000000 20000000 16000000 13000000  +... ...........
 4fa0 1c000000 2a000000 34000000 38000000  ....*...4...8...
 4fb0 37000000 37000000 36000000 32000000  7...7...6...2...
 4fc0 25000000 16000000 10000000 15000000  %...............
 4fd0 23000000 31000000 37000000 39000000  #...1...7...9...
 4fe0 39000000 39000000 39000000 39000000  9...9...9...9...
 4ff0 39000000 39000000 38000000 37000000  9...9...8...7...
 5000 34000000 2f000000 25000000 1a000000  4.../...%.......
 5010 14000000 16000000 21000000 2f000000  ........!.../...
 5020 36000000 38000000 38000000 37000000  6...8...8...7...
 5030 37000000 34000000 2c000000 1d000000  7...4...,.......
 5040 12000000 10000000 17000000 25000000  ............%...
 5050 31000000 36000000 38000000 38000000  1...6...8...8...
 5060 39000000 39000000 39000000 39000000  9...9...9...9...
 5070 38000000 36000000 30000000 26000000  8...6...0...&...
 5080 1c000000 14000000 14000000 1c000000  ................
 5090 28000000 32000000 37000000 39000000  (...2...7...9...
 50a0 38000000 38000000 37000000 36000000  8...8...7...6...
 50b0 32000000 27000000 19000000 11000000  2...'...........
 50c0 10000000 17000000 22000000 2b000000  ........"...+...
 50d0 32000000 37000000 39000000 39000000  2...7...9...9...
 50e0 39000000 37000000 32000000 2b000000  9...7...2...+...
 50f0 23000000 1b000000 15000000 13000000  #...............
 5100 19000000 25000000 2f000000 36000000  ....%.../...6...
 5110 38000000 39000000 38000000 38000000  8...9...8...8...
 5120 37000000 37000000 34000000 2f000000  7...7...4.../...
 5130 23000000 17000000 11000000 0f000000  #...............
 5140 14000000 1d000000 24000000 27000000  ........$...'...
 5150 2a000000 2a000000 2a000000 27000000  *...*...*...'...
 5160 23000000 1e000000 19000000 14000000  #...............
 5170 14000000 1a000000 24000000 2d000000  ........$...-...
 5180 34000000 38000000 39000000 39000000  4...8...9...9...
 5190 37000000 37000000 37000000 37000000  7...7...7...7...
 51a0 36000000 33000000 2e000000 24000000  6...3.......$...
 51b0 19000000 12000000 0e000000 10000000  ................
 51c0 15000000 1b000000 1e000000 1e000000  ................
 51d0 1e000000 1c000000 1a000000 15000000  ................
 51e0 12000000 14000000 1b000000 24000000  ............$...
 51f0 2c000000 33000000 37000000 39000000  ,...3...7...9...
 5200 39000000 39000000 37000000 37000000  9...9...7...7...
 5210 37000000 36000000 36000000 34000000  7...6...6...4...
 5220 33000000 2f000000 28000000 1f000000  3.../...(.......
 5230 17000000 12000000 0f000000 0f000000  ................
 5240 10000000 11000000 11000000 11000000  ................
 5250 11000000 13000000 18000000 1f000000  ................
 5260 27000000 2e000000 33000000 37000000  '.......3...7...
 5270 39000000 39000000 39000000 39000000  9...9...9...9...
 5280 37000000 37000000 37000000 37000000  7...7...7...7...
 5290 36000000 35000000 35000000 35000000  6...5...5...5...
 52a0 33000000 2c000000 24000000 1f000000  3...,...$.......
 52b0 1b000000 19000000 17000000 16000000  ................
 52c0 17000000 19000000 1c000000 20000000  ............ ...
 52d0 25000000 2a000000 2f000000 34000000  %...*.../...4...
 52e0 37000000 39000000 39000000 39000000  7...9...9...9...
 52f0 39000000 39000000 37000000 37000000  9...9...7...7...
 5300 37000000 37000000 36000000 36000000  7...7...6...6...
 5310 35000000 36000000 37000000 36000000  5...6...7...6...
 5320 32000000 2d000000 28000000 25000000  2...-...(...%...
 5330 24000000 24000000 24000000 25000000  $...$...$...%...
 5340 28000000 2b000000 2f000000 33000000  (...+.../...3...
 5350 36000000 38000000 39000000 39000000  6...8...9...9...
 5360 39000000 39000000 39000000 39000000  9...9...9...9...
 5370 37000000 37000000 37000000 37000000  7...7...7...7...
 5380 36000000 35000000 36000000 37000000  6...5...6...7...
 5390 37000000 37000000 37000000 36000000  7...7...7...6...
 53a0 34000000 32000000 31000000 30000000  4...2...1...0...
 53b0 30000000 31000000 33000000 35000000  0...1...3...5...
 53c0 37000000 38000000 38000000 39000000  7...8...8...9...
 53d0 39000000 39000000 39000000 38000000  9...9...9...8...
 53e0 38000000 38000000 37000000 37000000  8...8...7...7...
 53f0 37000000 37000000 36000000 35000000  7...7...6...5...
 5400 36000000 37000000 37000000 38000000  6...7...7...8...
 5410 38000000 37000000 37000000 37000000  8...7...7...7...
 5420 38000000 38000000 38000000 38000000  8...8...8...8...
 5430 38000000 38000000 39000000 39000000  8...8...9...9...
 5440 38000000 38000000 39000000 39000000  8...8...9...9...
 5450 38000000 38000000 38000000 38000000  8...8...8...8...
